Analysis & Synthesis report for Design2
Mon Oct 07 00:50:20 2019
Quartus Prime Version 18.1.0 Build 625 09/12/2018 SJ Lite Edition


---------------------
; Table of Contents ;
---------------------
  1. Legal Notice
  2. Analysis & Synthesis Summary
  3. Analysis & Synthesis Settings
  4. Parallel Compilation
  5. Analysis & Synthesis Source Files Read
  6. Analysis & Synthesis Resource Usage Summary
  7. Analysis & Synthesis Resource Utilization by Entity
  8. General Register Statistics
  9. Port Connectivity Checks: "sevensegcall2:U4"
 10. Port Connectivity Checks: "fullAdder:U3"
 11. Port Connectivity Checks: "fullAdder:U2"
 12. Port Connectivity Checks: "fullAdder:U1"
 13. Port Connectivity Checks: "fullAdder:U0"
 14. Post-Synthesis Netlist Statistics for Top Partition
 15. Elapsed Time Per Partition
 16. Analysis & Synthesis Messages



----------------
; Legal Notice ;
----------------
Copyright (C) 2018  Intel Corporation. All rights reserved.
Your use of Intel Corporation's design tools, logic functions 
and other software and tools, and its AMPP partner logic 
functions, and any output files from any of the foregoing 
(including device programming or simulation files), and any 
associated documentation or information are expressly subject 
to the terms and conditions of the Intel Program License 
Subscription Agreement, the Intel Quartus Prime License Agreement,
the Intel FPGA IP License Agreement, or other applicable license
agreement, including, without limitation, that your use is for
the sole purpose of programming logic devices manufactured by
Intel and sold by Intel or its authorized distributors.  Please
refer to the applicable agreement for further details.



+----------------------------------------------------------------------------------+
; Analysis & Synthesis Summary                                                     ;
+------------------------------------+---------------------------------------------+
; Analysis & Synthesis Status        ; Successful - Mon Oct 07 00:50:20 2019       ;
; Quartus Prime Version              ; 18.1.0 Build 625 09/12/2018 SJ Lite Edition ;
; Revision Name                      ; Design2                                     ;
; Top-level Entity Name              ; Design2_top                                 ;
; Family                             ; MAX 10                                      ;
; Total logic elements               ; 3                                           ;
;     Total combinational functions  ; 3                                           ;
;     Dedicated logic registers      ; 0                                           ;
; Total registers                    ; 0                                           ;
; Total pins                         ; 73                                          ;
; Total virtual pins                 ; 0                                           ;
; Total memory bits                  ; 0                                           ;
; Embedded Multiplier 9-bit elements ; 0                                           ;
; Total PLLs                         ; 0                                           ;
; UFM blocks                         ; 0                                           ;
; ADC blocks                         ; 0                                           ;
+------------------------------------+---------------------------------------------+


+------------------------------------------------------------------------------------------------------------+
; Analysis & Synthesis Settings                                                                              ;
+------------------------------------------------------------------+--------------------+--------------------+
; Option                                                           ; Setting            ; Default Value      ;
+------------------------------------------------------------------+--------------------+--------------------+
; Device                                                           ; 10M50DAF484C7G     ;                    ;
; Top-level entity name                                            ; Design2_top        ; Design2            ;
; Family name                                                      ; MAX 10 FPGA        ; Cyclone V          ;
; Use smart compilation                                            ; Off                ; Off                ;
; Enable parallel Assembler and Timing Analyzer during compilation ; On                 ; On                 ;
; Enable compact report table                                      ; Off                ; Off                ;
; Restructure Multiplexers                                         ; Auto               ; Auto               ;
; Create Debugging Nodes for IP Cores                              ; Off                ; Off                ;
; Preserve fewer node names                                        ; On                 ; On                 ;
; Intel FPGA IP Evaluation Mode                                    ; Enable             ; Enable             ;
; Verilog Version                                                  ; Verilog_2001       ; Verilog_2001       ;
; VHDL Version                                                     ; VHDL_1993          ; VHDL_1993          ;
; State Machine Processing                                         ; Auto               ; Auto               ;
; Safe State Machine                                               ; Off                ; Off                ;
; Extract Verilog State Machines                                   ; On                 ; On                 ;
; Extract VHDL State Machines                                      ; On                 ; On                 ;
; Ignore Verilog initial constructs                                ; Off                ; Off                ;
; Iteration limit for constant Verilog loops                       ; 5000               ; 5000               ;
; Iteration limit for non-constant Verilog loops                   ; 250                ; 250                ;
; Add Pass-Through Logic to Inferred RAMs                          ; On                 ; On                 ;
; Infer RAMs from Raw Logic                                        ; On                 ; On                 ;
; Parallel Synthesis                                               ; On                 ; On                 ;
; DSP Block Balancing                                              ; Auto               ; Auto               ;
; NOT Gate Push-Back                                               ; On                 ; On                 ;
; Power-Up Don't Care                                              ; On                 ; On                 ;
; Remove Redundant Logic Cells                                     ; Off                ; Off                ;
; Remove Duplicate Registers                                       ; On                 ; On                 ;
; Ignore CARRY Buffers                                             ; Off                ; Off                ;
; Ignore CASCADE Buffers                                           ; Off                ; Off                ;
; Ignore GLOBAL Buffers                                            ; Off                ; Off                ;
; Ignore ROW GLOBAL Buffers                                        ; Off                ; Off                ;
; Ignore LCELL Buffers                                             ; Off                ; Off                ;
; Ignore SOFT Buffers                                              ; On                 ; On                 ;
; Limit AHDL Integers to 32 Bits                                   ; Off                ; Off                ;
; Optimization Technique                                           ; Balanced           ; Balanced           ;
; Carry Chain Length                                               ; 70                 ; 70                 ;
; Auto Carry Chains                                                ; On                 ; On                 ;
; Auto Open-Drain Pins                                             ; On                 ; On                 ;
; Perform WYSIWYG Primitive Resynthesis                            ; Off                ; Off                ;
; Auto ROM Replacement                                             ; On                 ; On                 ;
; Auto RAM Replacement                                             ; On                 ; On                 ;
; Auto DSP Block Replacement                                       ; On                 ; On                 ;
; Auto Shift Register Replacement                                  ; Auto               ; Auto               ;
; Allow Shift Register Merging across Hierarchies                  ; Auto               ; Auto               ;
; Auto Clock Enable Replacement                                    ; On                 ; On                 ;
; Strict RAM Replacement                                           ; Off                ; Off                ;
; Allow Synchronous Control Signals                                ; On                 ; On                 ;
; Force Use of Synchronous Clear Signals                           ; Off                ; Off                ;
; Auto RAM Block Balancing                                         ; On                 ; On                 ;
; Auto RAM to Logic Cell Conversion                                ; Off                ; Off                ;
; Auto Resource Sharing                                            ; Off                ; Off                ;
; Allow Any RAM Size For Recognition                               ; Off                ; Off                ;
; Allow Any ROM Size For Recognition                               ; Off                ; Off                ;
; Allow Any Shift Register Size For Recognition                    ; Off                ; Off                ;
; Use LogicLock Constraints during Resource Balancing              ; On                 ; On                 ;
; Ignore translate_off and synthesis_off directives                ; Off                ; Off                ;
; Timing-Driven Synthesis                                          ; On                 ; On                 ;
; Report Parameter Settings                                        ; On                 ; On                 ;
; Report Source Assignments                                        ; On                 ; On                 ;
; Report Connectivity Checks                                       ; On                 ; On                 ;
; Ignore Maximum Fan-Out Assignments                               ; Off                ; Off                ;
; Synchronization Register Chain Length                            ; 2                  ; 2                  ;
; Power Optimization During Synthesis                              ; Normal compilation ; Normal compilation ;
; HDL message level                                                ; Level2             ; Level2             ;
; Suppress Register Optimization Related Messages                  ; Off                ; Off                ;
; Number of Removed Registers Reported in Synthesis Report         ; 5000               ; 5000               ;
; Number of Swept Nodes Reported in Synthesis Report               ; 5000               ; 5000               ;
; Number of Inverted Registers Reported in Synthesis Report        ; 100                ; 100                ;
; Clock MUX Protection                                             ; On                 ; On                 ;
; Auto Gated Clock Conversion                                      ; Off                ; Off                ;
; Block Design Naming                                              ; Auto               ; Auto               ;
; SDC constraint protection                                        ; Off                ; Off                ;
; Synthesis Effort                                                 ; Auto               ; Auto               ;
; Shift Register Replacement - Allow Asynchronous Clear Signal     ; On                 ; On                 ;
; Pre-Mapping Resynthesis Optimization                             ; Off                ; Off                ;
; Analysis & Synthesis Message Level                               ; Medium             ; Medium             ;
; Disable Register Merging Across Hierarchies                      ; Auto               ; Auto               ;
; Resource Aware Inference For Block RAM                           ; On                 ; On                 ;
+------------------------------------------------------------------+--------------------+--------------------+


+------------------------------------------+
; Parallel Compilation                     ;
+----------------------------+-------------+
; Processors                 ; Number      ;
+----------------------------+-------------+
; Number detected on machine ; 12          ;
; Maximum allowed            ; 6           ;
;                            ;             ;
; Average used               ; 1.00        ;
; Maximum used               ; 1           ;
;                            ;             ;
; Usage by Processor         ; % Time Used ;
;     Processor 1            ; 100.0%      ;
+----------------------------+-------------+


+------------------------------------------------------------------------------------------------------------------------------------------------------------+
; Analysis & Synthesis Source Files Read                                                                                                                     ;
+----------------------------------+-----------------+------------------------+--------------------------------------------------------------------+---------+
; File Name with User-Entered Path ; Used in Netlist ; File Type              ; File Name with Absolute Path                                       ; Library ;
+----------------------------------+-----------------+------------------------+--------------------------------------------------------------------+---------+
; ../Source/sevensegcall2.v        ; yes             ; User Verilog HDL File  ; D:/DigitalLogic/ECEN_2350/Lab1/DesignBlock2/Source/sevensegcall2.v ;         ;
; ../Source/sevenseg.v             ; yes             ; User Verilog HDL File  ; D:/DigitalLogic/ECEN_2350/Lab1/DesignBlock2/Source/sevenseg.v      ;         ;
; ../Source/fullAdder.v            ; yes             ; User Verilog HDL File  ; D:/DigitalLogic/ECEN_2350/Lab1/DesignBlock2/Source/fullAdder.v     ;         ;
; ../Source/Design2_top.v          ; yes             ; User Verilog HDL File  ; D:/DigitalLogic/ECEN_2350/Lab1/DesignBlock2/Source/Design2_top.v   ;         ;
+----------------------------------+-----------------+------------------------+--------------------------------------------------------------------+---------+


+------------------------------------------------------------+
; Analysis & Synthesis Resource Usage Summary                ;
+---------------------------------------------+--------------+
; Resource                                    ; Usage        ;
+---------------------------------------------+--------------+
; Estimated Total logic elements              ; 3            ;
;                                             ;              ;
; Total combinational functions               ; 3            ;
; Logic element usage by number of LUT inputs ;              ;
;     -- 4 input functions                    ; 0            ;
;     -- 3 input functions                    ; 0            ;
;     -- <=2 input functions                  ; 3            ;
;                                             ;              ;
; Logic elements by mode                      ;              ;
;     -- normal mode                          ; 3            ;
;     -- arithmetic mode                      ; 0            ;
;                                             ;              ;
; Total registers                             ; 0            ;
;     -- Dedicated logic registers            ; 0            ;
;     -- I/O registers                        ; 0            ;
;                                             ;              ;
; I/O pins                                    ; 73           ;
;                                             ;              ;
; Embedded Multiplier 9-bit elements          ; 0            ;
;                                             ;              ;
; Maximum fan-out node                        ; KEY[0]~input ;
; Maximum fan-out                             ; 7            ;
; Total fan-out                               ; 93           ;
; Average fan-out                             ; 0.62         ;
+---------------------------------------------+--------------+


+------------------------------------------------------------------------------------------------------------------------------------------------------------------------------------------------------------------------------------------------+
; Analysis & Synthesis Resource Utilization by Entity                                                                                                                                                                                            ;
+----------------------------+---------------------+---------------------------+-------------+------------+--------------+---------+-----------+------+--------------+------------+-------------------------------+---------------+--------------+
; Compilation Hierarchy Node ; Combinational ALUTs ; Dedicated Logic Registers ; Memory Bits ; UFM Blocks ; DSP Elements ; DSP 9x9 ; DSP 18x18 ; Pins ; Virtual Pins ; ADC blocks ; Full Hierarchy Name           ; Entity Name   ; Library Name ;
+----------------------------+---------------------+---------------------------+-------------+------------+--------------+---------+-----------+------+--------------+------------+-------------------------------+---------------+--------------+
; |Design2_top               ; 3 (0)               ; 0 (0)                     ; 0           ; 0          ; 0            ; 0       ; 0         ; 73   ; 0            ; 0          ; |Design2_top                  ; Design2_top   ; work         ;
;    |fullAdder:U3|          ; 2 (2)               ; 0 (0)                     ; 0           ; 0          ; 0            ; 0       ; 0         ; 0    ; 0            ; 0          ; |Design2_top|fullAdder:U3     ; fullAdder     ; work         ;
;    |sevensegcall2:U4|      ; 1 (1)               ; 0 (0)                     ; 0           ; 0          ; 0            ; 0       ; 0         ; 0    ; 0            ; 0          ; |Design2_top|sevensegcall2:U4 ; sevensegcall2 ; work         ;
+----------------------------+---------------------+---------------------------+-------------+------------+--------------+---------+-----------+------+--------------+------------+-------------------------------+---------------+--------------+
Note: For table entries with two numbers listed, the numbers in parentheses indicate the number of resources of the given type used by the specific entity alone. The numbers listed outside of parentheses indicate the total resources of the given type used by the specific entity and all of its sub-entities in the hierarchy.


+------------------------------------------------------+
; General Register Statistics                          ;
+----------------------------------------------+-------+
; Statistic                                    ; Value ;
+----------------------------------------------+-------+
; Total registers                              ; 0     ;
; Number of registers using Synchronous Clear  ; 0     ;
; Number of registers using Synchronous Load   ; 0     ;
; Number of registers using Asynchronous Clear ; 0     ;
; Number of registers using Asynchronous Load  ; 0     ;
; Number of registers using Clock Enable       ; 0     ;
; Number of registers using Preset             ; 0     ;
+----------------------------------------------+-------+


+----------------------------------------------------------------------------------------------------------------------------------------------------------------------------+
; Port Connectivity Checks: "sevensegcall2:U4"                                                                                                                               ;
+--------+-------+----------+------------------------------------------------------------------------------------------------------------------------------------------------+
; Port   ; Type  ; Severity ; Details                                                                                                                                        ;
+--------+-------+----------+------------------------------------------------------------------------------------------------------------------------------------------------+
; input1 ; Input ; Warning  ; Input port expression (1 bits) is smaller than the input port (4 bits) it drives.  Extra input bit(s) "input1[3..1]" will be connected to GND. ;
; input2 ; Input ; Warning  ; Input port expression (1 bits) is smaller than the input port (4 bits) it drives.  Extra input bit(s) "input2[3..1]" will be connected to GND. ;
+--------+-------+----------+------------------------------------------------------------------------------------------------------------------------------------------------+


+------------------------------------------+
; Port Connectivity Checks: "fullAdder:U3" ;
+--------+-------+----------+--------------+
; Port   ; Type  ; Severity ; Details      ;
+--------+-------+----------+--------------+
; inputx ; Input ; Info     ; Stuck at GND ;
+--------+-------+----------+--------------+


+------------------------------------------+
; Port Connectivity Checks: "fullAdder:U2" ;
+--------+-------+----------+--------------+
; Port   ; Type  ; Severity ; Details      ;
+--------+-------+----------+--------------+
; inputx ; Input ; Info     ; Stuck at GND ;
+--------+-------+----------+--------------+


+------------------------------------------+
; Port Connectivity Checks: "fullAdder:U1" ;
+--------+-------+----------+--------------+
; Port   ; Type  ; Severity ; Details      ;
+--------+-------+----------+--------------+
; inputx ; Input ; Info     ; Stuck at GND ;
+--------+-------+----------+--------------+


+------------------------------------------+
; Port Connectivity Checks: "fullAdder:U0" ;
+--------+-------+----------+--------------+
; Port   ; Type  ; Severity ; Details      ;
+--------+-------+----------+--------------+
; inputx ; Input ; Info     ; Stuck at GND ;
+--------+-------+----------+--------------+


+-----------------------------------------------------+
; Post-Synthesis Netlist Statistics for Top Partition ;
+-----------------------+-----------------------------+
; Type                  ; Count                       ;
+-----------------------+-----------------------------+
; boundary_port         ; 73                          ;
; cycloneiii_lcell_comb ; 8                           ;
;     normal            ; 8                           ;
;         0 data inputs ; 2                           ;
;         1 data inputs ; 3                           ;
;         2 data inputs ; 3                           ;
;                       ;                             ;
; Max LUT depth         ; 2.00                        ;
; Average LUT depth     ; 1.40                        ;
+-----------------------+-----------------------------+


+-------------------------------+
; Elapsed Time Per Partition    ;
+----------------+--------------+
; Partition Name ; Elapsed Time ;
+----------------+--------------+
; Top            ; 00:00:00     ;
+----------------+--------------+


+-------------------------------+
; Analysis & Synthesis Messages ;
+-------------------------------+
Info: *******************************************************************
Info: Running Quartus Prime Analysis & Synthesis
    Info: Version 18.1.0 Build 625 09/12/2018 SJ Lite Edition
    Info: Processing started: Mon Oct 07 00:50:11 2019
Info: Command: quartus_map --read_settings_files=on --write_settings_files=off Design2 -c Design2
Warning (18236): Number of processors has not been specified which may cause overloading on shared machines.  Set the global assignment NUM_PARALLEL_PROCESSORS in your QSF to an appropriate value for best performance.
Info (20030): Parallel compilation is enabled and will use 6 of the 6 processors detected
Warning (10463): Verilog HDL Declaration warning at sevensegcall2.v(18): "var" is SystemVerilog-2005 keyword File: D:/DigitalLogic/ECEN_2350/Lab1/DesignBlock2/Source/sevensegcall2.v Line: 18
Info (12021): Found 1 design units, including 1 entities, in source file /digitallogic/ecen_2350/lab1/designblock2/source/sevensegcall2.v
    Info (12023): Found entity 1: sevensegcall2 File: D:/DigitalLogic/ECEN_2350/Lab1/DesignBlock2/Source/sevensegcall2.v Line: 1
Info (12021): Found 1 design units, including 1 entities, in source file /digitallogic/ecen_2350/lab1/designblock2/source/sevenseg.v
    Info (12023): Found entity 1: sevenseg File: D:/DigitalLogic/ECEN_2350/Lab1/DesignBlock2/Source/sevenseg.v Line: 1
Info (12021): Found 1 design units, including 1 entities, in source file /digitallogic/ecen_2350/lab1/designblock2/source/fulladder.v
    Info (12023): Found entity 1: fullAdder File: D:/DigitalLogic/ECEN_2350/Lab1/DesignBlock2/Source/fullAdder.v Line: 1
Info (12021): Found 1 design units, including 1 entities, in source file /digitallogic/ecen_2350/lab1/designblock2/source/design2_top.v
    Info (12023): Found entity 1: Design2_top File: D:/DigitalLogic/ECEN_2350/Lab1/DesignBlock2/Source/Design2_top.v Line: 1
Warning (10236): Verilog HDL Implicit Net warning at Design2_top.v(29): created implicit net for "carry" File: D:/DigitalLogic/ECEN_2350/Lab1/DesignBlock2/Source/Design2_top.v Line: 29
Warning (10236): Verilog HDL Implicit Net warning at Design2_top.v(47): created implicit net for "input1" File: D:/DigitalLogic/ECEN_2350/Lab1/DesignBlock2/Source/Design2_top.v Line: 47
Warning (10236): Verilog HDL Implicit Net warning at Design2_top.v(47): created implicit net for "input2" File: D:/DigitalLogic/ECEN_2350/Lab1/DesignBlock2/Source/Design2_top.v Line: 47
Info (12127): Elaborating entity "Design2_top" for the top level hierarchy
Warning (10036): Verilog HDL or VHDL warning at Design2_top.v(29): object "carry" assigned a value but never read File: D:/DigitalLogic/ECEN_2350/Lab1/DesignBlock2/Source/Design2_top.v Line: 29
Warning (10030): Net "SW" at Design2_top.v(10) has no driver or initial value, using a default initial value '0' File: D:/DigitalLogic/ECEN_2350/Lab1/DesignBlock2/Source/Design2_top.v Line: 10
Info (12128): Elaborating entity "fullAdder" for hierarchy "fullAdder:U0" File: D:/DigitalLogic/ECEN_2350/Lab1/DesignBlock2/Source/Design2_top.v Line: 43
Info (12128): Elaborating entity "sevensegcall2" for hierarchy "sevensegcall2:U4" File: D:/DigitalLogic/ECEN_2350/Lab1/DesignBlock2/Source/Design2_top.v Line: 47
Warning (10240): Verilog HDL Always Construct warning at sevensegcall2.v(27): inferring latch(es) for variable "val5", which holds its previous value in one or more paths through the always construct File: D:/DigitalLogic/ECEN_2350/Lab1/DesignBlock2/Source/sevensegcall2.v Line: 27
Warning (10240): Verilog HDL Always Construct warning at sevensegcall2.v(27): inferring latch(es) for variable "val4", which holds its previous value in one or more paths through the always construct File: D:/DigitalLogic/ECEN_2350/Lab1/DesignBlock2/Source/sevensegcall2.v Line: 27
Warning (10240): Verilog HDL Always Construct warning at sevensegcall2.v(41): inferring latch(es) for variable "val3", which holds its previous value in one or more paths through the always construct File: D:/DigitalLogic/ECEN_2350/Lab1/DesignBlock2/Source/sevensegcall2.v Line: 41
Warning (10240): Verilog HDL Always Construct warning at sevensegcall2.v(41): inferring latch(es) for variable "val2", which holds its previous value in one or more paths through the always construct File: D:/DigitalLogic/ECEN_2350/Lab1/DesignBlock2/Source/sevensegcall2.v Line: 41
Warning (10240): Verilog HDL Always Construct warning at sevensegcall2.v(55): inferring latch(es) for variable "val1", which holds its previous value in one or more paths through the always construct File: D:/DigitalLogic/ECEN_2350/Lab1/DesignBlock2/Source/sevensegcall2.v Line: 55
Warning (10240): Verilog HDL Always Construct warning at sevensegcall2.v(55): inferring latch(es) for variable "val0", which holds its previous value in one or more paths through the always construct File: D:/DigitalLogic/ECEN_2350/Lab1/DesignBlock2/Source/sevensegcall2.v Line: 55
Info (10041): Inferred latch for "val0[0]" at sevensegcall2.v(67) File: D:/DigitalLogic/ECEN_2350/Lab1/DesignBlock2/Source/sevensegcall2.v Line: 67
Info (10041): Inferred latch for "val0[1]" at sevensegcall2.v(67) File: D:/DigitalLogic/ECEN_2350/Lab1/DesignBlock2/Source/sevensegcall2.v Line: 67
Info (10041): Inferred latch for "val0[2]" at sevensegcall2.v(67) File: D:/DigitalLogic/ECEN_2350/Lab1/DesignBlock2/Source/sevensegcall2.v Line: 67
Info (10041): Inferred latch for "val0[3]" at sevensegcall2.v(67) File: D:/DigitalLogic/ECEN_2350/Lab1/DesignBlock2/Source/sevensegcall2.v Line: 67
Info (10041): Inferred latch for "val1[0]" at sevensegcall2.v(67) File: D:/DigitalLogic/ECEN_2350/Lab1/DesignBlock2/Source/sevensegcall2.v Line: 67
Info (10041): Inferred latch for "val1[1]" at sevensegcall2.v(67) File: D:/DigitalLogic/ECEN_2350/Lab1/DesignBlock2/Source/sevensegcall2.v Line: 67
Info (10041): Inferred latch for "val1[2]" at sevensegcall2.v(67) File: D:/DigitalLogic/ECEN_2350/Lab1/DesignBlock2/Source/sevensegcall2.v Line: 67
Info (10041): Inferred latch for "val1[3]" at sevensegcall2.v(67) File: D:/DigitalLogic/ECEN_2350/Lab1/DesignBlock2/Source/sevensegcall2.v Line: 67
Info (12128): Elaborating entity "sevenseg" for hierarchy "sevensegcall2:U4|sevenseg:a0" File: D:/DigitalLogic/ECEN_2350/Lab1/DesignBlock2/Source/sevensegcall2.v Line: 74
Warning (14026): LATCH primitive "sevensegcall2:U4|val0[0]" is permanently enabled File: D:/DigitalLogic/ECEN_2350/Lab1/DesignBlock2/Source/sevensegcall2.v Line: 67
Warning (14026): LATCH primitive "sevensegcall2:U4|val0[1]" is permanently enabled File: D:/DigitalLogic/ECEN_2350/Lab1/DesignBlock2/Source/sevensegcall2.v Line: 67
Warning (14026): LATCH primitive "sevensegcall2:U4|val0[2]" is permanently enabled File: D:/DigitalLogic/ECEN_2350/Lab1/DesignBlock2/Source/sevensegcall2.v Line: 67
Warning (14026): LATCH primitive "sevensegcall2:U4|val0[3]" is permanently enabled File: D:/DigitalLogic/ECEN_2350/Lab1/DesignBlock2/Source/sevensegcall2.v Line: 67
Warning (12241): 1 hierarchies have connectivity warnings - see the Connectivity Checks report folder
Warning (13024): Output pins are stuck at VCC or GND
    Warning (13410): Pin "SW[0]" is stuck at GND File: D:/DigitalLogic/ECEN_2350/Lab1/DesignBlock2/Source/Design2_top.v Line: 10
    Warning (13410): Pin "SW[1]" is stuck at GND File: D:/DigitalLogic/ECEN_2350/Lab1/DesignBlock2/Source/Design2_top.v Line: 10
    Warning (13410): Pin "SW[2]" is stuck at GND File: D:/DigitalLogic/ECEN_2350/Lab1/DesignBlock2/Source/Design2_top.v Line: 10
    Warning (13410): Pin "SW[3]" is stuck at GND File: D:/DigitalLogic/ECEN_2350/Lab1/DesignBlock2/Source/Design2_top.v Line: 10
    Warning (13410): Pin "SW[4]" is stuck at GND File: D:/DigitalLogic/ECEN_2350/Lab1/DesignBlock2/Source/Design2_top.v Line: 10
    Warning (13410): Pin "SW[5]" is stuck at GND File: D:/DigitalLogic/ECEN_2350/Lab1/DesignBlock2/Source/Design2_top.v Line: 10
    Warning (13410): Pin "SW[6]" is stuck at GND File: D:/DigitalLogic/ECEN_2350/Lab1/DesignBlock2/Source/Design2_top.v Line: 10
    Warning (13410): Pin "SW[7]" is stuck at GND File: D:/DigitalLogic/ECEN_2350/Lab1/DesignBlock2/Source/Design2_top.v Line: 10
    Warning (13410): Pin "HEX5[0]" is stuck at VCC File: D:/DigitalLogic/ECEN_2350/Lab1/DesignBlock2/Source/Design2_top.v Line: 3
    Warning (13410): Pin "HEX5[1]" is stuck at VCC File: D:/DigitalLogic/ECEN_2350/Lab1/DesignBlock2/Source/Design2_top.v Line: 3
    Warning (13410): Pin "HEX5[2]" is stuck at VCC File: D:/DigitalLogic/ECEN_2350/Lab1/DesignBlock2/Source/Design2_top.v Line: 3
    Warning (13410): Pin "HEX5[3]" is stuck at VCC File: D:/DigitalLogic/ECEN_2350/Lab1/DesignBlock2/Source/Design2_top.v Line: 3
    Warning (13410): Pin "HEX5[4]" is stuck at VCC File: D:/DigitalLogic/ECEN_2350/Lab1/DesignBlock2/Source/Design2_top.v Line: 3
    Warning (13410): Pin "HEX5[5]" is stuck at VCC File: D:/DigitalLogic/ECEN_2350/Lab1/DesignBlock2/Source/Design2_top.v Line: 3
    Warning (13410): Pin "HEX5[6]" is stuck at VCC File: D:/DigitalLogic/ECEN_2350/Lab1/DesignBlock2/Source/Design2_top.v Line: 3
    Warning (13410): Pin "HEX5[7]" is stuck at VCC File: D:/DigitalLogic/ECEN_2350/Lab1/DesignBlock2/Source/Design2_top.v Line: 3
    Warning (13410): Pin "HEX4[0]" is stuck at GND File: D:/DigitalLogic/ECEN_2350/Lab1/DesignBlock2/Source/Design2_top.v Line: 4
    Warning (13410): Pin "HEX4[1]" is stuck at GND File: D:/DigitalLogic/ECEN_2350/Lab1/DesignBlock2/Source/Design2_top.v Line: 4
    Warning (13410): Pin "HEX4[2]" is stuck at GND File: D:/DigitalLogic/ECEN_2350/Lab1/DesignBlock2/Source/Design2_top.v Line: 4
    Warning (13410): Pin "HEX4[3]" is stuck at GND File: D:/DigitalLogic/ECEN_2350/Lab1/DesignBlock2/Source/Design2_top.v Line: 4
    Warning (13410): Pin "HEX4[4]" is stuck at GND File: D:/DigitalLogic/ECEN_2350/Lab1/DesignBlock2/Source/Design2_top.v Line: 4
    Warning (13410): Pin "HEX4[5]" is stuck at GND File: D:/DigitalLogic/ECEN_2350/Lab1/DesignBlock2/Source/Design2_top.v Line: 4
    Warning (13410): Pin "HEX4[6]" is stuck at VCC File: D:/DigitalLogic/ECEN_2350/Lab1/DesignBlock2/Source/Design2_top.v Line: 4
    Warning (13410): Pin "HEX4[7]" is stuck at VCC File: D:/DigitalLogic/ECEN_2350/Lab1/DesignBlock2/Source/Design2_top.v Line: 4
    Warning (13410): Pin "HEX3[0]" is stuck at VCC File: D:/DigitalLogic/ECEN_2350/Lab1/DesignBlock2/Source/Design2_top.v Line: 5
    Warning (13410): Pin "HEX3[1]" is stuck at VCC File: D:/DigitalLogic/ECEN_2350/Lab1/DesignBlock2/Source/Design2_top.v Line: 5
    Warning (13410): Pin "HEX3[2]" is stuck at VCC File: D:/DigitalLogic/ECEN_2350/Lab1/DesignBlock2/Source/Design2_top.v Line: 5
    Warning (13410): Pin "HEX3[3]" is stuck at VCC File: D:/DigitalLogic/ECEN_2350/Lab1/DesignBlock2/Source/Design2_top.v Line: 5
    Warning (13410): Pin "HEX3[4]" is stuck at VCC File: D:/DigitalLogic/ECEN_2350/Lab1/DesignBlock2/Source/Design2_top.v Line: 5
    Warning (13410): Pin "HEX3[5]" is stuck at VCC File: D:/DigitalLogic/ECEN_2350/Lab1/DesignBlock2/Source/Design2_top.v Line: 5
    Warning (13410): Pin "HEX3[6]" is stuck at VCC File: D:/DigitalLogic/ECEN_2350/Lab1/DesignBlock2/Source/Design2_top.v Line: 5
    Warning (13410): Pin "HEX3[7]" is stuck at VCC File: D:/DigitalLogic/ECEN_2350/Lab1/DesignBlock2/Source/Design2_top.v Line: 5
    Warning (13410): Pin "HEX2[0]" is stuck at GND File: D:/DigitalLogic/ECEN_2350/Lab1/DesignBlock2/Source/Design2_top.v Line: 6
    Warning (13410): Pin "HEX2[1]" is stuck at GND File: D:/DigitalLogic/ECEN_2350/Lab1/DesignBlock2/Source/Design2_top.v Line: 6
    Warning (13410): Pin "HEX2[2]" is stuck at GND File: D:/DigitalLogic/ECEN_2350/Lab1/DesignBlock2/Source/Design2_top.v Line: 6
    Warning (13410): Pin "HEX2[3]" is stuck at GND File: D:/DigitalLogic/ECEN_2350/Lab1/DesignBlock2/Source/Design2_top.v Line: 6
    Warning (13410): Pin "HEX2[4]" is stuck at GND File: D:/DigitalLogic/ECEN_2350/Lab1/DesignBlock2/Source/Design2_top.v Line: 6
    Warning (13410): Pin "HEX2[5]" is stuck at GND File: D:/DigitalLogic/ECEN_2350/Lab1/DesignBlock2/Source/Design2_top.v Line: 6
    Warning (13410): Pin "HEX2[6]" is stuck at VCC File: D:/DigitalLogic/ECEN_2350/Lab1/DesignBlock2/Source/Design2_top.v Line: 6
    Warning (13410): Pin "HEX2[7]" is stuck at VCC File: D:/DigitalLogic/ECEN_2350/Lab1/DesignBlock2/Source/Design2_top.v Line: 6
    Warning (13410): Pin "HEX1[0]" is stuck at VCC File: D:/DigitalLogic/ECEN_2350/Lab1/DesignBlock2/Source/Design2_top.v Line: 7
    Warning (13410): Pin "HEX1[1]" is stuck at VCC File: D:/DigitalLogic/ECEN_2350/Lab1/DesignBlock2/Source/Design2_top.v Line: 7
    Warning (13410): Pin "HEX1[2]" is stuck at VCC File: D:/DigitalLogic/ECEN_2350/Lab1/DesignBlock2/Source/Design2_top.v Line: 7
    Warning (13410): Pin "HEX1[3]" is stuck at VCC File: D:/DigitalLogic/ECEN_2350/Lab1/DesignBlock2/Source/Design2_top.v Line: 7
    Warning (13410): Pin "HEX1[4]" is stuck at VCC File: D:/DigitalLogic/ECEN_2350/Lab1/DesignBlock2/Source/Design2_top.v Line: 7
    Warning (13410): Pin "HEX1[5]" is stuck at VCC File: D:/DigitalLogic/ECEN_2350/Lab1/DesignBlock2/Source/Design2_top.v Line: 7
    Warning (13410): Pin "HEX1[7]" is stuck at VCC File: D:/DigitalLogic/ECEN_2350/Lab1/DesignBlock2/Source/Design2_top.v Line: 7
    Warning (13410): Pin "HEX0[1]" is stuck at GND File: D:/DigitalLogic/ECEN_2350/Lab1/DesignBlock2/Source/Design2_top.v Line: 8
    Warning (13410): Pin "HEX0[2]" is stuck at GND File: D:/DigitalLogic/ECEN_2350/Lab1/DesignBlock2/Source/Design2_top.v Line: 8
    Warning (13410): Pin "HEX0[6]" is stuck at VCC File: D:/DigitalLogic/ECEN_2350/Lab1/DesignBlock2/Source/Design2_top.v Line: 8
    Warning (13410): Pin "HEX0[7]" is stuck at VCC File: D:/DigitalLogic/ECEN_2350/Lab1/DesignBlock2/Source/Design2_top.v Line: 8
    Warning (13410): Pin "overflow" is stuck at GND File: D:/DigitalLogic/ECEN_2350/Lab1/DesignBlock2/Source/Design2_top.v Line: 13
    Warning (13410): Pin "inputx[0]" is stuck at GND File: D:/DigitalLogic/ECEN_2350/Lab1/DesignBlock2/Source/Design2_top.v Line: 14
    Warning (13410): Pin "inputx[1]" is stuck at GND File: D:/DigitalLogic/ECEN_2350/Lab1/DesignBlock2/Source/Design2_top.v Line: 14
    Warning (13410): Pin "inputx[2]" is stuck at GND File: D:/DigitalLogic/ECEN_2350/Lab1/DesignBlock2/Source/Design2_top.v Line: 14
    Warning (13410): Pin "inputx[3]" is stuck at GND File: D:/DigitalLogic/ECEN_2350/Lab1/DesignBlock2/Source/Design2_top.v Line: 14
Info (286030): Timing-Driven Synthesis is running
Info (16010): Generating hard_block partition "hard_block:auto_generated_inst"
    Info (16011): Adding 0 node(s), including 0 DDIO, 0 PLL, 0 transceiver and 0 LCELL
Warning (21074): Design contains 1 input pin(s) that do not drive logic
    Warning (15610): No output dependent on input pin "KEY[1]" File: D:/DigitalLogic/ECEN_2350/Lab1/DesignBlock2/Source/Design2_top.v Line: 2
Info (21057): Implemented 76 device resources after synthesis - the final resource count might be different
    Info (21058): Implemented 3 input pins
    Info (21059): Implemented 70 output pins
    Info (21061): Implemented 3 logic cells
Info: Quartus Prime Analysis & Synthesis was successful. 0 errors, 77 warnings
    Info: Peak virtual memory: 4772 megabytes
    Info: Processing ended: Mon Oct 07 00:50:20 2019
    Info: Elapsed time: 00:00:09
    Info: Total CPU time (on all processors): 00:00:19


