#! /usr/local/iverilog/bin/vvp
:ivl_version "11.0 (devel)" "(s20150603-612-ga9388a89)";
:ivl_delay_selection "TYPICAL";
:vpi_time_precision - 10;
:vpi_module "system";
:vpi_module "vhdl_sys";
:vpi_module "vhdl_textio";
:vpi_module "v2005_math";
:vpi_module "va_math";
S_00000000010dad20 .scope module, "Design2_top" "Design2_top" 2 1;
 .timescale -9 -10;
    .port_info 0 /INPUT 8 "unnamed";
    .port_info 1 /OUTPUT 8 "unnamed";
    .port_info 2 /INPUT 2 "unnamed";
    .port_info 3 /OUTPUT 8 "unnamed";
    .port_info 4 /OUTPUT 8 "unnamed";
    .port_info 5 /OUTPUT 8 "unnamed";
    .port_info 6 /OUTPUT 8 "unnamed";
    .port_info 7 /OUTPUT 8 "unnamed";
    .port_info 8 /OUTPUT 8 "unnamed";
    .port_info 9 /OUTPUT 4 "unnamed";
    .port_info 10 /INOUT 1 "carryout";
    .port_info 11 /OUTPUT 1 "overflow";
    .port_info 12 /OUTPUT 4 "input1";
    .port_info 13 /OUTPUT 4 "input2";
    .port_info 14 /OUTPUT 4 "input3";
v00000000029061a0_0 .net "HEX0", 7 0, v000000000111d360_0;  1 drivers
v0000000002906600_0 .net "HEX1", 7 0, v000000000111cf00_0;  1 drivers
v00000000029066a0_0 .net "HEX2", 7 0, v000000000111ce60_0;  1 drivers
v0000000002906100_0 .net "HEX3", 7 0, v000000000111e1c0_0;  1 drivers
v00000000029062e0_0 .net "HEX4", 7 0, v000000000111e080_0;  1 drivers
v0000000002906240_0 .net "HEX5", 7 0, v000000000111df40_0;  1 drivers
o00000000010e7c18 .functor BUFZ 2, C4<zz>; HiZ drive
v00000000029070a0_0 .net "KEY", 1 0, o00000000010e7c18;  0 drivers
v00000000029076e0_0 .var "LEDR", 7 0;
o00000000010e7c78 .functor BUFZ 8, C4<zzzzzzzz>; HiZ drive
v0000000002906f60_0 .net "SW", 7 0, o00000000010e7c78;  0 drivers
v00000000029075a0_0 .net *"_s27", 0 0, L_000000000290a110;  1 drivers
v00000000029064c0_0 .net *"_s32", 0 0, L_000000000290a2f0;  1 drivers
v0000000002907780_0 .net "carry1", 0 0, L_00000000010be960;  1 drivers
v0000000002906420_0 .net "carry2", 0 0, L_00000000010be500;  1 drivers
v0000000002906ba0_0 .net "carry3", 0 0, L_00000000010bec70;  1 drivers
v0000000002907e60_0 .var "carryin", 0 0;
v0000000002906380_0 .net "carryout", 0 0, L_000000000290e760;  1 drivers
v0000000002907640_0 .var "input1", 3 0;
v0000000002907500_0 .var "input2", 3 0;
v0000000002907820_0 .var "input3", 3 0;
v0000000002907140_0 .var "overflow", 0 0;
v0000000002906560_0 .net "sum", 3 0, L_0000000002909a30;  1 drivers
E_00000000010d7bb0 .event edge, v000000000111db80_0, v0000000002907500_0, v000000000111de00_0;
E_00000000010d7ef0 .event edge, L_000000000290a2f0;
E_00000000010d7ff0 .event edge, v0000000002906f60_0, L_000000000290a110;
L_000000000290a7f0 .part v0000000002907640_0, 0, 1;
L_0000000002909490 .part v0000000002907500_0, 0, 1;
L_0000000002909530 .part v0000000002907640_0, 1, 1;
L_000000000290a070 .part v0000000002907500_0, 1, 1;
L_0000000002909d50 .part v0000000002907640_0, 2, 1;
L_0000000002909670 .part v0000000002907500_0, 2, 1;
L_0000000002909710 .part v0000000002907640_0, 3, 1;
L_0000000002909990 .part v0000000002907500_0, 3, 1;
L_0000000002909a30 .concat8 [ 1 1 1 1], L_00000000010bf220, L_00000000010be7a0, L_00000000010beb20, L_000000000290e290;
L_000000000290a110 .part o00000000010e7c18, 0, 1;
L_000000000290a2f0 .part o00000000010e7c18, 0, 1;
S_00000000010329f0 .scope module, "U0" "fullAdder" 2 54, 3 1 0, S_00000000010dad20;
 .timescale -9 -10;
    .port_info 0 /INPUT 1 "input1";
    .port_info 1 /INPUT 1 "input2";
    .port_info 2 /INPUT 1 "carryin";
    .port_info 3 /OUTPUT 1 "carryout";
    .port_info 4 /OUTPUT 1 "sum";
L_00000000010bf1b0 .functor XOR 1, L_000000000290a7f0, L_0000000002909490, C4<0>, C4<0>;
L_00000000010bf220 .functor XOR 1, L_00000000010bf1b0, v0000000002907e60_0, C4<0>, C4<0>;
L_00000000010be880 .functor AND 1, L_00000000010bf1b0, v0000000002907e60_0, C4<1>, C4<1>;
L_00000000010bf290 .functor AND 1, L_000000000290a7f0, L_0000000002909490, C4<1>, C4<1>;
L_00000000010be960 .functor OR 1, L_00000000010be880, L_00000000010bf290, C4<0>, C4<0>;
v00000000010b89f0_0 .net "carryin", 0 0, v0000000002907e60_0;  1 drivers
v00000000010b8c70_0 .net "carryout", 0 0, L_00000000010be960;  alias, 1 drivers
v00000000010b8a90_0 .net "input1", 0 0, L_000000000290a7f0;  1 drivers
v00000000010b8b30_0 .net "input2", 0 0, L_0000000002909490;  1 drivers
v00000000010b7410_0 .net "sum", 0 0, L_00000000010bf220;  1 drivers
v00000000010b8bd0_0 .net "w1", 0 0, L_00000000010bf1b0;  1 drivers
v00000000010b7730_0 .net "w2", 0 0, L_00000000010be880;  1 drivers
v00000000010b8d10_0 .net "w3", 0 0, L_00000000010bf290;  1 drivers
S_0000000001032b80 .scope module, "U1" "fullAdder" 2 55, 3 1 0, S_00000000010dad20;
 .timescale -9 -10;
    .port_info 0 /INPUT 1 "input1";
    .port_info 1 /INPUT 1 "input2";
    .port_info 2 /INPUT 1 "carryin";
    .port_info 3 /OUTPUT 1 "carryout";
    .port_info 4 /OUTPUT 1 "sum";
L_00000000010be420 .functor XOR 1, L_0000000002909530, L_000000000290a070, C4<0>, C4<0>;
L_00000000010be7a0 .functor XOR 1, L_00000000010be420, L_00000000010be960, C4<0>, C4<0>;
L_00000000010be9d0 .functor AND 1, L_00000000010be420, L_00000000010be960, C4<1>, C4<1>;
L_00000000010be490 .functor AND 1, L_0000000002909530, L_000000000290a070, C4<1>, C4<1>;
L_00000000010be500 .functor OR 1, L_00000000010be9d0, L_00000000010be490, C4<0>, C4<0>;
v00000000010b8e50_0 .net "carryin", 0 0, L_00000000010be960;  alias, 1 drivers
v00000000010b74b0_0 .net "carryout", 0 0, L_00000000010be500;  alias, 1 drivers
v00000000010b7550_0 .net "input1", 0 0, L_0000000002909530;  1 drivers
v000000000111dae0_0 .net "input2", 0 0, L_000000000290a070;  1 drivers
v000000000111e4e0_0 .net "sum", 0 0, L_00000000010be7a0;  1 drivers
v000000000111e8a0_0 .net "w1", 0 0, L_00000000010be420;  1 drivers
v000000000111cb40_0 .net "w2", 0 0, L_00000000010be9d0;  1 drivers
v000000000111dfe0_0 .net "w3", 0 0, L_00000000010be490;  1 drivers
S_000000000108e8c0 .scope module, "U2" "fullAdder" 2 56, 3 1 0, S_00000000010dad20;
 .timescale -9 -10;
    .port_info 0 /INPUT 1 "input1";
    .port_info 1 /INPUT 1 "input2";
    .port_info 2 /INPUT 1 "carryin";
    .port_info 3 /OUTPUT 1 "carryout";
    .port_info 4 /OUTPUT 1 "sum";
L_00000000010beab0 .functor XOR 1, L_0000000002909d50, L_0000000002909670, C4<0>, C4<0>;
L_00000000010beb20 .functor XOR 1, L_00000000010beab0, L_00000000010be500, C4<0>, C4<0>;
L_00000000010be5e0 .functor AND 1, L_00000000010beab0, L_00000000010be500, C4<1>, C4<1>;
L_00000000010beb90 .functor AND 1, L_0000000002909d50, L_0000000002909670, C4<1>, C4<1>;
L_00000000010bec70 .functor OR 1, L_00000000010be5e0, L_00000000010beb90, C4<0>, C4<0>;
v000000000111cbe0_0 .net "carryin", 0 0, L_00000000010be500;  alias, 1 drivers
v000000000111d540_0 .net "carryout", 0 0, L_00000000010bec70;  alias, 1 drivers
v000000000111e6c0_0 .net "input1", 0 0, L_0000000002909d50;  1 drivers
v000000000111e940_0 .net "input2", 0 0, L_0000000002909670;  1 drivers
v000000000111cdc0_0 .net "sum", 0 0, L_00000000010beb20;  1 drivers
v000000000111e620_0 .net "w1", 0 0, L_00000000010beab0;  1 drivers
v000000000111cc80_0 .net "w2", 0 0, L_00000000010be5e0;  1 drivers
v000000000111e580_0 .net "w3", 0 0, L_00000000010beb90;  1 drivers
S_000000000108ea50 .scope module, "U3" "fullAdder" 2 57, 3 1 0, S_00000000010dad20;
 .timescale -9 -10;
    .port_info 0 /INPUT 1 "input1";
    .port_info 1 /INPUT 1 "input2";
    .port_info 2 /INPUT 1 "carryin";
    .port_info 3 /OUTPUT 1 "carryout";
    .port_info 4 /OUTPUT 1 "sum";
L_000000000290e0d0 .functor XOR 1, L_0000000002909710, L_0000000002909990, C4<0>, C4<0>;
L_000000000290e290 .functor XOR 1, L_000000000290e0d0, L_00000000010bec70, C4<0>, C4<0>;
L_000000000290df80 .functor AND 1, L_000000000290e0d0, L_00000000010bec70, C4<1>, C4<1>;
L_000000000290e1b0 .functor AND 1, L_0000000002909710, L_0000000002909990, C4<1>, C4<1>;
L_000000000290e760 .functor OR 1, L_000000000290df80, L_000000000290e1b0, C4<0>, C4<0>;
v000000000111d0e0_0 .net "carryin", 0 0, L_00000000010bec70;  alias, 1 drivers
v000000000111d4a0_0 .net "carryout", 0 0, L_000000000290e760;  alias, 1 drivers
v000000000111e120_0 .net "input1", 0 0, L_0000000002909710;  1 drivers
v000000000111d860_0 .net "input2", 0 0, L_0000000002909990;  1 drivers
v000000000111e260_0 .net "sum", 0 0, L_000000000290e290;  1 drivers
v000000000111e300_0 .net "w1", 0 0, L_000000000290e0d0;  1 drivers
v000000000111d2c0_0 .net "w2", 0 0, L_000000000290df80;  1 drivers
v000000000111e3a0_0 .net "w3", 0 0, L_000000000290e1b0;  1 drivers
S_0000000001088750 .scope module, "U4" "sevensegcall2" 2 58, 4 1 0, S_00000000010dad20;
 .timescale -9 -10;
    .port_info 0 /OUTPUT 8 "HEX5";
    .port_info 1 /OUTPUT 8 "HEX4";
    .port_info 2 /OUTPUT 8 "HEX3";
    .port_info 3 /OUTPUT 8 "HEX2";
    .port_info 4 /OUTPUT 8 "HEX1";
    .port_info 5 /OUTPUT 8 "HEX0";
    .port_info 6 /INPUT 4 "input1";
    .port_info 7 /INPUT 4 "input2";
    .port_info 8 /INPUT 4 "sum";
    .port_info 9 /INPUT 1 "overflow";
v000000000111d400_0 .net "HEX0", 7 0, v000000000111d360_0;  alias, 1 drivers
v000000000111d680_0 .net "HEX1", 7 0, v000000000111cf00_0;  alias, 1 drivers
v000000000111d7c0_0 .net "HEX2", 7 0, v000000000111ce60_0;  alias, 1 drivers
v000000000111d900_0 .net "HEX3", 7 0, v000000000111e1c0_0;  alias, 1 drivers
v000000000111d9a0_0 .net "HEX4", 7 0, v000000000111e080_0;  alias, 1 drivers
v000000000111da40_0 .net "HEX5", 7 0, v000000000111df40_0;  alias, 1 drivers
v000000000111db80_0 .net "input1", 3 0, v0000000002907640_0;  1 drivers
v000000000111dc20_0 .net "input2", 3 0, v0000000002907820_0;  1 drivers
v000000000111dcc0_0 .net "overflow", 0 0, v0000000002907140_0;  1 drivers
v000000000111dd60_0 .var "state", 3 0;
v000000000111de00_0 .net "sum", 3 0, L_0000000002909a30;  alias, 1 drivers
v0000000002907dc0_0 .var "val0", 3 0;
v00000000029067e0_0 .var "val1", 3 0;
v0000000002906880_0 .var "val2", 3 0;
v00000000029069c0_0 .var "val3", 3 0;
v0000000002906b00_0 .var "val4", 3 0;
v0000000002907f00_0 .var "val5", 3 0;
v0000000002906a60_0 .var "var", 3 0;
v0000000002906920_0 .var "vars", 3 0;
E_00000000010d78f0 .event edge, v000000000111de00_0, v000000000111dcc0_0;
E_00000000010d7b70 .event edge, v000000000111dc20_0;
E_00000000010d7930 .event edge, v000000000111db80_0;
E_00000000010d84b0 .event edge, v000000000111d180_0;
S_00000000010888e0 .scope module, "a0" "sevenseg2" 4 78, 5 1 0, S_0000000001088750;
 .timescale -9 -10;
    .port_info 0 /INPUT 4 "data";
    .port_info 1 /INPUT 4 "data2";
    .port_info 2 /OUTPUT 8 "display";
v000000000111dea0_0 .net "data", 3 0, v0000000002907f00_0;  1 drivers
v000000000111d180_0 .net "data2", 3 0, v000000000111dd60_0;  1 drivers
v000000000111df40_0 .var "display", 7 0;
E_00000000010d77b0 .event edge, v000000000111d180_0, v000000000111dea0_0;
S_0000000001085fb0 .scope module, "a1" "sevenseg2" 4 79, 5 1 0, S_0000000001088750;
 .timescale -9 -10;
    .port_info 0 /INPUT 4 "data";
    .port_info 1 /INPUT 4 "data2";
    .port_info 2 /OUTPUT 8 "display";
v000000000111cfa0_0 .net "data", 3 0, v0000000002906b00_0;  1 drivers
v000000000111cd20_0 .net "data2", 3 0, v0000000002906a60_0;  1 drivers
v000000000111e080_0 .var "display", 7 0;
E_00000000010d77f0 .event edge, v000000000111cd20_0, v000000000111cfa0_0;
S_0000000001086140 .scope module, "a2" "sevenseg2" 4 80, 5 1 0, S_0000000001088750;
 .timescale -9 -10;
    .port_info 0 /INPUT 4 "data";
    .port_info 1 /INPUT 4 "data2";
    .port_info 2 /OUTPUT 8 "display";
v000000000111d5e0_0 .net "data", 3 0, v00000000029069c0_0;  1 drivers
v000000000111e440_0 .net "data2", 3 0, v000000000111dd60_0;  alias, 1 drivers
v000000000111e1c0_0 .var "display", 7 0;
E_00000000010d8030 .event edge, v000000000111d180_0, v000000000111d5e0_0;
S_00000000010796e0 .scope module, "a3" "sevenseg2" 4 81, 5 1 0, S_0000000001088750;
 .timescale -9 -10;
    .port_info 0 /INPUT 4 "data";
    .port_info 1 /INPUT 4 "data2";
    .port_info 2 /OUTPUT 8 "display";
v000000000111caa0_0 .net "data", 3 0, v0000000002906880_0;  1 drivers
v000000000111d720_0 .net "data2", 3 0, v0000000002906a60_0;  alias, 1 drivers
v000000000111ce60_0 .var "display", 7 0;
E_00000000010d7670 .event edge, v000000000111cd20_0, v000000000111caa0_0;
S_0000000001079870 .scope module, "a4" "sevenseg2" 4 82, 5 1 0, S_0000000001088750;
 .timescale -9 -10;
    .port_info 0 /INPUT 4 "data";
    .port_info 1 /INPUT 4 "data2";
    .port_info 2 /OUTPUT 8 "display";
v000000000111e760_0 .net "data", 3 0, v00000000029067e0_0;  1 drivers
v000000000111e800_0 .net "data2", 3 0, v000000000111dd60_0;  alias, 1 drivers
v000000000111cf00_0 .var "display", 7 0;
E_00000000010d83f0 .event edge, v000000000111d180_0, v000000000111e760_0;
S_000000000111ea60 .scope module, "a5" "sevenseg2" 4 83, 5 1 0, S_0000000001088750;
 .timescale -9 -10;
    .port_info 0 /INPUT 4 "data";
    .port_info 1 /INPUT 4 "data2";
    .port_info 2 /OUTPUT 8 "display";
v000000000111d040_0 .net "data", 3 0, v0000000002907dc0_0;  1 drivers
v000000000111d220_0 .net "data2", 3 0, v0000000002906920_0;  1 drivers
v000000000111d360_0 .var "display", 7 0;
E_00000000010d76f0 .event edge, v000000000111d220_0, v000000000111d040_0;
S_00000000010daeb0 .scope module, "tb2" "tb2" 6 3;
 .timescale -9 -10;
v000000000290aed0_0 .net "HEX0", 7 0, v0000000002909ad0_0;  1 drivers
v000000000290a390_0 .net "HEX1", 7 0, v000000000290a930_0;  1 drivers
v00000000029092b0_0 .net "HEX2", 7 0, v0000000002907d20_0;  1 drivers
v000000000290a9d0_0 .net "HEX3", 7 0, v0000000002907b40_0;  1 drivers
v000000000290a1b0_0 .net "HEX4", 7 0, v0000000002907460_0;  1 drivers
v0000000002909df0_0 .net "HEX5", 7 0, v0000000002907320_0;  1 drivers
v000000000290a430_0 .var "KEY", 1 0;
v000000000290a610_0 .var "SWITCH", 7 0;
L_0000000002912a28 .functor BUFT 1, C4<000>, C4<0>, C4<0>, C4<0>;
v000000000290a6b0_0 .net *"_s7", 2 0, L_0000000002912a28;  1 drivers
o00000000010e8008 .functor BUFZ 1, C4<z>; HiZ drive
v00000000029093f0_0 .net "carryin", 0 0, o00000000010e8008;  0 drivers
v0000000002909cb0_0 .net "carryout", 0 0, L_000000000290e530;  1 drivers
o00000000010e88a8 .functor BUFZ 4, C4<zzzz>; HiZ drive
v0000000002909e90_0 .net "input1", 3 0, o00000000010e88a8;  0 drivers
o00000000010e88d8 .functor BUFZ 4, C4<zzzz>; HiZ drive
v0000000002909fd0_0 .net "input2", 3 0, o00000000010e88d8;  0 drivers
o00000000010e8908 .functor BUFZ 1, C4<z>; HiZ drive
v0000000002909c10_0 .net "overflow", 0 0, o00000000010e8908;  0 drivers
v000000000290a750_0 .net "sum", 3 0, L_0000000002911140;  1 drivers
L_0000000002910c40 .part o00000000010e88a8, 0, 1;
L_0000000002910ba0 .part o00000000010e88d8, 0, 1;
L_0000000002911140 .concat [ 1 3 0 0], L_000000000290da40, L_0000000002912a28;
S_00000000010dc960 .scope module, "fullAdder_inst" "fullAdder" 6 23, 3 1 0, S_00000000010daeb0;
 .timescale -9 -10;
    .port_info 0 /INPUT 1 "input1";
    .port_info 1 /INPUT 1 "input2";
    .port_info 2 /INPUT 1 "carryin";
    .port_info 3 /OUTPUT 1 "carryout";
    .port_info 4 /OUTPUT 1 "sum";
L_000000000290dff0 .functor XOR 1, L_0000000002910c40, L_0000000002910ba0, C4<0>, C4<0>;
L_000000000290da40 .functor XOR 1, L_000000000290dff0, o00000000010e8008, C4<0>, C4<0>;
L_000000000290e3e0 .functor AND 1, L_000000000290dff0, o00000000010e8008, C4<1>, C4<1>;
L_000000000290e060 .functor AND 1, L_0000000002910c40, L_0000000002910ba0, C4<1>, C4<1>;
L_000000000290e530 .functor OR 1, L_000000000290e3e0, L_000000000290e060, C4<0>, C4<0>;
v0000000002906d80_0 .net "carryin", 0 0, o00000000010e8008;  alias, 0 drivers
v00000000029078c0_0 .net "carryout", 0 0, L_000000000290e530;  alias, 1 drivers
v0000000002906740_0 .net "input1", 0 0, L_0000000002910c40;  1 drivers
v0000000002906c40_0 .net "input2", 0 0, L_0000000002910ba0;  1 drivers
v0000000002907280_0 .net "sum", 0 0, L_000000000290da40;  1 drivers
v0000000002907000_0 .net "w1", 0 0, L_000000000290dff0;  1 drivers
v0000000002906ce0_0 .net "w2", 0 0, L_000000000290e3e0;  1 drivers
v00000000029071e0_0 .net "w3", 0 0, L_000000000290e060;  1 drivers
S_000000000111ebf0 .scope module, "sevensegcall2_inst" "sevensegcall2" 6 31, 4 1 0, S_00000000010daeb0;
 .timescale -9 -10;
    .port_info 0 /OUTPUT 8 "HEX5";
    .port_info 1 /OUTPUT 8 "HEX4";
    .port_info 2 /OUTPUT 8 "HEX3";
    .port_info 3 /OUTPUT 8 "HEX2";
    .port_info 4 /OUTPUT 8 "HEX1";
    .port_info 5 /OUTPUT 8 "HEX0";
    .port_info 6 /INPUT 4 "input1";
    .port_info 7 /INPUT 4 "input2";
    .port_info 8 /INPUT 4 "sum";
    .port_info 9 /INPUT 1 "overflow";
v000000000290aa70_0 .net "HEX0", 7 0, v0000000002909ad0_0;  alias, 1 drivers
v000000000290af70_0 .net "HEX1", 7 0, v000000000290a930_0;  alias, 1 drivers
v00000000029098f0_0 .net "HEX2", 7 0, v0000000002907d20_0;  alias, 1 drivers
v000000000290a250_0 .net "HEX3", 7 0, v0000000002907b40_0;  alias, 1 drivers
v000000000290ab10_0 .net "HEX4", 7 0, v0000000002907460_0;  alias, 1 drivers
v000000000290ae30_0 .net "HEX5", 7 0, v0000000002907320_0;  alias, 1 drivers
v000000000290acf0_0 .net "input1", 3 0, o00000000010e88a8;  alias, 0 drivers
v0000000002909b70_0 .net "input2", 3 0, o00000000010e88d8;  alias, 0 drivers
v000000000290b010_0 .net "overflow", 0 0, o00000000010e8908;  alias, 0 drivers
v000000000290b0b0_0 .var "state", 3 0;
v0000000002909850_0 .net "sum", 3 0, L_0000000002911140;  alias, 1 drivers
v0000000002909f30_0 .var "val0", 3 0;
v000000000290a4d0_0 .var "val1", 3 0;
v000000000290ad90_0 .var "val2", 3 0;
v0000000002909210_0 .var "val3", 3 0;
v00000000029095d0_0 .var "val4", 3 0;
v00000000029097b0_0 .var "val5", 3 0;
v0000000002909350_0 .var "var", 3 0;
v000000000290a570_0 .var "vars", 3 0;
E_00000000010d7830 .event edge, v0000000002909850_0, v000000000290b010_0;
E_00000000010d78b0 .event edge, v0000000002909b70_0;
E_00000000010d9170 .event edge, v000000000290acf0_0;
E_00000000010d8bb0 .event edge, v0000000002906ec0_0;
S_000000000111ed80 .scope module, "a0" "sevenseg2" 4 78, 5 1 0, S_000000000111ebf0;
 .timescale -9 -10;
    .port_info 0 /INPUT 4 "data";
    .port_info 1 /INPUT 4 "data2";
    .port_info 2 /OUTPUT 8 "display";
v0000000002906e20_0 .net "data", 3 0, v00000000029097b0_0;  1 drivers
v0000000002906ec0_0 .net "data2", 3 0, v000000000290b0b0_0;  1 drivers
v0000000002907320_0 .var "display", 7 0;
E_00000000010d8e70 .event edge, v0000000002906ec0_0, v0000000002906e20_0;
S_0000000002908020 .scope module, "a1" "sevenseg2" 4 79, 5 1 0, S_000000000111ebf0;
 .timescale -9 -10;
    .port_info 0 /INPUT 4 "data";
    .port_info 1 /INPUT 4 "data2";
    .port_info 2 /OUTPUT 8 "display";
v0000000002907aa0_0 .net "data", 3 0, v00000000029095d0_0;  1 drivers
v00000000029073c0_0 .net "data2", 3 0, v0000000002909350_0;  1 drivers
v0000000002907460_0 .var "display", 7 0;
E_00000000010d8c70 .event edge, v00000000029073c0_0, v0000000002907aa0_0;
S_0000000002908b60 .scope module, "a2" "sevenseg2" 4 80, 5 1 0, S_000000000111ebf0;
 .timescale -9 -10;
    .port_info 0 /INPUT 4 "data";
    .port_info 1 /INPUT 4 "data2";
    .port_info 2 /OUTPUT 8 "display";
v0000000002907960_0 .net "data", 3 0, v0000000002909210_0;  1 drivers
v0000000002907a00_0 .net "data2", 3 0, v000000000290b0b0_0;  alias, 1 drivers
v0000000002907b40_0 .var "display", 7 0;
E_00000000010d8fb0 .event edge, v0000000002906ec0_0, v0000000002907960_0;
S_0000000002908520 .scope module, "a3" "sevenseg2" 4 81, 5 1 0, S_000000000111ebf0;
 .timescale -9 -10;
    .port_info 0 /INPUT 4 "data";
    .port_info 1 /INPUT 4 "data2";
    .port_info 2 /OUTPUT 8 "display";
v0000000002907be0_0 .net "data", 3 0, v000000000290ad90_0;  1 drivers
v0000000002907c80_0 .net "data2", 3 0, v0000000002909350_0;  alias, 1 drivers
v0000000002907d20_0 .var "display", 7 0;
E_00000000010d8830 .event edge, v00000000029073c0_0, v0000000002907be0_0;
S_00000000029086b0 .scope module, "a4" "sevenseg2" 4 82, 5 1 0, S_000000000111ebf0;
 .timescale -9 -10;
    .port_info 0 /INPUT 4 "data";
    .port_info 1 /INPUT 4 "data2";
    .port_info 2 /OUTPUT 8 "display";
v0000000002906060_0 .net "data", 3 0, v000000000290a4d0_0;  1 drivers
v000000000290abb0_0 .net "data2", 3 0, v000000000290b0b0_0;  alias, 1 drivers
v000000000290a930_0 .var "display", 7 0;
E_00000000010d8970 .event edge, v0000000002906ec0_0, v0000000002906060_0;
S_0000000002908cf0 .scope module, "a5" "sevenseg2" 4 83, 5 1 0, S_000000000111ebf0;
 .timescale -9 -10;
    .port_info 0 /INPUT 4 "data";
    .port_info 1 /INPUT 4 "data2";
    .port_info 2 /OUTPUT 8 "display";
v000000000290ac50_0 .net "data", 3 0, v0000000002909f30_0;  1 drivers
v000000000290a890_0 .net "data2", 3 0, v000000000290a570_0;  1 drivers
v0000000002909ad0_0 .var "display", 7 0;
E_00000000010d8ef0 .event edge, v000000000290a890_0, v000000000290ac50_0;
    .scope S_00000000010888e0;
T_0 ;
    %wait E_00000000010d77b0;
    %load/vec4 v000000000111dea0_0;
    %load/vec4 v000000000111d180_0;
    %concat/vec4; draw_concat_vec4
    %dup/vec4;
    %pushi/vec4 8, 0, 8;
    %cmp/u;
    %jmp/1 T_0.0, 6;
    %dup/vec4;
    %pushi/vec4 24, 0, 8;
    %cmp/u;
    %jmp/1 T_0.1, 6;
    %dup/vec4;
    %pushi/vec4 40, 0, 8;
    %cmp/u;
    %jmp/1 T_0.2, 6;
    %dup/vec4;
    %pushi/vec4 56, 0, 8;
    %cmp/u;
    %jmp/1 T_0.3, 6;
    %dup/vec4;
    %pushi/vec4 72, 0, 8;
    %cmp/u;
    %jmp/1 T_0.4, 6;
    %dup/vec4;
    %pushi/vec4 88, 0, 8;
    %cmp/u;
    %jmp/1 T_0.5, 6;
    %dup/vec4;
    %pushi/vec4 104, 0, 8;
    %cmp/u;
    %jmp/1 T_0.6, 6;
    %dup/vec4;
    %pushi/vec4 120, 0, 8;
    %cmp/u;
    %jmp/1 T_0.7, 6;
    %dup/vec4;
    %pushi/vec4 136, 0, 8;
    %cmp/u;
    %jmp/1 T_0.8, 6;
    %dup/vec4;
    %pushi/vec4 152, 0, 8;
    %cmp/u;
    %jmp/1 T_0.9, 6;
    %dup/vec4;
    %pushi/vec4 168, 0, 8;
    %cmp/u;
    %jmp/1 T_0.10, 6;
    %dup/vec4;
    %pushi/vec4 184, 0, 8;
    %cmp/u;
    %jmp/1 T_0.11, 6;
    %dup/vec4;
    %pushi/vec4 200, 0, 8;
    %cmp/u;
    %jmp/1 T_0.12, 6;
    %dup/vec4;
    %pushi/vec4 216, 0, 8;
    %cmp/u;
    %jmp/1 T_0.13, 6;
    %dup/vec4;
    %pushi/vec4 232, 0, 8;
    %cmp/u;
    %jmp/1 T_0.14, 6;
    %dup/vec4;
    %pushi/vec4 248, 0, 8;
    %cmp/u;
    %jmp/1 T_0.15, 6;
    %dup/vec4;
    %pushi/vec4 32, 0, 8;
    %cmp/u;
    %jmp/1 T_0.16, 6;
    %dup/vec4;
    %pushi/vec4 16, 0, 8;
    %cmp/u;
    %jmp/1 T_0.17, 6;
    %dup/vec4;
    %pushi/vec4 64, 0, 8;
    %cmp/u;
    %jmp/1 T_0.18, 6;
    %dup/vec4;
    %pushi/vec4 128, 0, 8;
    %cmp/u;
    %jmp/1 T_0.19, 6;
    %pushi/vec4 192, 0, 8;
    %store/vec4 v000000000111df40_0, 0, 8;
    %jmp T_0.21;
T_0.0 ;
    %pushi/vec4 192, 0, 8;
    %store/vec4 v000000000111df40_0, 0, 8;
    %jmp T_0.21;
T_0.1 ;
    %pushi/vec4 249, 0, 8;
    %store/vec4 v000000000111df40_0, 0, 8;
    %jmp T_0.21;
T_0.2 ;
    %pushi/vec4 164, 0, 8;
    %store/vec4 v000000000111df40_0, 0, 8;
    %jmp T_0.21;
T_0.3 ;
    %pushi/vec4 176, 0, 8;
    %store/vec4 v000000000111df40_0, 0, 8;
    %jmp T_0.21;
T_0.4 ;
    %pushi/vec4 153, 0, 8;
    %store/vec4 v000000000111df40_0, 0, 8;
    %jmp T_0.21;
T_0.5 ;
    %pushi/vec4 146, 0, 8;
    %store/vec4 v000000000111df40_0, 0, 8;
    %jmp T_0.21;
T_0.6 ;
    %pushi/vec4 130, 0, 8;
    %store/vec4 v000000000111df40_0, 0, 8;
    %jmp T_0.21;
T_0.7 ;
    %pushi/vec4 248, 0, 8;
    %store/vec4 v000000000111df40_0, 0, 8;
    %jmp T_0.21;
T_0.8 ;
    %pushi/vec4 128, 0, 8;
    %store/vec4 v000000000111df40_0, 0, 8;
    %jmp T_0.21;
T_0.9 ;
    %pushi/vec4 248, 0, 8;
    %store/vec4 v000000000111df40_0, 0, 8;
    %jmp T_0.21;
T_0.10 ;
    %pushi/vec4 130, 0, 8;
    %store/vec4 v000000000111df40_0, 0, 8;
    %jmp T_0.21;
T_0.11 ;
    %pushi/vec4 146, 0, 8;
    %store/vec4 v000000000111df40_0, 0, 8;
    %jmp T_0.21;
T_0.12 ;
    %pushi/vec4 153, 0, 8;
    %store/vec4 v000000000111df40_0, 0, 8;
    %jmp T_0.21;
T_0.13 ;
    %pushi/vec4 176, 0, 8;
    %store/vec4 v000000000111df40_0, 0, 8;
    %jmp T_0.21;
T_0.14 ;
    %pushi/vec4 164, 0, 8;
    %store/vec4 v000000000111df40_0, 0, 8;
    %jmp T_0.21;
T_0.15 ;
    %pushi/vec4 249, 0, 8;
    %store/vec4 v000000000111df40_0, 0, 8;
    %jmp T_0.21;
T_0.16 ;
    %pushi/vec4 127, 0, 8;
    %store/vec4 v000000000111df40_0, 0, 8;
    %jmp T_0.21;
T_0.17 ;
    %pushi/vec4 255, 0, 8;
    %store/vec4 v000000000111df40_0, 0, 8;
    %jmp T_0.21;
T_0.18 ;
    %pushi/vec4 191, 0, 8;
    %store/vec4 v000000000111df40_0, 0, 8;
    %jmp T_0.21;
T_0.19 ;
    %pushi/vec4 142, 0, 8;
    %store/vec4 v000000000111df40_0, 0, 8;
    %jmp T_0.21;
T_0.21 ;
    %pop/vec4 1;
    %jmp T_0;
    .thread T_0, $push;
    .scope S_0000000001085fb0;
T_1 ;
    %wait E_00000000010d77f0;
    %load/vec4 v000000000111cfa0_0;
    %load/vec4 v000000000111cd20_0;
    %concat/vec4; draw_concat_vec4
    %dup/vec4;
    %pushi/vec4 8, 0, 8;
    %cmp/u;
    %jmp/1 T_1.0, 6;
    %dup/vec4;
    %pushi/vec4 24, 0, 8;
    %cmp/u;
    %jmp/1 T_1.1, 6;
    %dup/vec4;
    %pushi/vec4 40, 0, 8;
    %cmp/u;
    %jmp/1 T_1.2, 6;
    %dup/vec4;
    %pushi/vec4 56, 0, 8;
    %cmp/u;
    %jmp/1 T_1.3, 6;
    %dup/vec4;
    %pushi/vec4 72, 0, 8;
    %cmp/u;
    %jmp/1 T_1.4, 6;
    %dup/vec4;
    %pushi/vec4 88, 0, 8;
    %cmp/u;
    %jmp/1 T_1.5, 6;
    %dup/vec4;
    %pushi/vec4 104, 0, 8;
    %cmp/u;
    %jmp/1 T_1.6, 6;
    %dup/vec4;
    %pushi/vec4 120, 0, 8;
    %cmp/u;
    %jmp/1 T_1.7, 6;
    %dup/vec4;
    %pushi/vec4 136, 0, 8;
    %cmp/u;
    %jmp/1 T_1.8, 6;
    %dup/vec4;
    %pushi/vec4 152, 0, 8;
    %cmp/u;
    %jmp/1 T_1.9, 6;
    %dup/vec4;
    %pushi/vec4 168, 0, 8;
    %cmp/u;
    %jmp/1 T_1.10, 6;
    %dup/vec4;
    %pushi/vec4 184, 0, 8;
    %cmp/u;
    %jmp/1 T_1.11, 6;
    %dup/vec4;
    %pushi/vec4 200, 0, 8;
    %cmp/u;
    %jmp/1 T_1.12, 6;
    %dup/vec4;
    %pushi/vec4 216, 0, 8;
    %cmp/u;
    %jmp/1 T_1.13, 6;
    %dup/vec4;
    %pushi/vec4 232, 0, 8;
    %cmp/u;
    %jmp/1 T_1.14, 6;
    %dup/vec4;
    %pushi/vec4 248, 0, 8;
    %cmp/u;
    %jmp/1 T_1.15, 6;
    %dup/vec4;
    %pushi/vec4 32, 0, 8;
    %cmp/u;
    %jmp/1 T_1.16, 6;
    %dup/vec4;
    %pushi/vec4 16, 0, 8;
    %cmp/u;
    %jmp/1 T_1.17, 6;
    %dup/vec4;
    %pushi/vec4 64, 0, 8;
    %cmp/u;
    %jmp/1 T_1.18, 6;
    %dup/vec4;
    %pushi/vec4 128, 0, 8;
    %cmp/u;
    %jmp/1 T_1.19, 6;
    %pushi/vec4 192, 0, 8;
    %store/vec4 v000000000111e080_0, 0, 8;
    %jmp T_1.21;
T_1.0 ;
    %pushi/vec4 192, 0, 8;
    %store/vec4 v000000000111e080_0, 0, 8;
    %jmp T_1.21;
T_1.1 ;
    %pushi/vec4 249, 0, 8;
    %store/vec4 v000000000111e080_0, 0, 8;
    %jmp T_1.21;
T_1.2 ;
    %pushi/vec4 164, 0, 8;
    %store/vec4 v000000000111e080_0, 0, 8;
    %jmp T_1.21;
T_1.3 ;
    %pushi/vec4 176, 0, 8;
    %store/vec4 v000000000111e080_0, 0, 8;
    %jmp T_1.21;
T_1.4 ;
    %pushi/vec4 153, 0, 8;
    %store/vec4 v000000000111e080_0, 0, 8;
    %jmp T_1.21;
T_1.5 ;
    %pushi/vec4 146, 0, 8;
    %store/vec4 v000000000111e080_0, 0, 8;
    %jmp T_1.21;
T_1.6 ;
    %pushi/vec4 130, 0, 8;
    %store/vec4 v000000000111e080_0, 0, 8;
    %jmp T_1.21;
T_1.7 ;
    %pushi/vec4 248, 0, 8;
    %store/vec4 v000000000111e080_0, 0, 8;
    %jmp T_1.21;
T_1.8 ;
    %pushi/vec4 128, 0, 8;
    %store/vec4 v000000000111e080_0, 0, 8;
    %jmp T_1.21;
T_1.9 ;
    %pushi/vec4 248, 0, 8;
    %store/vec4 v000000000111e080_0, 0, 8;
    %jmp T_1.21;
T_1.10 ;
    %pushi/vec4 130, 0, 8;
    %store/vec4 v000000000111e080_0, 0, 8;
    %jmp T_1.21;
T_1.11 ;
    %pushi/vec4 146, 0, 8;
    %store/vec4 v000000000111e080_0, 0, 8;
    %jmp T_1.21;
T_1.12 ;
    %pushi/vec4 153, 0, 8;
    %store/vec4 v000000000111e080_0, 0, 8;
    %jmp T_1.21;
T_1.13 ;
    %pushi/vec4 176, 0, 8;
    %store/vec4 v000000000111e080_0, 0, 8;
    %jmp T_1.21;
T_1.14 ;
    %pushi/vec4 164, 0, 8;
    %store/vec4 v000000000111e080_0, 0, 8;
    %jmp T_1.21;
T_1.15 ;
    %pushi/vec4 249, 0, 8;
    %store/vec4 v000000000111e080_0, 0, 8;
    %jmp T_1.21;
T_1.16 ;
    %pushi/vec4 127, 0, 8;
    %store/vec4 v000000000111e080_0, 0, 8;
    %jmp T_1.21;
T_1.17 ;
    %pushi/vec4 255, 0, 8;
    %store/vec4 v000000000111e080_0, 0, 8;
    %jmp T_1.21;
T_1.18 ;
    %pushi/vec4 191, 0, 8;
    %store/vec4 v000000000111e080_0, 0, 8;
    %jmp T_1.21;
T_1.19 ;
    %pushi/vec4 142, 0, 8;
    %store/vec4 v000000000111e080_0, 0, 8;
    %jmp T_1.21;
T_1.21 ;
    %pop/vec4 1;
    %jmp T_1;
    .thread T_1, $push;
    .scope S_0000000001086140;
T_2 ;
    %wait E_00000000010d8030;
    %load/vec4 v000000000111d5e0_0;
    %load/vec4 v000000000111e440_0;
    %concat/vec4; draw_concat_vec4
    %dup/vec4;
    %pushi/vec4 8, 0, 8;
    %cmp/u;
    %jmp/1 T_2.0, 6;
    %dup/vec4;
    %pushi/vec4 24, 0, 8;
    %cmp/u;
    %jmp/1 T_2.1, 6;
    %dup/vec4;
    %pushi/vec4 40, 0, 8;
    %cmp/u;
    %jmp/1 T_2.2, 6;
    %dup/vec4;
    %pushi/vec4 56, 0, 8;
    %cmp/u;
    %jmp/1 T_2.3, 6;
    %dup/vec4;
    %pushi/vec4 72, 0, 8;
    %cmp/u;
    %jmp/1 T_2.4, 6;
    %dup/vec4;
    %pushi/vec4 88, 0, 8;
    %cmp/u;
    %jmp/1 T_2.5, 6;
    %dup/vec4;
    %pushi/vec4 104, 0, 8;
    %cmp/u;
    %jmp/1 T_2.6, 6;
    %dup/vec4;
    %pushi/vec4 120, 0, 8;
    %cmp/u;
    %jmp/1 T_2.7, 6;
    %dup/vec4;
    %pushi/vec4 136, 0, 8;
    %cmp/u;
    %jmp/1 T_2.8, 6;
    %dup/vec4;
    %pushi/vec4 152, 0, 8;
    %cmp/u;
    %jmp/1 T_2.9, 6;
    %dup/vec4;
    %pushi/vec4 168, 0, 8;
    %cmp/u;
    %jmp/1 T_2.10, 6;
    %dup/vec4;
    %pushi/vec4 184, 0, 8;
    %cmp/u;
    %jmp/1 T_2.11, 6;
    %dup/vec4;
    %pushi/vec4 200, 0, 8;
    %cmp/u;
    %jmp/1 T_2.12, 6;
    %dup/vec4;
    %pushi/vec4 216, 0, 8;
    %cmp/u;
    %jmp/1 T_2.13, 6;
    %dup/vec4;
    %pushi/vec4 232, 0, 8;
    %cmp/u;
    %jmp/1 T_2.14, 6;
    %dup/vec4;
    %pushi/vec4 248, 0, 8;
    %cmp/u;
    %jmp/1 T_2.15, 6;
    %dup/vec4;
    %pushi/vec4 32, 0, 8;
    %cmp/u;
    %jmp/1 T_2.16, 6;
    %dup/vec4;
    %pushi/vec4 16, 0, 8;
    %cmp/u;
    %jmp/1 T_2.17, 6;
    %dup/vec4;
    %pushi/vec4 64, 0, 8;
    %cmp/u;
    %jmp/1 T_2.18, 6;
    %dup/vec4;
    %pushi/vec4 128, 0, 8;
    %cmp/u;
    %jmp/1 T_2.19, 6;
    %pushi/vec4 192, 0, 8;
    %store/vec4 v000000000111e1c0_0, 0, 8;
    %jmp T_2.21;
T_2.0 ;
    %pushi/vec4 192, 0, 8;
    %store/vec4 v000000000111e1c0_0, 0, 8;
    %jmp T_2.21;
T_2.1 ;
    %pushi/vec4 249, 0, 8;
    %store/vec4 v000000000111e1c0_0, 0, 8;
    %jmp T_2.21;
T_2.2 ;
    %pushi/vec4 164, 0, 8;
    %store/vec4 v000000000111e1c0_0, 0, 8;
    %jmp T_2.21;
T_2.3 ;
    %pushi/vec4 176, 0, 8;
    %store/vec4 v000000000111e1c0_0, 0, 8;
    %jmp T_2.21;
T_2.4 ;
    %pushi/vec4 153, 0, 8;
    %store/vec4 v000000000111e1c0_0, 0, 8;
    %jmp T_2.21;
T_2.5 ;
    %pushi/vec4 146, 0, 8;
    %store/vec4 v000000000111e1c0_0, 0, 8;
    %jmp T_2.21;
T_2.6 ;
    %pushi/vec4 130, 0, 8;
    %store/vec4 v000000000111e1c0_0, 0, 8;
    %jmp T_2.21;
T_2.7 ;
    %pushi/vec4 248, 0, 8;
    %store/vec4 v000000000111e1c0_0, 0, 8;
    %jmp T_2.21;
T_2.8 ;
    %pushi/vec4 128, 0, 8;
    %store/vec4 v000000000111e1c0_0, 0, 8;
    %jmp T_2.21;
T_2.9 ;
    %pushi/vec4 248, 0, 8;
    %store/vec4 v000000000111e1c0_0, 0, 8;
    %jmp T_2.21;
T_2.10 ;
    %pushi/vec4 130, 0, 8;
    %store/vec4 v000000000111e1c0_0, 0, 8;
    %jmp T_2.21;
T_2.11 ;
    %pushi/vec4 146, 0, 8;
    %store/vec4 v000000000111e1c0_0, 0, 8;
    %jmp T_2.21;
T_2.12 ;
    %pushi/vec4 153, 0, 8;
    %store/vec4 v000000000111e1c0_0, 0, 8;
    %jmp T_2.21;
T_2.13 ;
    %pushi/vec4 176, 0, 8;
    %store/vec4 v000000000111e1c0_0, 0, 8;
    %jmp T_2.21;
T_2.14 ;
    %pushi/vec4 164, 0, 8;
    %store/vec4 v000000000111e1c0_0, 0, 8;
    %jmp T_2.21;
T_2.15 ;
    %pushi/vec4 249, 0, 8;
    %store/vec4 v000000000111e1c0_0, 0, 8;
    %jmp T_2.21;
T_2.16 ;
    %pushi/vec4 127, 0, 8;
    %store/vec4 v000000000111e1c0_0, 0, 8;
    %jmp T_2.21;
T_2.17 ;
    %pushi/vec4 255, 0, 8;
    %store/vec4 v000000000111e1c0_0, 0, 8;
    %jmp T_2.21;
T_2.18 ;
    %pushi/vec4 191, 0, 8;
    %store/vec4 v000000000111e1c0_0, 0, 8;
    %jmp T_2.21;
T_2.19 ;
    %pushi/vec4 142, 0, 8;
    %store/vec4 v000000000111e1c0_0, 0, 8;
    %jmp T_2.21;
T_2.21 ;
    %pop/vec4 1;
    %jmp T_2;
    .thread T_2, $push;
    .scope S_00000000010796e0;
T_3 ;
    %wait E_00000000010d7670;
    %load/vec4 v000000000111caa0_0;
    %load/vec4 v000000000111d720_0;
    %concat/vec4; draw_concat_vec4
    %dup/vec4;
    %pushi/vec4 8, 0, 8;
    %cmp/u;
    %jmp/1 T_3.0, 6;
    %dup/vec4;
    %pushi/vec4 24, 0, 8;
    %cmp/u;
    %jmp/1 T_3.1, 6;
    %dup/vec4;
    %pushi/vec4 40, 0, 8;
    %cmp/u;
    %jmp/1 T_3.2, 6;
    %dup/vec4;
    %pushi/vec4 56, 0, 8;
    %cmp/u;
    %jmp/1 T_3.3, 6;
    %dup/vec4;
    %pushi/vec4 72, 0, 8;
    %cmp/u;
    %jmp/1 T_3.4, 6;
    %dup/vec4;
    %pushi/vec4 88, 0, 8;
    %cmp/u;
    %jmp/1 T_3.5, 6;
    %dup/vec4;
    %pushi/vec4 104, 0, 8;
    %cmp/u;
    %jmp/1 T_3.6, 6;
    %dup/vec4;
    %pushi/vec4 120, 0, 8;
    %cmp/u;
    %jmp/1 T_3.7, 6;
    %dup/vec4;
    %pushi/vec4 136, 0, 8;
    %cmp/u;
    %jmp/1 T_3.8, 6;
    %dup/vec4;
    %pushi/vec4 152, 0, 8;
    %cmp/u;
    %jmp/1 T_3.9, 6;
    %dup/vec4;
    %pushi/vec4 168, 0, 8;
    %cmp/u;
    %jmp/1 T_3.10, 6;
    %dup/vec4;
    %pushi/vec4 184, 0, 8;
    %cmp/u;
    %jmp/1 T_3.11, 6;
    %dup/vec4;
    %pushi/vec4 200, 0, 8;
    %cmp/u;
    %jmp/1 T_3.12, 6;
    %dup/vec4;
    %pushi/vec4 216, 0, 8;
    %cmp/u;
    %jmp/1 T_3.13, 6;
    %dup/vec4;
    %pushi/vec4 232, 0, 8;
    %cmp/u;
    %jmp/1 T_3.14, 6;
    %dup/vec4;
    %pushi/vec4 248, 0, 8;
    %cmp/u;
    %jmp/1 T_3.15, 6;
    %dup/vec4;
    %pushi/vec4 32, 0, 8;
    %cmp/u;
    %jmp/1 T_3.16, 6;
    %dup/vec4;
    %pushi/vec4 16, 0, 8;
    %cmp/u;
    %jmp/1 T_3.17, 6;
    %dup/vec4;
    %pushi/vec4 64, 0, 8;
    %cmp/u;
    %jmp/1 T_3.18, 6;
    %dup/vec4;
    %pushi/vec4 128, 0, 8;
    %cmp/u;
    %jmp/1 T_3.19, 6;
    %pushi/vec4 192, 0, 8;
    %store/vec4 v000000000111ce60_0, 0, 8;
    %jmp T_3.21;
T_3.0 ;
    %pushi/vec4 192, 0, 8;
    %store/vec4 v000000000111ce60_0, 0, 8;
    %jmp T_3.21;
T_3.1 ;
    %pushi/vec4 249, 0, 8;
    %store/vec4 v000000000111ce60_0, 0, 8;
    %jmp T_3.21;
T_3.2 ;
    %pushi/vec4 164, 0, 8;
    %store/vec4 v000000000111ce60_0, 0, 8;
    %jmp T_3.21;
T_3.3 ;
    %pushi/vec4 176, 0, 8;
    %store/vec4 v000000000111ce60_0, 0, 8;
    %jmp T_3.21;
T_3.4 ;
    %pushi/vec4 153, 0, 8;
    %store/vec4 v000000000111ce60_0, 0, 8;
    %jmp T_3.21;
T_3.5 ;
    %pushi/vec4 146, 0, 8;
    %store/vec4 v000000000111ce60_0, 0, 8;
    %jmp T_3.21;
T_3.6 ;
    %pushi/vec4 130, 0, 8;
    %store/vec4 v000000000111ce60_0, 0, 8;
    %jmp T_3.21;
T_3.7 ;
    %pushi/vec4 248, 0, 8;
    %store/vec4 v000000000111ce60_0, 0, 8;
    %jmp T_3.21;
T_3.8 ;
    %pushi/vec4 128, 0, 8;
    %store/vec4 v000000000111ce60_0, 0, 8;
    %jmp T_3.21;
T_3.9 ;
    %pushi/vec4 248, 0, 8;
    %store/vec4 v000000000111ce60_0, 0, 8;
    %jmp T_3.21;
T_3.10 ;
    %pushi/vec4 130, 0, 8;
    %store/vec4 v000000000111ce60_0, 0, 8;
    %jmp T_3.21;
T_3.11 ;
    %pushi/vec4 146, 0, 8;
    %store/vec4 v000000000111ce60_0, 0, 8;
    %jmp T_3.21;
T_3.12 ;
    %pushi/vec4 153, 0, 8;
    %store/vec4 v000000000111ce60_0, 0, 8;
    %jmp T_3.21;
T_3.13 ;
    %pushi/vec4 176, 0, 8;
    %store/vec4 v000000000111ce60_0, 0, 8;
    %jmp T_3.21;
T_3.14 ;
    %pushi/vec4 164, 0, 8;
    %store/vec4 v000000000111ce60_0, 0, 8;
    %jmp T_3.21;
T_3.15 ;
    %pushi/vec4 249, 0, 8;
    %store/vec4 v000000000111ce60_0, 0, 8;
    %jmp T_3.21;
T_3.16 ;
    %pushi/vec4 127, 0, 8;
    %store/vec4 v000000000111ce60_0, 0, 8;
    %jmp T_3.21;
T_3.17 ;
    %pushi/vec4 255, 0, 8;
    %store/vec4 v000000000111ce60_0, 0, 8;
    %jmp T_3.21;
T_3.18 ;
    %pushi/vec4 191, 0, 8;
    %store/vec4 v000000000111ce60_0, 0, 8;
    %jmp T_3.21;
T_3.19 ;
    %pushi/vec4 142, 0, 8;
    %store/vec4 v000000000111ce60_0, 0, 8;
    %jmp T_3.21;
T_3.21 ;
    %pop/vec4 1;
    %jmp T_3;
    .thread T_3, $push;
    .scope S_0000000001079870;
T_4 ;
    %wait E_00000000010d83f0;
    %load/vec4 v000000000111e760_0;
    %load/vec4 v000000000111e800_0;
    %concat/vec4; draw_concat_vec4
    %dup/vec4;
    %pushi/vec4 8, 0, 8;
    %cmp/u;
    %jmp/1 T_4.0, 6;
    %dup/vec4;
    %pushi/vec4 24, 0, 8;
    %cmp/u;
    %jmp/1 T_4.1, 6;
    %dup/vec4;
    %pushi/vec4 40, 0, 8;
    %cmp/u;
    %jmp/1 T_4.2, 6;
    %dup/vec4;
    %pushi/vec4 56, 0, 8;
    %cmp/u;
    %jmp/1 T_4.3, 6;
    %dup/vec4;
    %pushi/vec4 72, 0, 8;
    %cmp/u;
    %jmp/1 T_4.4, 6;
    %dup/vec4;
    %pushi/vec4 88, 0, 8;
    %cmp/u;
    %jmp/1 T_4.5, 6;
    %dup/vec4;
    %pushi/vec4 104, 0, 8;
    %cmp/u;
    %jmp/1 T_4.6, 6;
    %dup/vec4;
    %pushi/vec4 120, 0, 8;
    %cmp/u;
    %jmp/1 T_4.7, 6;
    %dup/vec4;
    %pushi/vec4 136, 0, 8;
    %cmp/u;
    %jmp/1 T_4.8, 6;
    %dup/vec4;
    %pushi/vec4 152, 0, 8;
    %cmp/u;
    %jmp/1 T_4.9, 6;
    %dup/vec4;
    %pushi/vec4 168, 0, 8;
    %cmp/u;
    %jmp/1 T_4.10, 6;
    %dup/vec4;
    %pushi/vec4 184, 0, 8;
    %cmp/u;
    %jmp/1 T_4.11, 6;
    %dup/vec4;
    %pushi/vec4 200, 0, 8;
    %cmp/u;
    %jmp/1 T_4.12, 6;
    %dup/vec4;
    %pushi/vec4 216, 0, 8;
    %cmp/u;
    %jmp/1 T_4.13, 6;
    %dup/vec4;
    %pushi/vec4 232, 0, 8;
    %cmp/u;
    %jmp/1 T_4.14, 6;
    %dup/vec4;
    %pushi/vec4 248, 0, 8;
    %cmp/u;
    %jmp/1 T_4.15, 6;
    %dup/vec4;
    %pushi/vec4 32, 0, 8;
    %cmp/u;
    %jmp/1 T_4.16, 6;
    %dup/vec4;
    %pushi/vec4 16, 0, 8;
    %cmp/u;
    %jmp/1 T_4.17, 6;
    %dup/vec4;
    %pushi/vec4 64, 0, 8;
    %cmp/u;
    %jmp/1 T_4.18, 6;
    %dup/vec4;
    %pushi/vec4 128, 0, 8;
    %cmp/u;
    %jmp/1 T_4.19, 6;
    %pushi/vec4 192, 0, 8;
    %store/vec4 v000000000111cf00_0, 0, 8;
    %jmp T_4.21;
T_4.0 ;
    %pushi/vec4 192, 0, 8;
    %store/vec4 v000000000111cf00_0, 0, 8;
    %jmp T_4.21;
T_4.1 ;
    %pushi/vec4 249, 0, 8;
    %store/vec4 v000000000111cf00_0, 0, 8;
    %jmp T_4.21;
T_4.2 ;
    %pushi/vec4 164, 0, 8;
    %store/vec4 v000000000111cf00_0, 0, 8;
    %jmp T_4.21;
T_4.3 ;
    %pushi/vec4 176, 0, 8;
    %store/vec4 v000000000111cf00_0, 0, 8;
    %jmp T_4.21;
T_4.4 ;
    %pushi/vec4 153, 0, 8;
    %store/vec4 v000000000111cf00_0, 0, 8;
    %jmp T_4.21;
T_4.5 ;
    %pushi/vec4 146, 0, 8;
    %store/vec4 v000000000111cf00_0, 0, 8;
    %jmp T_4.21;
T_4.6 ;
    %pushi/vec4 130, 0, 8;
    %store/vec4 v000000000111cf00_0, 0, 8;
    %jmp T_4.21;
T_4.7 ;
    %pushi/vec4 248, 0, 8;
    %store/vec4 v000000000111cf00_0, 0, 8;
    %jmp T_4.21;
T_4.8 ;
    %pushi/vec4 128, 0, 8;
    %store/vec4 v000000000111cf00_0, 0, 8;
    %jmp T_4.21;
T_4.9 ;
    %pushi/vec4 248, 0, 8;
    %store/vec4 v000000000111cf00_0, 0, 8;
    %jmp T_4.21;
T_4.10 ;
    %pushi/vec4 130, 0, 8;
    %store/vec4 v000000000111cf00_0, 0, 8;
    %jmp T_4.21;
T_4.11 ;
    %pushi/vec4 146, 0, 8;
    %store/vec4 v000000000111cf00_0, 0, 8;
    %jmp T_4.21;
T_4.12 ;
    %pushi/vec4 153, 0, 8;
    %store/vec4 v000000000111cf00_0, 0, 8;
    %jmp T_4.21;
T_4.13 ;
    %pushi/vec4 176, 0, 8;
    %store/vec4 v000000000111cf00_0, 0, 8;
    %jmp T_4.21;
T_4.14 ;
    %pushi/vec4 164, 0, 8;
    %store/vec4 v000000000111cf00_0, 0, 8;
    %jmp T_4.21;
T_4.15 ;
    %pushi/vec4 249, 0, 8;
    %store/vec4 v000000000111cf00_0, 0, 8;
    %jmp T_4.21;
T_4.16 ;
    %pushi/vec4 127, 0, 8;
    %store/vec4 v000000000111cf00_0, 0, 8;
    %jmp T_4.21;
T_4.17 ;
    %pushi/vec4 255, 0, 8;
    %store/vec4 v000000000111cf00_0, 0, 8;
    %jmp T_4.21;
T_4.18 ;
    %pushi/vec4 191, 0, 8;
    %store/vec4 v000000000111cf00_0, 0, 8;
    %jmp T_4.21;
T_4.19 ;
    %pushi/vec4 142, 0, 8;
    %store/vec4 v000000000111cf00_0, 0, 8;
    %jmp T_4.21;
T_4.21 ;
    %pop/vec4 1;
    %jmp T_4;
    .thread T_4, $push;
    .scope S_000000000111ea60;
T_5 ;
    %wait E_00000000010d76f0;
    %load/vec4 v000000000111d040_0;
    %load/vec4 v000000000111d220_0;
    %concat/vec4; draw_concat_vec4
    %dup/vec4;
    %pushi/vec4 8, 0, 8;
    %cmp/u;
    %jmp/1 T_5.0, 6;
    %dup/vec4;
    %pushi/vec4 24, 0, 8;
    %cmp/u;
    %jmp/1 T_5.1, 6;
    %dup/vec4;
    %pushi/vec4 40, 0, 8;
    %cmp/u;
    %jmp/1 T_5.2, 6;
    %dup/vec4;
    %pushi/vec4 56, 0, 8;
    %cmp/u;
    %jmp/1 T_5.3, 6;
    %dup/vec4;
    %pushi/vec4 72, 0, 8;
    %cmp/u;
    %jmp/1 T_5.4, 6;
    %dup/vec4;
    %pushi/vec4 88, 0, 8;
    %cmp/u;
    %jmp/1 T_5.5, 6;
    %dup/vec4;
    %pushi/vec4 104, 0, 8;
    %cmp/u;
    %jmp/1 T_5.6, 6;
    %dup/vec4;
    %pushi/vec4 120, 0, 8;
    %cmp/u;
    %jmp/1 T_5.7, 6;
    %dup/vec4;
    %pushi/vec4 136, 0, 8;
    %cmp/u;
    %jmp/1 T_5.8, 6;
    %dup/vec4;
    %pushi/vec4 152, 0, 8;
    %cmp/u;
    %jmp/1 T_5.9, 6;
    %dup/vec4;
    %pushi/vec4 168, 0, 8;
    %cmp/u;
    %jmp/1 T_5.10, 6;
    %dup/vec4;
    %pushi/vec4 184, 0, 8;
    %cmp/u;
    %jmp/1 T_5.11, 6;
    %dup/vec4;
    %pushi/vec4 200, 0, 8;
    %cmp/u;
    %jmp/1 T_5.12, 6;
    %dup/vec4;
    %pushi/vec4 216, 0, 8;
    %cmp/u;
    %jmp/1 T_5.13, 6;
    %dup/vec4;
    %pushi/vec4 232, 0, 8;
    %cmp/u;
    %jmp/1 T_5.14, 6;
    %dup/vec4;
    %pushi/vec4 248, 0, 8;
    %cmp/u;
    %jmp/1 T_5.15, 6;
    %dup/vec4;
    %pushi/vec4 32, 0, 8;
    %cmp/u;
    %jmp/1 T_5.16, 6;
    %dup/vec4;
    %pushi/vec4 16, 0, 8;
    %cmp/u;
    %jmp/1 T_5.17, 6;
    %dup/vec4;
    %pushi/vec4 64, 0, 8;
    %cmp/u;
    %jmp/1 T_5.18, 6;
    %dup/vec4;
    %pushi/vec4 128, 0, 8;
    %cmp/u;
    %jmp/1 T_5.19, 6;
    %pushi/vec4 192, 0, 8;
    %store/vec4 v000000000111d360_0, 0, 8;
    %jmp T_5.21;
T_5.0 ;
    %pushi/vec4 192, 0, 8;
    %store/vec4 v000000000111d360_0, 0, 8;
    %jmp T_5.21;
T_5.1 ;
    %pushi/vec4 249, 0, 8;
    %store/vec4 v000000000111d360_0, 0, 8;
    %jmp T_5.21;
T_5.2 ;
    %pushi/vec4 164, 0, 8;
    %store/vec4 v000000000111d360_0, 0, 8;
    %jmp T_5.21;
T_5.3 ;
    %pushi/vec4 176, 0, 8;
    %store/vec4 v000000000111d360_0, 0, 8;
    %jmp T_5.21;
T_5.4 ;
    %pushi/vec4 153, 0, 8;
    %store/vec4 v000000000111d360_0, 0, 8;
    %jmp T_5.21;
T_5.5 ;
    %pushi/vec4 146, 0, 8;
    %store/vec4 v000000000111d360_0, 0, 8;
    %jmp T_5.21;
T_5.6 ;
    %pushi/vec4 130, 0, 8;
    %store/vec4 v000000000111d360_0, 0, 8;
    %jmp T_5.21;
T_5.7 ;
    %pushi/vec4 248, 0, 8;
    %store/vec4 v000000000111d360_0, 0, 8;
    %jmp T_5.21;
T_5.8 ;
    %pushi/vec4 128, 0, 8;
    %store/vec4 v000000000111d360_0, 0, 8;
    %jmp T_5.21;
T_5.9 ;
    %pushi/vec4 248, 0, 8;
    %store/vec4 v000000000111d360_0, 0, 8;
    %jmp T_5.21;
T_5.10 ;
    %pushi/vec4 130, 0, 8;
    %store/vec4 v000000000111d360_0, 0, 8;
    %jmp T_5.21;
T_5.11 ;
    %pushi/vec4 146, 0, 8;
    %store/vec4 v000000000111d360_0, 0, 8;
    %jmp T_5.21;
T_5.12 ;
    %pushi/vec4 153, 0, 8;
    %store/vec4 v000000000111d360_0, 0, 8;
    %jmp T_5.21;
T_5.13 ;
    %pushi/vec4 176, 0, 8;
    %store/vec4 v000000000111d360_0, 0, 8;
    %jmp T_5.21;
T_5.14 ;
    %pushi/vec4 164, 0, 8;
    %store/vec4 v000000000111d360_0, 0, 8;
    %jmp T_5.21;
T_5.15 ;
    %pushi/vec4 249, 0, 8;
    %store/vec4 v000000000111d360_0, 0, 8;
    %jmp T_5.21;
T_5.16 ;
    %pushi/vec4 127, 0, 8;
    %store/vec4 v000000000111d360_0, 0, 8;
    %jmp T_5.21;
T_5.17 ;
    %pushi/vec4 255, 0, 8;
    %store/vec4 v000000000111d360_0, 0, 8;
    %jmp T_5.21;
T_5.18 ;
    %pushi/vec4 191, 0, 8;
    %store/vec4 v000000000111d360_0, 0, 8;
    %jmp T_5.21;
T_5.19 ;
    %pushi/vec4 142, 0, 8;
    %store/vec4 v000000000111d360_0, 0, 8;
    %jmp T_5.21;
T_5.21 ;
    %pop/vec4 1;
    %jmp T_5;
    .thread T_5, $push;
    .scope S_0000000001088750;
T_6 ;
    %wait E_00000000010d84b0;
    %pushi/vec4 0, 0, 4;
    %store/vec4 v000000000111dd60_0, 0, 4;
    %pushi/vec4 8, 0, 4;
    %store/vec4 v0000000002906a60_0, 0, 4;
    %jmp T_6;
    .thread T_6, $push;
    .scope S_0000000001088750;
T_7 ;
    %wait E_00000000010d7930;
    %load/vec4 v000000000111db80_0;
    %parti/s 1, 3, 3;
    %pad/u 32;
    %cmpi/e 0, 0, 32;
    %jmp/0xz  T_7.0, 4;
    %pushi/vec4 1, 0, 4;
    %store/vec4 v0000000002907f00_0, 0, 4;
    %load/vec4 v000000000111db80_0;
    %store/vec4 v0000000002906b00_0, 0, 4;
T_7.0 ;
    %load/vec4 v000000000111db80_0;
    %parti/s 1, 3, 3;
    %pad/u 32;
    %cmpi/e 1, 0, 32;
    %jmp/0xz  T_7.2, 4;
    %pushi/vec4 4, 0, 4;
    %store/vec4 v0000000002907f00_0, 0, 4;
    %load/vec4 v000000000111db80_0;
    %store/vec4 v0000000002906b00_0, 0, 4;
T_7.2 ;
    %jmp T_7;
    .thread T_7, $push;
    .scope S_0000000001088750;
T_8 ;
    %wait E_00000000010d7b70;
    %load/vec4 v000000000111dc20_0;
    %parti/s 1, 3, 3;
    %pad/u 32;
    %cmpi/e 0, 0, 32;
    %jmp/0xz  T_8.0, 4;
    %pushi/vec4 1, 0, 4;
    %store/vec4 v00000000029069c0_0, 0, 4;
    %load/vec4 v000000000111dc20_0;
    %store/vec4 v0000000002906880_0, 0, 4;
T_8.0 ;
    %load/vec4 v000000000111dc20_0;
    %parti/s 1, 3, 3;
    %pad/u 32;
    %cmpi/e 1, 0, 32;
    %jmp/0xz  T_8.2, 4;
    %pushi/vec4 4, 0, 4;
    %store/vec4 v00000000029069c0_0, 0, 4;
    %load/vec4 v000000000111dc20_0;
    %store/vec4 v0000000002906880_0, 0, 4;
T_8.2 ;
    %jmp T_8;
    .thread T_8, $push;
    .scope S_0000000001088750;
T_9 ;
    %wait E_00000000010d78f0;
    %load/vec4 v000000000111dcc0_0;
    %pad/u 32;
    %cmpi/e 1, 0, 32;
    %jmp/0xz  T_9.0, 4;
    %pushi/vec4 0, 0, 4;
    %store/vec4 v00000000029067e0_0, 0, 4;
    %pushi/vec4 8, 0, 4;
    %store/vec4 v0000000002907dc0_0, 0, 4;
    %pushi/vec4 0, 0, 4;
    %store/vec4 v0000000002906920_0, 0, 4;
T_9.0 ;
    %load/vec4 v000000000111dcc0_0;
    %pad/u 32;
    %pushi/vec4 0, 0, 32;
    %cmp/e;
    %flag_get/vec4 4;
    %load/vec4 v000000000111de00_0;
    %parti/s 1, 3, 3;
    %pad/u 32;
    %pushi/vec4 0, 0, 32;
    %cmp/e;
    %flag_get/vec4 4;
    %and;
    %flag_set/vec4 8;
    %jmp/0xz  T_9.2, 8;
    %pushi/vec4 1, 0, 4;
    %store/vec4 v00000000029067e0_0, 0, 4;
    %load/vec4 v000000000111de00_0;
    %store/vec4 v0000000002907dc0_0, 0, 4;
    %pushi/vec4 8, 0, 4;
    %store/vec4 v0000000002906920_0, 0, 4;
T_9.2 ;
    %load/vec4 v000000000111dcc0_0;
    %pad/u 32;
    %pushi/vec4 0, 0, 32;
    %cmp/e;
    %flag_get/vec4 4;
    %load/vec4 v000000000111de00_0;
    %parti/s 1, 3, 3;
    %pad/u 32;
    %pushi/vec4 1, 0, 32;
    %cmp/e;
    %flag_get/vec4 4;
    %and;
    %flag_set/vec4 8;
    %jmp/0xz  T_9.4, 8;
    %pushi/vec4 4, 0, 4;
    %store/vec4 v00000000029067e0_0, 0, 4;
    %load/vec4 v000000000111de00_0;
    %store/vec4 v0000000002907dc0_0, 0, 4;
    %pushi/vec4 8, 0, 4;
    %store/vec4 v0000000002906920_0, 0, 4;
T_9.4 ;
    %jmp T_9;
    .thread T_9, $push;
    .scope S_00000000010dad20;
T_10 ;
    %pushi/vec4 136, 0, 8;
    %store/vec4 v00000000029076e0_0, 0, 8;
    %end;
    .thread T_10;
    .scope S_00000000010dad20;
T_11 ;
    %wait E_00000000010d7ff0;
    %load/vec4 v0000000002906f60_0;
    %parti/s 4, 0, 2;
    %inv;
    %store/vec4 v0000000002907500_0, 0, 4;
    %load/vec4 v0000000002906f60_0;
    %parti/s 4, 0, 2;
    %store/vec4 v0000000002907820_0, 0, 4;
    %load/vec4 v0000000002906f60_0;
    %parti/s 4, 4, 4;
    %store/vec4 v0000000002907640_0, 0, 4;
    %load/vec4 v00000000029070a0_0;
    %parti/s 1, 0, 2;
    %flag_set/vec4 8;
    %jmp/0xz  T_11.0, 8;
    %load/vec4 v0000000002906f60_0;
    %parti/s 4, 0, 2;
    %store/vec4 v0000000002907500_0, 0, 4;
    %load/vec4 v0000000002906f60_0;
    %parti/s 4, 4, 4;
    %store/vec4 v0000000002907640_0, 0, 4;
T_11.0 ;
    %jmp T_11;
    .thread T_11, $push;
    .scope S_00000000010dad20;
T_12 ;
    %wait E_00000000010d7ef0;
    %load/vec4 v00000000029070a0_0;
    %parti/s 1, 0, 2;
    %inv;
    %store/vec4 v0000000002907e60_0, 0, 1;
    %jmp T_12;
    .thread T_12, $push;
    .scope S_00000000010dad20;
T_13 ;
    %wait E_00000000010d7bb0;
    %pushi/vec4 0, 0, 1;
    %store/vec4 v0000000002907140_0, 0, 1;
    %load/vec4 v0000000002907500_0;
    %parti/s 1, 3, 3;
    %pad/u 32;
    %pushi/vec4 1, 0, 32;
    %cmp/e;
    %flag_get/vec4 4;
    %load/vec4 v0000000002907640_0;
    %parti/s 1, 3, 3;
    %pad/u 32;
    %pushi/vec4 1, 0, 32;
    %cmp/e;
    %flag_get/vec4 4;
    %and;
    %load/vec4 v0000000002906560_0;
    %parti/s 1, 3, 3;
    %pad/u 32;
    %pushi/vec4 0, 0, 32;
    %cmp/e;
    %flag_get/vec4 4;
    %and;
    %flag_set/vec4 8;
    %jmp/0xz  T_13.0, 8;
    %pushi/vec4 1, 0, 1;
    %store/vec4 v0000000002907140_0, 0, 1;
T_13.0 ;
    %load/vec4 v0000000002907500_0;
    %parti/s 1, 3, 3;
    %pad/u 32;
    %pushi/vec4 0, 0, 32;
    %cmp/e;
    %flag_get/vec4 4;
    %load/vec4 v0000000002907640_0;
    %parti/s 1, 3, 3;
    %pad/u 32;
    %pushi/vec4 0, 0, 32;
    %cmp/e;
    %flag_get/vec4 4;
    %and;
    %load/vec4 v0000000002906560_0;
    %parti/s 1, 3, 3;
    %pad/u 32;
    %pushi/vec4 1, 0, 32;
    %cmp/e;
    %flag_get/vec4 4;
    %and;
    %flag_set/vec4 8;
    %jmp/0xz  T_13.2, 8;
    %pushi/vec4 1, 0, 1;
    %store/vec4 v0000000002907140_0, 0, 1;
T_13.2 ;
    %jmp T_13;
    .thread T_13, $push;
    .scope S_000000000111ed80;
T_14 ;
    %wait E_00000000010d8e70;
    %load/vec4 v0000000002906e20_0;
    %load/vec4 v0000000002906ec0_0;
    %concat/vec4; draw_concat_vec4
    %dup/vec4;
    %pushi/vec4 8, 0, 8;
    %cmp/u;
    %jmp/1 T_14.0, 6;
    %dup/vec4;
    %pushi/vec4 24, 0, 8;
    %cmp/u;
    %jmp/1 T_14.1, 6;
    %dup/vec4;
    %pushi/vec4 40, 0, 8;
    %cmp/u;
    %jmp/1 T_14.2, 6;
    %dup/vec4;
    %pushi/vec4 56, 0, 8;
    %cmp/u;
    %jmp/1 T_14.3, 6;
    %dup/vec4;
    %pushi/vec4 72, 0, 8;
    %cmp/u;
    %jmp/1 T_14.4, 6;
    %dup/vec4;
    %pushi/vec4 88, 0, 8;
    %cmp/u;
    %jmp/1 T_14.5, 6;
    %dup/vec4;
    %pushi/vec4 104, 0, 8;
    %cmp/u;
    %jmp/1 T_14.6, 6;
    %dup/vec4;
    %pushi/vec4 120, 0, 8;
    %cmp/u;
    %jmp/1 T_14.7, 6;
    %dup/vec4;
    %pushi/vec4 136, 0, 8;
    %cmp/u;
    %jmp/1 T_14.8, 6;
    %dup/vec4;
    %pushi/vec4 152, 0, 8;
    %cmp/u;
    %jmp/1 T_14.9, 6;
    %dup/vec4;
    %pushi/vec4 168, 0, 8;
    %cmp/u;
    %jmp/1 T_14.10, 6;
    %dup/vec4;
    %pushi/vec4 184, 0, 8;
    %cmp/u;
    %jmp/1 T_14.11, 6;
    %dup/vec4;
    %pushi/vec4 200, 0, 8;
    %cmp/u;
    %jmp/1 T_14.12, 6;
    %dup/vec4;
    %pushi/vec4 216, 0, 8;
    %cmp/u;
    %jmp/1 T_14.13, 6;
    %dup/vec4;
    %pushi/vec4 232, 0, 8;
    %cmp/u;
    %jmp/1 T_14.14, 6;
    %dup/vec4;
    %pushi/vec4 248, 0, 8;
    %cmp/u;
    %jmp/1 T_14.15, 6;
    %dup/vec4;
    %pushi/vec4 32, 0, 8;
    %cmp/u;
    %jmp/1 T_14.16, 6;
    %dup/vec4;
    %pushi/vec4 16, 0, 8;
    %cmp/u;
    %jmp/1 T_14.17, 6;
    %dup/vec4;
    %pushi/vec4 64, 0, 8;
    %cmp/u;
    %jmp/1 T_14.18, 6;
    %dup/vec4;
    %pushi/vec4 128, 0, 8;
    %cmp/u;
    %jmp/1 T_14.19, 6;
    %pushi/vec4 192, 0, 8;
    %store/vec4 v0000000002907320_0, 0, 8;
    %jmp T_14.21;
T_14.0 ;
    %pushi/vec4 192, 0, 8;
    %store/vec4 v0000000002907320_0, 0, 8;
    %jmp T_14.21;
T_14.1 ;
    %pushi/vec4 249, 0, 8;
    %store/vec4 v0000000002907320_0, 0, 8;
    %jmp T_14.21;
T_14.2 ;
    %pushi/vec4 164, 0, 8;
    %store/vec4 v0000000002907320_0, 0, 8;
    %jmp T_14.21;
T_14.3 ;
    %pushi/vec4 176, 0, 8;
    %store/vec4 v0000000002907320_0, 0, 8;
    %jmp T_14.21;
T_14.4 ;
    %pushi/vec4 153, 0, 8;
    %store/vec4 v0000000002907320_0, 0, 8;
    %jmp T_14.21;
T_14.5 ;
    %pushi/vec4 146, 0, 8;
    %store/vec4 v0000000002907320_0, 0, 8;
    %jmp T_14.21;
T_14.6 ;
    %pushi/vec4 130, 0, 8;
    %store/vec4 v0000000002907320_0, 0, 8;
    %jmp T_14.21;
T_14.7 ;
    %pushi/vec4 248, 0, 8;
    %store/vec4 v0000000002907320_0, 0, 8;
    %jmp T_14.21;
T_14.8 ;
    %pushi/vec4 128, 0, 8;
    %store/vec4 v0000000002907320_0, 0, 8;
    %jmp T_14.21;
T_14.9 ;
    %pushi/vec4 248, 0, 8;
    %store/vec4 v0000000002907320_0, 0, 8;
    %jmp T_14.21;
T_14.10 ;
    %pushi/vec4 130, 0, 8;
    %store/vec4 v0000000002907320_0, 0, 8;
    %jmp T_14.21;
T_14.11 ;
    %pushi/vec4 146, 0, 8;
    %store/vec4 v0000000002907320_0, 0, 8;
    %jmp T_14.21;
T_14.12 ;
    %pushi/vec4 153, 0, 8;
    %store/vec4 v0000000002907320_0, 0, 8;
    %jmp T_14.21;
T_14.13 ;
    %pushi/vec4 176, 0, 8;
    %store/vec4 v0000000002907320_0, 0, 8;
    %jmp T_14.21;
T_14.14 ;
    %pushi/vec4 164, 0, 8;
    %store/vec4 v0000000002907320_0, 0, 8;
    %jmp T_14.21;
T_14.15 ;
    %pushi/vec4 249, 0, 8;
    %store/vec4 v0000000002907320_0, 0, 8;
    %jmp T_14.21;
T_14.16 ;
    %pushi/vec4 127, 0, 8;
    %store/vec4 v0000000002907320_0, 0, 8;
    %jmp T_14.21;
T_14.17 ;
    %pushi/vec4 255, 0, 8;
    %store/vec4 v0000000002907320_0, 0, 8;
    %jmp T_14.21;
T_14.18 ;
    %pushi/vec4 191, 0, 8;
    %store/vec4 v0000000002907320_0, 0, 8;
    %jmp T_14.21;
T_14.19 ;
    %pushi/vec4 142, 0, 8;
    %store/vec4 v0000000002907320_0, 0, 8;
    %jmp T_14.21;
T_14.21 ;
    %pop/vec4 1;
    %jmp T_14;
    .thread T_14, $push;
    .scope S_0000000002908020;
T_15 ;
    %wait E_00000000010d8c70;
    %load/vec4 v0000000002907aa0_0;
    %load/vec4 v00000000029073c0_0;
    %concat/vec4; draw_concat_vec4
    %dup/vec4;
    %pushi/vec4 8, 0, 8;
    %cmp/u;
    %jmp/1 T_15.0, 6;
    %dup/vec4;
    %pushi/vec4 24, 0, 8;
    %cmp/u;
    %jmp/1 T_15.1, 6;
    %dup/vec4;
    %pushi/vec4 40, 0, 8;
    %cmp/u;
    %jmp/1 T_15.2, 6;
    %dup/vec4;
    %pushi/vec4 56, 0, 8;
    %cmp/u;
    %jmp/1 T_15.3, 6;
    %dup/vec4;
    %pushi/vec4 72, 0, 8;
    %cmp/u;
    %jmp/1 T_15.4, 6;
    %dup/vec4;
    %pushi/vec4 88, 0, 8;
    %cmp/u;
    %jmp/1 T_15.5, 6;
    %dup/vec4;
    %pushi/vec4 104, 0, 8;
    %cmp/u;
    %jmp/1 T_15.6, 6;
    %dup/vec4;
    %pushi/vec4 120, 0, 8;
    %cmp/u;
    %jmp/1 T_15.7, 6;
    %dup/vec4;
    %pushi/vec4 136, 0, 8;
    %cmp/u;
    %jmp/1 T_15.8, 6;
    %dup/vec4;
    %pushi/vec4 152, 0, 8;
    %cmp/u;
    %jmp/1 T_15.9, 6;
    %dup/vec4;
    %pushi/vec4 168, 0, 8;
    %cmp/u;
    %jmp/1 T_15.10, 6;
    %dup/vec4;
    %pushi/vec4 184, 0, 8;
    %cmp/u;
    %jmp/1 T_15.11, 6;
    %dup/vec4;
    %pushi/vec4 200, 0, 8;
    %cmp/u;
    %jmp/1 T_15.12, 6;
    %dup/vec4;
    %pushi/vec4 216, 0, 8;
    %cmp/u;
    %jmp/1 T_15.13, 6;
    %dup/vec4;
    %pushi/vec4 232, 0, 8;
    %cmp/u;
    %jmp/1 T_15.14, 6;
    %dup/vec4;
    %pushi/vec4 248, 0, 8;
    %cmp/u;
    %jmp/1 T_15.15, 6;
    %dup/vec4;
    %pushi/vec4 32, 0, 8;
    %cmp/u;
    %jmp/1 T_15.16, 6;
    %dup/vec4;
    %pushi/vec4 16, 0, 8;
    %cmp/u;
    %jmp/1 T_15.17, 6;
    %dup/vec4;
    %pushi/vec4 64, 0, 8;
    %cmp/u;
    %jmp/1 T_15.18, 6;
    %dup/vec4;
    %pushi/vec4 128, 0, 8;
    %cmp/u;
    %jmp/1 T_15.19, 6;
    %pushi/vec4 192, 0, 8;
    %store/vec4 v0000000002907460_0, 0, 8;
    %jmp T_15.21;
T_15.0 ;
    %pushi/vec4 192, 0, 8;
    %store/vec4 v0000000002907460_0, 0, 8;
    %jmp T_15.21;
T_15.1 ;
    %pushi/vec4 249, 0, 8;
    %store/vec4 v0000000002907460_0, 0, 8;
    %jmp T_15.21;
T_15.2 ;
    %pushi/vec4 164, 0, 8;
    %store/vec4 v0000000002907460_0, 0, 8;
    %jmp T_15.21;
T_15.3 ;
    %pushi/vec4 176, 0, 8;
    %store/vec4 v0000000002907460_0, 0, 8;
    %jmp T_15.21;
T_15.4 ;
    %pushi/vec4 153, 0, 8;
    %store/vec4 v0000000002907460_0, 0, 8;
    %jmp T_15.21;
T_15.5 ;
    %pushi/vec4 146, 0, 8;
    %store/vec4 v0000000002907460_0, 0, 8;
    %jmp T_15.21;
T_15.6 ;
    %pushi/vec4 130, 0, 8;
    %store/vec4 v0000000002907460_0, 0, 8;
    %jmp T_15.21;
T_15.7 ;
    %pushi/vec4 248, 0, 8;
    %store/vec4 v0000000002907460_0, 0, 8;
    %jmp T_15.21;
T_15.8 ;
    %pushi/vec4 128, 0, 8;
    %store/vec4 v0000000002907460_0, 0, 8;
    %jmp T_15.21;
T_15.9 ;
    %pushi/vec4 248, 0, 8;
    %store/vec4 v0000000002907460_0, 0, 8;
    %jmp T_15.21;
T_15.10 ;
    %pushi/vec4 130, 0, 8;
    %store/vec4 v0000000002907460_0, 0, 8;
    %jmp T_15.21;
T_15.11 ;
    %pushi/vec4 146, 0, 8;
    %store/vec4 v0000000002907460_0, 0, 8;
    %jmp T_15.21;
T_15.12 ;
    %pushi/vec4 153, 0, 8;
    %store/vec4 v0000000002907460_0, 0, 8;
    %jmp T_15.21;
T_15.13 ;
    %pushi/vec4 176, 0, 8;
    %store/vec4 v0000000002907460_0, 0, 8;
    %jmp T_15.21;
T_15.14 ;
    %pushi/vec4 164, 0, 8;
    %store/vec4 v0000000002907460_0, 0, 8;
    %jmp T_15.21;
T_15.15 ;
    %pushi/vec4 249, 0, 8;
    %store/vec4 v0000000002907460_0, 0, 8;
    %jmp T_15.21;
T_15.16 ;
    %pushi/vec4 127, 0, 8;
    %store/vec4 v0000000002907460_0, 0, 8;
    %jmp T_15.21;
T_15.17 ;
    %pushi/vec4 255, 0, 8;
    %store/vec4 v0000000002907460_0, 0, 8;
    %jmp T_15.21;
T_15.18 ;
    %pushi/vec4 191, 0, 8;
    %store/vec4 v0000000002907460_0, 0, 8;
    %jmp T_15.21;
T_15.19 ;
    %pushi/vec4 142, 0, 8;
    %store/vec4 v0000000002907460_0, 0, 8;
    %jmp T_15.21;
T_15.21 ;
    %pop/vec4 1;
    %jmp T_15;
    .thread T_15, $push;
    .scope S_0000000002908b60;
T_16 ;
    %wait E_00000000010d8fb0;
    %load/vec4 v0000000002907960_0;
    %load/vec4 v0000000002907a00_0;
    %concat/vec4; draw_concat_vec4
    %dup/vec4;
    %pushi/vec4 8, 0, 8;
    %cmp/u;
    %jmp/1 T_16.0, 6;
    %dup/vec4;
    %pushi/vec4 24, 0, 8;
    %cmp/u;
    %jmp/1 T_16.1, 6;
    %dup/vec4;
    %pushi/vec4 40, 0, 8;
    %cmp/u;
    %jmp/1 T_16.2, 6;
    %dup/vec4;
    %pushi/vec4 56, 0, 8;
    %cmp/u;
    %jmp/1 T_16.3, 6;
    %dup/vec4;
    %pushi/vec4 72, 0, 8;
    %cmp/u;
    %jmp/1 T_16.4, 6;
    %dup/vec4;
    %pushi/vec4 88, 0, 8;
    %cmp/u;
    %jmp/1 T_16.5, 6;
    %dup/vec4;
    %pushi/vec4 104, 0, 8;
    %cmp/u;
    %jmp/1 T_16.6, 6;
    %dup/vec4;
    %pushi/vec4 120, 0, 8;
    %cmp/u;
    %jmp/1 T_16.7, 6;
    %dup/vec4;
    %pushi/vec4 136, 0, 8;
    %cmp/u;
    %jmp/1 T_16.8, 6;
    %dup/vec4;
    %pushi/vec4 152, 0, 8;
    %cmp/u;
    %jmp/1 T_16.9, 6;
    %dup/vec4;
    %pushi/vec4 168, 0, 8;
    %cmp/u;
    %jmp/1 T_16.10, 6;
    %dup/vec4;
    %pushi/vec4 184, 0, 8;
    %cmp/u;
    %jmp/1 T_16.11, 6;
    %dup/vec4;
    %pushi/vec4 200, 0, 8;
    %cmp/u;
    %jmp/1 T_16.12, 6;
    %dup/vec4;
    %pushi/vec4 216, 0, 8;
    %cmp/u;
    %jmp/1 T_16.13, 6;
    %dup/vec4;
    %pushi/vec4 232, 0, 8;
    %cmp/u;
    %jmp/1 T_16.14, 6;
    %dup/vec4;
    %pushi/vec4 248, 0, 8;
    %cmp/u;
    %jmp/1 T_16.15, 6;
    %dup/vec4;
    %pushi/vec4 32, 0, 8;
    %cmp/u;
    %jmp/1 T_16.16, 6;
    %dup/vec4;
    %pushi/vec4 16, 0, 8;
    %cmp/u;
    %jmp/1 T_16.17, 6;
    %dup/vec4;
    %pushi/vec4 64, 0, 8;
    %cmp/u;
    %jmp/1 T_16.18, 6;
    %dup/vec4;
    %pushi/vec4 128, 0, 8;
    %cmp/u;
    %jmp/1 T_16.19, 6;
    %pushi/vec4 192, 0, 8;
    %store/vec4 v0000000002907b40_0, 0, 8;
    %jmp T_16.21;
T_16.0 ;
    %pushi/vec4 192, 0, 8;
    %store/vec4 v0000000002907b40_0, 0, 8;
    %jmp T_16.21;
T_16.1 ;
    %pushi/vec4 249, 0, 8;
    %store/vec4 v0000000002907b40_0, 0, 8;
    %jmp T_16.21;
T_16.2 ;
    %pushi/vec4 164, 0, 8;
    %store/vec4 v0000000002907b40_0, 0, 8;
    %jmp T_16.21;
T_16.3 ;
    %pushi/vec4 176, 0, 8;
    %store/vec4 v0000000002907b40_0, 0, 8;
    %jmp T_16.21;
T_16.4 ;
    %pushi/vec4 153, 0, 8;
    %store/vec4 v0000000002907b40_0, 0, 8;
    %jmp T_16.21;
T_16.5 ;
    %pushi/vec4 146, 0, 8;
    %store/vec4 v0000000002907b40_0, 0, 8;
    %jmp T_16.21;
T_16.6 ;
    %pushi/vec4 130, 0, 8;
    %store/vec4 v0000000002907b40_0, 0, 8;
    %jmp T_16.21;
T_16.7 ;
    %pushi/vec4 248, 0, 8;
    %store/vec4 v0000000002907b40_0, 0, 8;
    %jmp T_16.21;
T_16.8 ;
    %pushi/vec4 128, 0, 8;
    %store/vec4 v0000000002907b40_0, 0, 8;
    %jmp T_16.21;
T_16.9 ;
    %pushi/vec4 248, 0, 8;
    %store/vec4 v0000000002907b40_0, 0, 8;
    %jmp T_16.21;
T_16.10 ;
    %pushi/vec4 130, 0, 8;
    %store/vec4 v0000000002907b40_0, 0, 8;
    %jmp T_16.21;
T_16.11 ;
    %pushi/vec4 146, 0, 8;
    %store/vec4 v0000000002907b40_0, 0, 8;
    %jmp T_16.21;
T_16.12 ;
    %pushi/vec4 153, 0, 8;
    %store/vec4 v0000000002907b40_0, 0, 8;
    %jmp T_16.21;
T_16.13 ;
    %pushi/vec4 176, 0, 8;
    %store/vec4 v0000000002907b40_0, 0, 8;
    %jmp T_16.21;
T_16.14 ;
    %pushi/vec4 164, 0, 8;
    %store/vec4 v0000000002907b40_0, 0, 8;
    %jmp T_16.21;
T_16.15 ;
    %pushi/vec4 249, 0, 8;
    %store/vec4 v0000000002907b40_0, 0, 8;
    %jmp T_16.21;
T_16.16 ;
    %pushi/vec4 127, 0, 8;
    %store/vec4 v0000000002907b40_0, 0, 8;
    %jmp T_16.21;
T_16.17 ;
    %pushi/vec4 255, 0, 8;
    %store/vec4 v0000000002907b40_0, 0, 8;
    %jmp T_16.21;
T_16.18 ;
    %pushi/vec4 191, 0, 8;
    %store/vec4 v0000000002907b40_0, 0, 8;
    %jmp T_16.21;
T_16.19 ;
    %pushi/vec4 142, 0, 8;
    %store/vec4 v0000000002907b40_0, 0, 8;
    %jmp T_16.21;
T_16.21 ;
    %pop/vec4 1;
    %jmp T_16;
    .thread T_16, $push;
    .scope S_0000000002908520;
T_17 ;
    %wait E_00000000010d8830;
    %load/vec4 v0000000002907be0_0;
    %load/vec4 v0000000002907c80_0;
    %concat/vec4; draw_concat_vec4
    %dup/vec4;
    %pushi/vec4 8, 0, 8;
    %cmp/u;
    %jmp/1 T_17.0, 6;
    %dup/vec4;
    %pushi/vec4 24, 0, 8;
    %cmp/u;
    %jmp/1 T_17.1, 6;
    %dup/vec4;
    %pushi/vec4 40, 0, 8;
    %cmp/u;
    %jmp/1 T_17.2, 6;
    %dup/vec4;
    %pushi/vec4 56, 0, 8;
    %cmp/u;
    %jmp/1 T_17.3, 6;
    %dup/vec4;
    %pushi/vec4 72, 0, 8;
    %cmp/u;
    %jmp/1 T_17.4, 6;
    %dup/vec4;
    %pushi/vec4 88, 0, 8;
    %cmp/u;
    %jmp/1 T_17.5, 6;
    %dup/vec4;
    %pushi/vec4 104, 0, 8;
    %cmp/u;
    %jmp/1 T_17.6, 6;
    %dup/vec4;
    %pushi/vec4 120, 0, 8;
    %cmp/u;
    %jmp/1 T_17.7, 6;
    %dup/vec4;
    %pushi/vec4 136, 0, 8;
    %cmp/u;
    %jmp/1 T_17.8, 6;
    %dup/vec4;
    %pushi/vec4 152, 0, 8;
    %cmp/u;
    %jmp/1 T_17.9, 6;
    %dup/vec4;
    %pushi/vec4 168, 0, 8;
    %cmp/u;
    %jmp/1 T_17.10, 6;
    %dup/vec4;
    %pushi/vec4 184, 0, 8;
    %cmp/u;
    %jmp/1 T_17.11, 6;
    %dup/vec4;
    %pushi/vec4 200, 0, 8;
    %cmp/u;
    %jmp/1 T_17.12, 6;
    %dup/vec4;
    %pushi/vec4 216, 0, 8;
    %cmp/u;
    %jmp/1 T_17.13, 6;
    %dup/vec4;
    %pushi/vec4 232, 0, 8;
    %cmp/u;
    %jmp/1 T_17.14, 6;
    %dup/vec4;
    %pushi/vec4 248, 0, 8;
    %cmp/u;
    %jmp/1 T_17.15, 6;
    %dup/vec4;
    %pushi/vec4 32, 0, 8;
    %cmp/u;
    %jmp/1 T_17.16, 6;
    %dup/vec4;
    %pushi/vec4 16, 0, 8;
    %cmp/u;
    %jmp/1 T_17.17, 6;
    %dup/vec4;
    %pushi/vec4 64, 0, 8;
    %cmp/u;
    %jmp/1 T_17.18, 6;
    %dup/vec4;
    %pushi/vec4 128, 0, 8;
    %cmp/u;
    %jmp/1 T_17.19, 6;
    %pushi/vec4 192, 0, 8;
    %store/vec4 v0000000002907d20_0, 0, 8;
    %jmp T_17.21;
T_17.0 ;
    %pushi/vec4 192, 0, 8;
    %store/vec4 v0000000002907d20_0, 0, 8;
    %jmp T_17.21;
T_17.1 ;
    %pushi/vec4 249, 0, 8;
    %store/vec4 v0000000002907d20_0, 0, 8;
    %jmp T_17.21;
T_17.2 ;
    %pushi/vec4 164, 0, 8;
    %store/vec4 v0000000002907d20_0, 0, 8;
    %jmp T_17.21;
T_17.3 ;
    %pushi/vec4 176, 0, 8;
    %store/vec4 v0000000002907d20_0, 0, 8;
    %jmp T_17.21;
T_17.4 ;
    %pushi/vec4 153, 0, 8;
    %store/vec4 v0000000002907d20_0, 0, 8;
    %jmp T_17.21;
T_17.5 ;
    %pushi/vec4 146, 0, 8;
    %store/vec4 v0000000002907d20_0, 0, 8;
    %jmp T_17.21;
T_17.6 ;
    %pushi/vec4 130, 0, 8;
    %store/vec4 v0000000002907d20_0, 0, 8;
    %jmp T_17.21;
T_17.7 ;
    %pushi/vec4 248, 0, 8;
    %store/vec4 v0000000002907d20_0, 0, 8;
    %jmp T_17.21;
T_17.8 ;
    %pushi/vec4 128, 0, 8;
    %store/vec4 v0000000002907d20_0, 0, 8;
    %jmp T_17.21;
T_17.9 ;
    %pushi/vec4 248, 0, 8;
    %store/vec4 v0000000002907d20_0, 0, 8;
    %jmp T_17.21;
T_17.10 ;
    %pushi/vec4 130, 0, 8;
    %store/vec4 v0000000002907d20_0, 0, 8;
    %jmp T_17.21;
T_17.11 ;
    %pushi/vec4 146, 0, 8;
    %store/vec4 v0000000002907d20_0, 0, 8;
    %jmp T_17.21;
T_17.12 ;
    %pushi/vec4 153, 0, 8;
    %store/vec4 v0000000002907d20_0, 0, 8;
    %jmp T_17.21;
T_17.13 ;
    %pushi/vec4 176, 0, 8;
    %store/vec4 v0000000002907d20_0, 0, 8;
    %jmp T_17.21;
T_17.14 ;
    %pushi/vec4 164, 0, 8;
    %store/vec4 v0000000002907d20_0, 0, 8;
    %jmp T_17.21;
T_17.15 ;
    %pushi/vec4 249, 0, 8;
    %store/vec4 v0000000002907d20_0, 0, 8;
    %jmp T_17.21;
T_17.16 ;
    %pushi/vec4 127, 0, 8;
    %store/vec4 v0000000002907d20_0, 0, 8;
    %jmp T_17.21;
T_17.17 ;
    %pushi/vec4 255, 0, 8;
    %store/vec4 v0000000002907d20_0, 0, 8;
    %jmp T_17.21;
T_17.18 ;
    %pushi/vec4 191, 0, 8;
    %store/vec4 v0000000002907d20_0, 0, 8;
    %jmp T_17.21;
T_17.19 ;
    %pushi/vec4 142, 0, 8;
    %store/vec4 v0000000002907d20_0, 0, 8;
    %jmp T_17.21;
T_17.21 ;
    %pop/vec4 1;
    %jmp T_17;
    .thread T_17, $push;
    .scope S_00000000029086b0;
T_18 ;
    %wait E_00000000010d8970;
    %load/vec4 v0000000002906060_0;
    %load/vec4 v000000000290abb0_0;
    %concat/vec4; draw_concat_vec4
    %dup/vec4;
    %pushi/vec4 8, 0, 8;
    %cmp/u;
    %jmp/1 T_18.0, 6;
    %dup/vec4;
    %pushi/vec4 24, 0, 8;
    %cmp/u;
    %jmp/1 T_18.1, 6;
    %dup/vec4;
    %pushi/vec4 40, 0, 8;
    %cmp/u;
    %jmp/1 T_18.2, 6;
    %dup/vec4;
    %pushi/vec4 56, 0, 8;
    %cmp/u;
    %jmp/1 T_18.3, 6;
    %dup/vec4;
    %pushi/vec4 72, 0, 8;
    %cmp/u;
    %jmp/1 T_18.4, 6;
    %dup/vec4;
    %pushi/vec4 88, 0, 8;
    %cmp/u;
    %jmp/1 T_18.5, 6;
    %dup/vec4;
    %pushi/vec4 104, 0, 8;
    %cmp/u;
    %jmp/1 T_18.6, 6;
    %dup/vec4;
    %pushi/vec4 120, 0, 8;
    %cmp/u;
    %jmp/1 T_18.7, 6;
    %dup/vec4;
    %pushi/vec4 136, 0, 8;
    %cmp/u;
    %jmp/1 T_18.8, 6;
    %dup/vec4;
    %pushi/vec4 152, 0, 8;
    %cmp/u;
    %jmp/1 T_18.9, 6;
    %dup/vec4;
    %pushi/vec4 168, 0, 8;
    %cmp/u;
    %jmp/1 T_18.10, 6;
    %dup/vec4;
    %pushi/vec4 184, 0, 8;
    %cmp/u;
    %jmp/1 T_18.11, 6;
    %dup/vec4;
    %pushi/vec4 200, 0, 8;
    %cmp/u;
    %jmp/1 T_18.12, 6;
    %dup/vec4;
    %pushi/vec4 216, 0, 8;
    %cmp/u;
    %jmp/1 T_18.13, 6;
    %dup/vec4;
    %pushi/vec4 232, 0, 8;
    %cmp/u;
    %jmp/1 T_18.14, 6;
    %dup/vec4;
    %pushi/vec4 248, 0, 8;
    %cmp/u;
    %jmp/1 T_18.15, 6;
    %dup/vec4;
    %pushi/vec4 32, 0, 8;
    %cmp/u;
    %jmp/1 T_18.16, 6;
    %dup/vec4;
    %pushi/vec4 16, 0, 8;
    %cmp/u;
    %jmp/1 T_18.17, 6;
    %dup/vec4;
    %pushi/vec4 64, 0, 8;
    %cmp/u;
    %jmp/1 T_18.18, 6;
    %dup/vec4;
    %pushi/vec4 128, 0, 8;
    %cmp/u;
    %jmp/1 T_18.19, 6;
    %pushi/vec4 192, 0, 8;
    %store/vec4 v000000000290a930_0, 0, 8;
    %jmp T_18.21;
T_18.0 ;
    %pushi/vec4 192, 0, 8;
    %store/vec4 v000000000290a930_0, 0, 8;
    %jmp T_18.21;
T_18.1 ;
    %pushi/vec4 249, 0, 8;
    %store/vec4 v000000000290a930_0, 0, 8;
    %jmp T_18.21;
T_18.2 ;
    %pushi/vec4 164, 0, 8;
    %store/vec4 v000000000290a930_0, 0, 8;
    %jmp T_18.21;
T_18.3 ;
    %pushi/vec4 176, 0, 8;
    %store/vec4 v000000000290a930_0, 0, 8;
    %jmp T_18.21;
T_18.4 ;
    %pushi/vec4 153, 0, 8;
    %store/vec4 v000000000290a930_0, 0, 8;
    %jmp T_18.21;
T_18.5 ;
    %pushi/vec4 146, 0, 8;
    %store/vec4 v000000000290a930_0, 0, 8;
    %jmp T_18.21;
T_18.6 ;
    %pushi/vec4 130, 0, 8;
    %store/vec4 v000000000290a930_0, 0, 8;
    %jmp T_18.21;
T_18.7 ;
    %pushi/vec4 248, 0, 8;
    %store/vec4 v000000000290a930_0, 0, 8;
    %jmp T_18.21;
T_18.8 ;
    %pushi/vec4 128, 0, 8;
    %store/vec4 v000000000290a930_0, 0, 8;
    %jmp T_18.21;
T_18.9 ;
    %pushi/vec4 248, 0, 8;
    %store/vec4 v000000000290a930_0, 0, 8;
    %jmp T_18.21;
T_18.10 ;
    %pushi/vec4 130, 0, 8;
    %store/vec4 v000000000290a930_0, 0, 8;
    %jmp T_18.21;
T_18.11 ;
    %pushi/vec4 146, 0, 8;
    %store/vec4 v000000000290a930_0, 0, 8;
    %jmp T_18.21;
T_18.12 ;
    %pushi/vec4 153, 0, 8;
    %store/vec4 v000000000290a930_0, 0, 8;
    %jmp T_18.21;
T_18.13 ;
    %pushi/vec4 176, 0, 8;
    %store/vec4 v000000000290a930_0, 0, 8;
    %jmp T_18.21;
T_18.14 ;
    %pushi/vec4 164, 0, 8;
    %store/vec4 v000000000290a930_0, 0, 8;
    %jmp T_18.21;
T_18.15 ;
    %pushi/vec4 249, 0, 8;
    %store/vec4 v000000000290a930_0, 0, 8;
    %jmp T_18.21;
T_18.16 ;
    %pushi/vec4 127, 0, 8;
    %store/vec4 v000000000290a930_0, 0, 8;
    %jmp T_18.21;
T_18.17 ;
    %pushi/vec4 255, 0, 8;
    %store/vec4 v000000000290a930_0, 0, 8;
    %jmp T_18.21;
T_18.18 ;
    %pushi/vec4 191, 0, 8;
    %store/vec4 v000000000290a930_0, 0, 8;
    %jmp T_18.21;
T_18.19 ;
    %pushi/vec4 142, 0, 8;
    %store/vec4 v000000000290a930_0, 0, 8;
    %jmp T_18.21;
T_18.21 ;
    %pop/vec4 1;
    %jmp T_18;
    .thread T_18, $push;
    .scope S_0000000002908cf0;
T_19 ;
    %wait E_00000000010d8ef0;
    %load/vec4 v000000000290ac50_0;
    %load/vec4 v000000000290a890_0;
    %concat/vec4; draw_concat_vec4
    %dup/vec4;
    %pushi/vec4 8, 0, 8;
    %cmp/u;
    %jmp/1 T_19.0, 6;
    %dup/vec4;
    %pushi/vec4 24, 0, 8;
    %cmp/u;
    %jmp/1 T_19.1, 6;
    %dup/vec4;
    %pushi/vec4 40, 0, 8;
    %cmp/u;
    %jmp/1 T_19.2, 6;
    %dup/vec4;
    %pushi/vec4 56, 0, 8;
    %cmp/u;
    %jmp/1 T_19.3, 6;
    %dup/vec4;
    %pushi/vec4 72, 0, 8;
    %cmp/u;
    %jmp/1 T_19.4, 6;
    %dup/vec4;
    %pushi/vec4 88, 0, 8;
    %cmp/u;
    %jmp/1 T_19.5, 6;
    %dup/vec4;
    %pushi/vec4 104, 0, 8;
    %cmp/u;
    %jmp/1 T_19.6, 6;
    %dup/vec4;
    %pushi/vec4 120, 0, 8;
    %cmp/u;
    %jmp/1 T_19.7, 6;
    %dup/vec4;
    %pushi/vec4 136, 0, 8;
    %cmp/u;
    %jmp/1 T_19.8, 6;
    %dup/vec4;
    %pushi/vec4 152, 0, 8;
    %cmp/u;
    %jmp/1 T_19.9, 6;
    %dup/vec4;
    %pushi/vec4 168, 0, 8;
    %cmp/u;
    %jmp/1 T_19.10, 6;
    %dup/vec4;
    %pushi/vec4 184, 0, 8;
    %cmp/u;
    %jmp/1 T_19.11, 6;
    %dup/vec4;
    %pushi/vec4 200, 0, 8;
    %cmp/u;
    %jmp/1 T_19.12, 6;
    %dup/vec4;
    %pushi/vec4 216, 0, 8;
    %cmp/u;
    %jmp/1 T_19.13, 6;
    %dup/vec4;
    %pushi/vec4 232, 0, 8;
    %cmp/u;
    %jmp/1 T_19.14, 6;
    %dup/vec4;
    %pushi/vec4 248, 0, 8;
    %cmp/u;
    %jmp/1 T_19.15, 6;
    %dup/vec4;
    %pushi/vec4 32, 0, 8;
    %cmp/u;
    %jmp/1 T_19.16, 6;
    %dup/vec4;
    %pushi/vec4 16, 0, 8;
    %cmp/u;
    %jmp/1 T_19.17, 6;
    %dup/vec4;
    %pushi/vec4 64, 0, 8;
    %cmp/u;
    %jmp/1 T_19.18, 6;
    %dup/vec4;
    %pushi/vec4 128, 0, 8;
    %cmp/u;
    %jmp/1 T_19.19, 6;
    %pushi/vec4 192, 0, 8;
    %store/vec4 v0000000002909ad0_0, 0, 8;
    %jmp T_19.21;
T_19.0 ;
    %pushi/vec4 192, 0, 8;
    %store/vec4 v0000000002909ad0_0, 0, 8;
    %jmp T_19.21;
T_19.1 ;
    %pushi/vec4 249, 0, 8;
    %store/vec4 v0000000002909ad0_0, 0, 8;
    %jmp T_19.21;
T_19.2 ;
    %pushi/vec4 164, 0, 8;
    %store/vec4 v0000000002909ad0_0, 0, 8;
    %jmp T_19.21;
T_19.3 ;
    %pushi/vec4 176, 0, 8;
    %store/vec4 v0000000002909ad0_0, 0, 8;
    %jmp T_19.21;
T_19.4 ;
    %pushi/vec4 153, 0, 8;
    %store/vec4 v0000000002909ad0_0, 0, 8;
    %jmp T_19.21;
T_19.5 ;
    %pushi/vec4 146, 0, 8;
    %store/vec4 v0000000002909ad0_0, 0, 8;
    %jmp T_19.21;
T_19.6 ;
    %pushi/vec4 130, 0, 8;
    %store/vec4 v0000000002909ad0_0, 0, 8;
    %jmp T_19.21;
T_19.7 ;
    %pushi/vec4 248, 0, 8;
    %store/vec4 v0000000002909ad0_0, 0, 8;
    %jmp T_19.21;
T_19.8 ;
    %pushi/vec4 128, 0, 8;
    %store/vec4 v0000000002909ad0_0, 0, 8;
    %jmp T_19.21;
T_19.9 ;
    %pushi/vec4 248, 0, 8;
    %store/vec4 v0000000002909ad0_0, 0, 8;
    %jmp T_19.21;
T_19.10 ;
    %pushi/vec4 130, 0, 8;
    %store/vec4 v0000000002909ad0_0, 0, 8;
    %jmp T_19.21;
T_19.11 ;
    %pushi/vec4 146, 0, 8;
    %store/vec4 v0000000002909ad0_0, 0, 8;
    %jmp T_19.21;
T_19.12 ;
    %pushi/vec4 153, 0, 8;
    %store/vec4 v0000000002909ad0_0, 0, 8;
    %jmp T_19.21;
T_19.13 ;
    %pushi/vec4 176, 0, 8;
    %store/vec4 v0000000002909ad0_0, 0, 8;
    %jmp T_19.21;
T_19.14 ;
    %pushi/vec4 164, 0, 8;
    %store/vec4 v0000000002909ad0_0, 0, 8;
    %jmp T_19.21;
T_19.15 ;
    %pushi/vec4 249, 0, 8;
    %store/vec4 v0000000002909ad0_0, 0, 8;
    %jmp T_19.21;
T_19.16 ;
    %pushi/vec4 127, 0, 8;
    %store/vec4 v0000000002909ad0_0, 0, 8;
    %jmp T_19.21;
T_19.17 ;
    %pushi/vec4 255, 0, 8;
    %store/vec4 v0000000002909ad0_0, 0, 8;
    %jmp T_19.21;
T_19.18 ;
    %pushi/vec4 191, 0, 8;
    %store/vec4 v0000000002909ad0_0, 0, 8;
    %jmp T_19.21;
T_19.19 ;
    %pushi/vec4 142, 0, 8;
    %store/vec4 v0000000002909ad0_0, 0, 8;
    %jmp T_19.21;
T_19.21 ;
    %pop/vec4 1;
    %jmp T_19;
    .thread T_19, $push;
    .scope S_000000000111ebf0;
T_20 ;
    %wait E_00000000010d8bb0;
    %pushi/vec4 0, 0, 4;
    %store/vec4 v000000000290b0b0_0, 0, 4;
    %pushi/vec4 8, 0, 4;
    %store/vec4 v0000000002909350_0, 0, 4;
    %jmp T_20;
    .thread T_20, $push;
    .scope S_000000000111ebf0;
T_21 ;
    %wait E_00000000010d9170;
    %load/vec4 v000000000290acf0_0;
    %parti/s 1, 3, 3;
    %pad/u 32;
    %cmpi/e 0, 0, 32;
    %jmp/0xz  T_21.0, 4;
    %pushi/vec4 1, 0, 4;
    %store/vec4 v00000000029097b0_0, 0, 4;
    %load/vec4 v000000000290acf0_0;
    %store/vec4 v00000000029095d0_0, 0, 4;
T_21.0 ;
    %load/vec4 v000000000290acf0_0;
    %parti/s 1, 3, 3;
    %pad/u 32;
    %cmpi/e 1, 0, 32;
    %jmp/0xz  T_21.2, 4;
    %pushi/vec4 4, 0, 4;
    %store/vec4 v00000000029097b0_0, 0, 4;
    %load/vec4 v000000000290acf0_0;
    %store/vec4 v00000000029095d0_0, 0, 4;
T_21.2 ;
    %jmp T_21;
    .thread T_21, $push;
    .scope S_000000000111ebf0;
T_22 ;
    %wait E_00000000010d78b0;
    %load/vec4 v0000000002909b70_0;
    %parti/s 1, 3, 3;
    %pad/u 32;
    %cmpi/e 0, 0, 32;
    %jmp/0xz  T_22.0, 4;
    %pushi/vec4 1, 0, 4;
    %store/vec4 v0000000002909210_0, 0, 4;
    %load/vec4 v0000000002909b70_0;
    %store/vec4 v000000000290ad90_0, 0, 4;
T_22.0 ;
    %load/vec4 v0000000002909b70_0;
    %parti/s 1, 3, 3;
    %pad/u 32;
    %cmpi/e 1, 0, 32;
    %jmp/0xz  T_22.2, 4;
    %pushi/vec4 4, 0, 4;
    %store/vec4 v0000000002909210_0, 0, 4;
    %load/vec4 v0000000002909b70_0;
    %store/vec4 v000000000290ad90_0, 0, 4;
T_22.2 ;
    %jmp T_22;
    .thread T_22, $push;
    .scope S_000000000111ebf0;
T_23 ;
    %wait E_00000000010d7830;
    %load/vec4 v000000000290b010_0;
    %pad/u 32;
    %cmpi/e 1, 0, 32;
    %jmp/0xz  T_23.0, 4;
    %pushi/vec4 0, 0, 4;
    %store/vec4 v000000000290a4d0_0, 0, 4;
    %pushi/vec4 8, 0, 4;
    %store/vec4 v0000000002909f30_0, 0, 4;
    %pushi/vec4 0, 0, 4;
    %store/vec4 v000000000290a570_0, 0, 4;
T_23.0 ;
    %load/vec4 v000000000290b010_0;
    %pad/u 32;
    %pushi/vec4 0, 0, 32;
    %cmp/e;
    %flag_get/vec4 4;
    %load/vec4 v0000000002909850_0;
    %parti/s 1, 3, 3;
    %pad/u 32;
    %pushi/vec4 0, 0, 32;
    %cmp/e;
    %flag_get/vec4 4;
    %and;
    %flag_set/vec4 8;
    %jmp/0xz  T_23.2, 8;
    %pushi/vec4 1, 0, 4;
    %store/vec4 v000000000290a4d0_0, 0, 4;
    %load/vec4 v0000000002909850_0;
    %store/vec4 v0000000002909f30_0, 0, 4;
    %pushi/vec4 8, 0, 4;
    %store/vec4 v000000000290a570_0, 0, 4;
T_23.2 ;
    %load/vec4 v000000000290b010_0;
    %pad/u 32;
    %pushi/vec4 0, 0, 32;
    %cmp/e;
    %flag_get/vec4 4;
    %load/vec4 v0000000002909850_0;
    %parti/s 1, 3, 3;
    %pad/u 32;
    %pushi/vec4 1, 0, 32;
    %cmp/e;
    %flag_get/vec4 4;
    %and;
    %flag_set/vec4 8;
    %jmp/0xz  T_23.4, 8;
    %pushi/vec4 4, 0, 4;
    %store/vec4 v000000000290a4d0_0, 0, 4;
    %load/vec4 v0000000002909850_0;
    %store/vec4 v0000000002909f30_0, 0, 4;
    %pushi/vec4 8, 0, 4;
    %store/vec4 v000000000290a570_0, 0, 4;
T_23.4 ;
    %jmp T_23;
    .thread T_23, $push;
    .scope S_00000000010daeb0;
T_24 ;
    %vpi_call 6 46 "$dumpfile", "output.vcd" {0 0 0};
    %vpi_call 6 47 "$dumpvars" {0 0 0};
    %vpi_call 6 48 "$display", "Starting adder simulation" {0 0 0};
    %vpi_call 6 49 "$display", "Input 00100100" {0 0 0};
    %pushi/vec4 36, 0, 8;
    %cassign/vec4 v000000000290a610_0;
    %vpi_call 6 51 "$display", "All positive inputs" {0 0 0};
    %delay 100, 0;
    %vpi_call 6 52 "$display", "%b", v0000000002909e90_0 {0 0 0};
    %delay 100, 0;
    %vpi_call 6 53 "$display", "%b", v0000000002909fd0_0 {0 0 0};
    %delay 100, 0;
    %vpi_call 6 54 "$display", "%b", v00000000029093f0_0 {0 0 0};
    %delay 100, 0;
    %vpi_call 6 55 "$display", "%b", v0000000002909cb0_0 {0 0 0};
    %delay 100, 0;
    %vpi_call 6 56 "$display", "%b", v000000000290a750_0 {0 0 0};
    %vpi_call 6 57 "$display", "Subtract" {0 0 0};
    %delay 100, 0;
    %pushi/vec4 1, 0, 1;
    %ix/load 4, 0, 0;
    %flag_set/imm 4, 0;
    %cassign/vec4/off v000000000290a430_0, 4;
    %delay 100, 0;
    %vpi_call 6 59 "$display", "%b", v0000000002909e90_0 {0 0 0};
    %delay 100, 0;
    %vpi_call 6 60 "$display", "%b", v0000000002909fd0_0 {0 0 0};
    %delay 100, 0;
    %vpi_call 6 61 "$display", "%b", v00000000029093f0_0 {0 0 0};
    %delay 100, 0;
    %vpi_call 6 62 "$display", "%b", v0000000002909cb0_0 {0 0 0};
    %delay 100, 0;
    %vpi_call 6 63 "$display", "%b", v000000000290a750_0 {0 0 0};
    %delay 100, 0;
    %vpi_call 6 64 "$display", "Ending adder imulation." {0 0 0};
    %vpi_call 6 65 "$display", "--------------------------------------------------" {0 0 0};
    %vpi_call 6 66 "$display", "Starting sevenseg simulation" {0 0 0};
    %vpi_call 6 67 "$display", "Positive inputs and sum" {0 0 0};
    %delay 100, 0;
    %pushi/vec4 34, 0, 8;
    %cassign/vec4 v000000000290a610_0;
    %delay 100, 0;
    %vpi_call 6 69 "$display", "%b", v0000000002909df0_0 {0 0 0};
    %delay 100, 0;
    %vpi_call 6 70 "$display", "%b", v000000000290a1b0_0 {0 0 0};
    %delay 100, 0;
    %vpi_call 6 71 "$display", "%b", v000000000290a9d0_0 {0 0 0};
    %delay 100, 0;
    %vpi_call 6 72 "$display", "%b", v00000000029092b0_0 {0 0 0};
    %delay 100, 0;
    %vpi_call 6 73 "$display", "%b", v000000000290a390_0 {0 0 0};
    %delay 100, 0;
    %vpi_call 6 74 "$display", "%b", v000000000290aed0_0 {0 0 0};
    %vpi_call 6 75 "$display", "Negative and positive inputs and sum" {0 0 0};
    %delay 100, 0;
    %pushi/vec4 162, 0, 8;
    %cassign/vec4 v000000000290a610_0;
    %delay 100, 0;
    %vpi_call 6 77 "$display", "%b", v0000000002909df0_0 {0 0 0};
    %delay 100, 0;
    %vpi_call 6 78 "$display", "%b", v000000000290a1b0_0 {0 0 0};
    %delay 100, 0;
    %vpi_call 6 79 "$display", "%b", v000000000290a9d0_0 {0 0 0};
    %delay 100, 0;
    %vpi_call 6 80 "$display", "%b", v00000000029092b0_0 {0 0 0};
    %delay 100, 0;
    %vpi_call 6 81 "$display", "%b", v000000000290a390_0 {0 0 0};
    %delay 100, 0;
    %vpi_call 6 82 "$display", "%b", v000000000290aed0_0 {0 0 0};
    %vpi_call 6 83 "$display", "Negative inputs and sum" {0 0 0};
    %delay 100, 0;
    %pushi/vec4 255, 0, 8;
    %cassign/vec4 v000000000290a610_0;
    %delay 100, 0;
    %vpi_call 6 85 "$display", "%b", v0000000002909df0_0 {0 0 0};
    %delay 100, 0;
    %vpi_call 6 86 "$display", "%b", v000000000290a1b0_0 {0 0 0};
    %delay 100, 0;
    %vpi_call 6 87 "$display", "%b", v000000000290a9d0_0 {0 0 0};
    %delay 100, 0;
    %vpi_call 6 88 "$display", "%b", v00000000029092b0_0 {0 0 0};
    %delay 100, 0;
    %vpi_call 6 89 "$display", "%b", v000000000290a390_0 {0 0 0};
    %delay 100, 0;
    %vpi_call 6 90 "$display", "%b", v000000000290aed0_0 {0 0 0};
    %vpi_call 6 91 "$display", "Overflow" {0 0 0};
    %delay 100, 0;
    %pushi/vec4 39, 0, 8;
    %cassign/vec4 v000000000290a610_0;
    %delay 100, 0;
    %vpi_call 6 93 "$display", "%b", v0000000002909df0_0 {0 0 0};
    %delay 100, 0;
    %vpi_call 6 94 "$display", "%b", v000000000290a1b0_0 {0 0 0};
    %delay 100, 0;
    %vpi_call 6 95 "$display", "%b", v000000000290a9d0_0 {0 0 0};
    %delay 100, 0;
    %vpi_call 6 96 "$display", "%b", v00000000029092b0_0 {0 0 0};
    %delay 100, 0;
    %vpi_call 6 97 "$display", "%b", v000000000290a390_0 {0 0 0};
    %delay 100, 0;
    %vpi_call 6 98 "$display", "%b", v000000000290aed0_0 {0 0 0};
    %vpi_call 6 99 "$display", "Zero" {0 0 0};
    %delay 100, 0;
    %pushi/vec4 31, 0, 8;
    %cassign/vec4 v000000000290a610_0;
    %delay 100, 0;
    %vpi_call 6 101 "$display", "%b", v0000000002909df0_0 {0 0 0};
    %delay 100, 0;
    %vpi_call 6 102 "$display", "%b", v000000000290a1b0_0 {0 0 0};
    %delay 100, 0;
    %vpi_call 6 103 "$display", "%b", v000000000290a9d0_0 {0 0 0};
    %delay 100, 0;
    %vpi_call 6 104 "$display", "%b", v00000000029092b0_0 {0 0 0};
    %delay 100, 0;
    %vpi_call 6 105 "$display", "%b", v000000000290a390_0 {0 0 0};
    %delay 100, 0;
    %vpi_call 6 106 "$display", "%b", v000000000290aed0_0 {0 0 0};
    %vpi_call 6 107 "$display", "Positive inputs and subtract" {0 0 0};
    %delay 100, 0;
    %pushi/vec4 33, 0, 8;
    %cassign/vec4 v000000000290a610_0;
    %delay 100, 0;
    %pushi/vec4 1, 0, 1;
    %ix/load 4, 0, 0;
    %flag_set/imm 4, 0;
    %cassign/vec4/off v000000000290a430_0, 4;
    %delay 100, 0;
    %vpi_call 6 110 "$display", "%b", v0000000002909df0_0 {0 0 0};
    %delay 100, 0;
    %vpi_call 6 111 "$display", "%b", v000000000290a1b0_0 {0 0 0};
    %delay 100, 0;
    %vpi_call 6 112 "$display", "%b", v000000000290a9d0_0 {0 0 0};
    %delay 100, 0;
    %vpi_call 6 113 "$display", "%b", v00000000029092b0_0 {0 0 0};
    %delay 100, 0;
    %vpi_call 6 114 "$display", "%b", v000000000290a390_0 {0 0 0};
    %delay 100, 0;
    %vpi_call 6 115 "$display", "%b", v000000000290aed0_0 {0 0 0};
    %vpi_call 6 116 "$display", "Negative and positive inputs and subtract" {0 0 0};
    %delay 100, 0;
    %pushi/vec4 225, 0, 8;
    %cassign/vec4 v000000000290a610_0;
    %delay 100, 0;
    %pushi/vec4 1, 0, 1;
    %ix/load 4, 0, 0;
    %flag_set/imm 4, 0;
    %cassign/vec4/off v000000000290a430_0, 4;
    %delay 100, 0;
    %vpi_call 6 119 "$display", "%b", v0000000002909df0_0 {0 0 0};
    %delay 100, 0;
    %vpi_call 6 120 "$display", "%b", v000000000290a1b0_0 {0 0 0};
    %delay 100, 0;
    %vpi_call 6 121 "$display", "%b", v000000000290a9d0_0 {0 0 0};
    %delay 100, 0;
    %vpi_call 6 122 "$display", "%b", v00000000029092b0_0 {0 0 0};
    %delay 100, 0;
    %vpi_call 6 123 "$display", "%b", v000000000290a390_0 {0 0 0};
    %delay 100, 0;
    %vpi_call 6 124 "$display", "%b", v000000000290aed0_0 {0 0 0};
    %vpi_call 6 125 "$display", "Negative inputs and subtract" {0 0 0};
    %delay 100, 0;
    %pushi/vec4 239, 0, 8;
    %cassign/vec4 v000000000290a610_0;
    %delay 100, 0;
    %pushi/vec4 1, 0, 1;
    %ix/load 4, 0, 0;
    %flag_set/imm 4, 0;
    %cassign/vec4/off v000000000290a430_0, 4;
    %delay 100, 0;
    %vpi_call 6 128 "$display", "%b", v0000000002909df0_0 {0 0 0};
    %delay 100, 0;
    %vpi_call 6 129 "$display", "%b", v000000000290a1b0_0 {0 0 0};
    %delay 100, 0;
    %vpi_call 6 130 "$display", "%b", v000000000290a9d0_0 {0 0 0};
    %delay 100, 0;
    %vpi_call 6 131 "$display", "%b", v00000000029092b0_0 {0 0 0};
    %delay 100, 0;
    %vpi_call 6 132 "$display", "%b", v000000000290a390_0 {0 0 0};
    %delay 100, 0;
    %vpi_call 6 133 "$display", "%b", v000000000290aed0_0 {0 0 0};
    %vpi_call 6 134 "$display", "Overflow" {0 0 0};
    %delay 100, 0;
    %pushi/vec4 135, 0, 8;
    %cassign/vec4 v000000000290a610_0;
    %delay 100, 0;
    %pushi/vec4 1, 0, 1;
    %ix/load 4, 0, 0;
    %flag_set/imm 4, 0;
    %cassign/vec4/off v000000000290a430_0, 4;
    %delay 100, 0;
    %vpi_call 6 137 "$display", "%b", v0000000002909df0_0 {0 0 0};
    %delay 100, 0;
    %vpi_call 6 138 "$display", "%b", v000000000290a1b0_0 {0 0 0};
    %delay 100, 0;
    %vpi_call 6 139 "$display", "%b", v000000000290a9d0_0 {0 0 0};
    %delay 100, 0;
    %vpi_call 6 140 "$display", "%b", v00000000029092b0_0 {0 0 0};
    %delay 100, 0;
    %vpi_call 6 141 "$display", "%b", v000000000290a390_0 {0 0 0};
    %delay 100, 0;
    %vpi_call 6 142 "$display", "%b", v000000000290aed0_0 {0 0 0};
    %delay 100, 0;
    %vpi_call 6 143 "$display", "Ending sevenseg simulation." {0 0 0};
    %vpi_call 6 144 "$finish" {0 0 0};
    %end;
    .thread T_24;
# The file index is used to find the file name in the following table.
:file_names 7;
    "N/A";
    "<interactive>";
    "Design2_top.v";
    "fullAdder.v";
    "sevensegcall2.v";
    "sevenseg2.v";
    "tb2.v";
