#! /usr/local/iverilog/bin/vvp
:ivl_version "11.0 (devel)" "(s20150603-612-ga9388a89)";
:ivl_delay_selection "TYPICAL";
:vpi_time_precision + 0;
:vpi_module "system";
:vpi_module "vhdl_sys";
:vpi_module "vhdl_textio";
:vpi_module "v2005_math";
:vpi_module "va_math";
S_0000000002792620 .scope module, "top" "top" 2 1;
 .timescale 0 0;
    .port_info 0 /OUTPUT 8 "unnamed";
    .port_info 1 /INPUT 8 "SW";
    .port_info 2 /INPUT 1 "unnamed";
v000000000116d1c0_0 .net "KEY", 1 0, L_00000000027c18a0;  1 drivers
v000000000116d260_0 .net "LEDR", 7 0, v000000000116cf40_0;  1 drivers
o00000000027c7038 .functor BUFZ 8, C4<zzzzzzzz>; HiZ drive
v000000000116d300_0 .net "SW", 7 0, o00000000027c7038;  0 drivers
o00000000027c7188 .functor BUFZ 1, C4<z>; HiZ drive
; Elide local net with no drivers, v00000000027c0d10_0 name=_s0
v00000000027c0db0_0 .net *"_s3", 0 0, L_00000000027c1440;  1 drivers
L_00000000027c18a0 .part/pv o00000000027c7188, 0, 1, 2;
L_00000000027c1440 .part L_00000000027c18a0, 0, 1;
S_00000000027927b0 .scope module, "U0" "led_switch" 2 6, 3 1 0, S_0000000002792620;
 .timescale 0 0;
    .port_info 0 /OUTPUT 8 "unnamed";
    .port_info 1 /INPUT 8 "SW";
    .port_info 2 /INPUT 1 "unnamed";
v0000000001169e40_0 .net "KEY", 1 0, L_00000000027c1a80;  1 drivers
v000000000116cf40_0 .var "LEDR", 7 0;
v000000000116cfe0_0 .net "SW", 7 0, o00000000027c7038;  alias, 0 drivers
v000000000116d080_0 .net *"_s3", 0 0, L_00000000027c1940;  1 drivers
v000000000116d120_0 .net *"_s5", 0 0, L_00000000027c1440;  alias, 1 drivers
E_000000000116e220 .event edge, L_00000000027c1940, v000000000116cfe0_0;
L_00000000027c1940 .part L_00000000027c1a80, 0, 1;
L_00000000027c1a80 .part/pv L_00000000027c1440, 0, 1, 2;
    .scope S_00000000027927b0;
T_0 ;
    %wait E_000000000116e220;
    %load/vec4 v000000000116cfe0_0;
    %inv;
    %store/vec4 v000000000116cf40_0, 0, 8;
    %load/vec4 v0000000001169e40_0;
    %parti/s 1, 0, 2;
    %flag_set/vec4 8;
    %jmp/0xz  T_0.0, 8;
    %load/vec4 v000000000116cfe0_0;
    %store/vec4 v000000000116cf40_0, 0, 8;
T_0.0 ;
    %jmp T_0;
    .thread T_0, $push;
# The file index is used to find the file name in the following table.
:file_names 4;
    "N/A";
    "<interactive>";
    "Design1_top.v";
    "led_switch.v";
