Analysis & Synthesis report for Lab1_top
Sun Oct 06 17:24:01 2019
Quartus Prime Version 18.1.0 Build 625 09/12/2018 SJ Lite Edition


---------------------
; Table of Contents ;
---------------------
  1. Legal Notice
  2. Analysis & Synthesis Summary
  3. Analysis & Synthesis Settings
  4. Parallel Compilation
  5. Analysis & Synthesis Source Files Read
  6. Analysis & Synthesis Resource Usage Summary
  7. Analysis & Synthesis Resource Utilization by Entity
  8. General Register Statistics
  9. Multiplexer Restructuring Statistics (Restructuring Performed)
 10. Port Connectivity Checks: "Design1_top:u0|sevensegcall:U1|sevenseg:a5"
 11. Port Connectivity Checks: "Design1_top:u0|sevensegcall:U1|sevenseg:a4"
 12. Port Connectivity Checks: "Design1_top:u0|sevensegcall:U1|sevenseg:a3"
 13. Port Connectivity Checks: "Design1_top:u0|sevensegcall:U1|sevenseg:a2"
 14. Port Connectivity Checks: "Design1_top:u0|sevensegcall:U1|sevenseg:a1"
 15. Port Connectivity Checks: "Design1_top:u0|sevensegcall:U1|sevenseg:a0"
 16. Post-Synthesis Netlist Statistics for Top Partition
 17. Elapsed Time Per Partition
 18. Analysis & Synthesis Messages



----------------
; Legal Notice ;
----------------
Copyright (C) 2018  Intel Corporation. All rights reserved.
Your use of Intel Corporation's design tools, logic functions 
and other software and tools, and its AMPP partner logic 
functions, and any output files from any of the foregoing 
(including device programming or simulation files), and any 
associated documentation or information are expressly subject 
to the terms and conditions of the Intel Program License 
Subscription Agreement, the Intel Quartus Prime License Agreement,
the Intel FPGA IP License Agreement, or other applicable license
agreement, including, without limitation, that your use is for
the sole purpose of programming logic devices manufactured by
Intel and sold by Intel or its authorized distributors.  Please
refer to the applicable agreement for further details.



+----------------------------------------------------------------------------------+
; Analysis & Synthesis Summary                                                     ;
+------------------------------------+---------------------------------------------+
; Analysis & Synthesis Status        ; Successful - Sun Oct 06 17:24:01 2019       ;
; Quartus Prime Version              ; 18.1.0 Build 625 09/12/2018 SJ Lite Edition ;
; Revision Name                      ; Lab1_top                                    ;
; Top-level Entity Name              ; Lab1_top                                    ;
; Family                             ; MAX 10                                      ;
; Total logic elements               ; 11                                          ;
;     Total combinational functions  ; 11                                          ;
;     Dedicated logic registers      ; 0                                           ;
; Total registers                    ; 0                                           ;
; Total pins                         ; 70                                          ;
; Total virtual pins                 ; 0                                           ;
; Total memory bits                  ; 0                                           ;
; Embedded Multiplier 9-bit elements ; 0                                           ;
; Total PLLs                         ; 0                                           ;
; UFM blocks                         ; 0                                           ;
; ADC blocks                         ; 0                                           ;
+------------------------------------+---------------------------------------------+


+------------------------------------------------------------------------------------------------------------+
; Analysis & Synthesis Settings                                                                              ;
+------------------------------------------------------------------+--------------------+--------------------+
; Option                                                           ; Setting            ; Default Value      ;
+------------------------------------------------------------------+--------------------+--------------------+
; Device                                                           ; 10M50DAF484C7G     ;                    ;
; Top-level entity name                                            ; Lab1_top           ; Lab1_top           ;
; Family name                                                      ; MAX 10 FPGA        ; Cyclone V          ;
; Use smart compilation                                            ; Off                ; Off                ;
; Enable parallel Assembler and Timing Analyzer during compilation ; On                 ; On                 ;
; Enable compact report table                                      ; Off                ; Off                ;
; Restructure Multiplexers                                         ; Auto               ; Auto               ;
; Create Debugging Nodes for IP Cores                              ; Off                ; Off                ;
; Preserve fewer node names                                        ; On                 ; On                 ;
; Intel FPGA IP Evaluation Mode                                    ; Enable             ; Enable             ;
; Verilog Version                                                  ; Verilog_2001       ; Verilog_2001       ;
; VHDL Version                                                     ; VHDL_1993          ; VHDL_1993          ;
; State Machine Processing                                         ; Auto               ; Auto               ;
; Safe State Machine                                               ; Off                ; Off                ;
; Extract Verilog State Machines                                   ; On                 ; On                 ;
; Extract VHDL State Machines                                      ; On                 ; On                 ;
; Ignore Verilog initial constructs                                ; Off                ; Off                ;
; Iteration limit for constant Verilog loops                       ; 5000               ; 5000               ;
; Iteration limit for non-constant Verilog loops                   ; 250                ; 250                ;
; Add Pass-Through Logic to Inferred RAMs                          ; On                 ; On                 ;
; Infer RAMs from Raw Logic                                        ; On                 ; On                 ;
; Parallel Synthesis                                               ; On                 ; On                 ;
; DSP Block Balancing                                              ; Auto               ; Auto               ;
; NOT Gate Push-Back                                               ; On                 ; On                 ;
; Power-Up Don't Care                                              ; On                 ; On                 ;
; Remove Redundant Logic Cells                                     ; Off                ; Off                ;
; Remove Duplicate Registers                                       ; On                 ; On                 ;
; Ignore CARRY Buffers                                             ; Off                ; Off                ;
; Ignore CASCADE Buffers                                           ; Off                ; Off                ;
; Ignore GLOBAL Buffers                                            ; Off                ; Off                ;
; Ignore ROW GLOBAL Buffers                                        ; Off                ; Off                ;
; Ignore LCELL Buffers                                             ; Off                ; Off                ;
; Ignore SOFT Buffers                                              ; On                 ; On                 ;
; Limit AHDL Integers to 32 Bits                                   ; Off                ; Off                ;
; Optimization Technique                                           ; Balanced           ; Balanced           ;
; Carry Chain Length                                               ; 70                 ; 70                 ;
; Auto Carry Chains                                                ; On                 ; On                 ;
; Auto Open-Drain Pins                                             ; On                 ; On                 ;
; Perform WYSIWYG Primitive Resynthesis                            ; Off                ; Off                ;
; Auto ROM Replacement                                             ; On                 ; On                 ;
; Auto RAM Replacement                                             ; On                 ; On                 ;
; Auto DSP Block Replacement                                       ; On                 ; On                 ;
; Auto Shift Register Replacement                                  ; Auto               ; Auto               ;
; Allow Shift Register Merging across Hierarchies                  ; Auto               ; Auto               ;
; Auto Clock Enable Replacement                                    ; On                 ; On                 ;
; Strict RAM Replacement                                           ; Off                ; Off                ;
; Allow Synchronous Control Signals                                ; On                 ; On                 ;
; Force Use of Synchronous Clear Signals                           ; Off                ; Off                ;
; Auto RAM Block Balancing                                         ; On                 ; On                 ;
; Auto RAM to Logic Cell Conversion                                ; Off                ; Off                ;
; Auto Resource Sharing                                            ; Off                ; Off                ;
; Allow Any RAM Size For Recognition                               ; Off                ; Off                ;
; Allow Any ROM Size For Recognition                               ; Off                ; Off                ;
; Allow Any Shift Register Size For Recognition                    ; Off                ; Off                ;
; Use LogicLock Constraints during Resource Balancing              ; On                 ; On                 ;
; Ignore translate_off and synthesis_off directives                ; Off                ; Off                ;
; Timing-Driven Synthesis                                          ; On                 ; On                 ;
; Report Parameter Settings                                        ; On                 ; On                 ;
; Report Source Assignments                                        ; On                 ; On                 ;
; Report Connectivity Checks                                       ; On                 ; On                 ;
; Ignore Maximum Fan-Out Assignments                               ; Off                ; Off                ;
; Synchronization Register Chain Length                            ; 2                  ; 2                  ;
; Power Optimization During Synthesis                              ; Normal compilation ; Normal compilation ;
; HDL message level                                                ; Level2             ; Level2             ;
; Suppress Register Optimization Related Messages                  ; Off                ; Off                ;
; Number of Removed Registers Reported in Synthesis Report         ; 5000               ; 5000               ;
; Number of Swept Nodes Reported in Synthesis Report               ; 5000               ; 5000               ;
; Number of Inverted Registers Reported in Synthesis Report        ; 100                ; 100                ;
; Clock MUX Protection                                             ; On                 ; On                 ;
; Auto Gated Clock Conversion                                      ; Off                ; Off                ;
; Block Design Naming                                              ; Auto               ; Auto               ;
; SDC constraint protection                                        ; Off                ; Off                ;
; Synthesis Effort                                                 ; Auto               ; Auto               ;
; Shift Register Replacement - Allow Asynchronous Clear Signal     ; On                 ; On                 ;
; Pre-Mapping Resynthesis Optimization                             ; Off                ; Off                ;
; Analysis & Synthesis Message Level                               ; Medium             ; Medium             ;
; Disable Register Merging Across Hierarchies                      ; Auto               ; Auto               ;
; Resource Aware Inference For Block RAM                           ; On                 ; On                 ;
+------------------------------------------------------------------+--------------------+--------------------+


+------------------------------------------+
; Parallel Compilation                     ;
+----------------------------+-------------+
; Processors                 ; Number      ;
+----------------------------+-------------+
; Number detected on machine ; 8           ;
; Maximum allowed            ; 4           ;
;                            ;             ;
; Average used               ; 1.00        ;
; Maximum used               ; 1           ;
;                            ;             ;
; Usage by Processor         ; % Time Used ;
;     Processor 1            ; 100.0%      ;
+----------------------------+-------------+


+------------------------------------------------------------------------------------------------------------------------------------------------------------------------------+
; Analysis & Synthesis Source Files Read                                                                                                                                       ;
+----------------------------------+-----------------+------------------------+--------------------------------------------------------------------------------------+---------+
; File Name with User-Entered Path ; Used in Netlist ; File Type              ; File Name with Absolute Path                                                         ; Library ;
+----------------------------------+-----------------+------------------------+--------------------------------------------------------------------------------------+---------+
; ../Source/sevensegcall.v         ; yes             ; User Verilog HDL File  ; C:/Users/Joshua HP/Documents/GitHub/ECEN_2350/Lab1/Integration/Source/sevensegcall.v ;         ;
; ../Source/sevenseg.v             ; yes             ; User Verilog HDL File  ; C:/Users/Joshua HP/Documents/GitHub/ECEN_2350/Lab1/Integration/Source/sevenseg.v     ;         ;
; ../Source/led_switch.v           ; yes             ; User Verilog HDL File  ; C:/Users/Joshua HP/Documents/GitHub/ECEN_2350/Lab1/Integration/Source/led_switch.v   ;         ;
; ../Source/Design1_top.v          ; yes             ; User Verilog HDL File  ; C:/Users/Joshua HP/Documents/GitHub/ECEN_2350/Lab1/Integration/Source/Design1_top.v  ;         ;
; ../Source/Lab1_top.v             ; yes             ; User Verilog HDL File  ; C:/Users/Joshua HP/Documents/GitHub/ECEN_2350/Lab1/Integration/Source/Lab1_top.v     ;         ;
+----------------------------------+-----------------+------------------------+--------------------------------------------------------------------------------------+---------+


+--------------------------------------------------------+
; Analysis & Synthesis Resource Usage Summary            ;
+---------------------------------------------+----------+
; Resource                                    ; Usage    ;
+---------------------------------------------+----------+
; Estimated Total logic elements              ; 11       ;
;                                             ;          ;
; Total combinational functions               ; 11       ;
; Logic element usage by number of LUT inputs ;          ;
;     -- 4 input functions                    ; 8        ;
;     -- 3 input functions                    ; 2        ;
;     -- <=2 input functions                  ; 1        ;
;                                             ;          ;
; Logic elements by mode                      ;          ;
;     -- normal mode                          ; 11       ;
;     -- arithmetic mode                      ; 0        ;
;                                             ;          ;
; Total registers                             ; 0        ;
;     -- Dedicated logic registers            ; 0        ;
;     -- I/O registers                        ; 0        ;
;                                             ;          ;
; I/O pins                                    ; 70       ;
;                                             ;          ;
; Embedded Multiplier 9-bit elements          ; 0        ;
;                                             ;          ;
; Maximum fan-out node                        ; Equal0~0 ;
; Maximum fan-out                             ; 31       ;
; Total fan-out                               ; 157      ;
; Average fan-out                             ; 1.04     ;
+---------------------------------------------+----------+


+------------------------------------------------------------------------------------------------------------------------------------------------------------------------------------------------------------------------------------+
; Analysis & Synthesis Resource Utilization by Entity                                                                                                                                                                                ;
+----------------------------+---------------------+---------------------------+-------------+------------+--------------+---------+-----------+------+--------------+------------+---------------------+-------------+--------------+
; Compilation Hierarchy Node ; Combinational ALUTs ; Dedicated Logic Registers ; Memory Bits ; UFM Blocks ; DSP Elements ; DSP 9x9 ; DSP 18x18 ; Pins ; Virtual Pins ; ADC blocks ; Full Hierarchy Name ; Entity Name ; Library Name ;
+----------------------------+---------------------+---------------------------+-------------+------------+--------------+---------+-----------+------+--------------+------------+---------------------+-------------+--------------+
; |Lab1_top                  ; 11 (11)             ; 0 (0)                     ; 0           ; 0          ; 0            ; 0       ; 0         ; 70   ; 0            ; 0          ; |Lab1_top           ; Lab1_top    ; work         ;
+----------------------------+---------------------+---------------------------+-------------+------------+--------------+---------+-----------+------+--------------+------------+---------------------+-------------+--------------+
Note: For table entries with two numbers listed, the numbers in parentheses indicate the number of resources of the given type used by the specific entity alone. The numbers listed outside of parentheses indicate the total resources of the given type used by the specific entity and all of its sub-entities in the hierarchy.


+------------------------------------------------------+
; General Register Statistics                          ;
+----------------------------------------------+-------+
; Statistic                                    ; Value ;
+----------------------------------------------+-------+
; Total registers                              ; 0     ;
; Number of registers using Synchronous Clear  ; 0     ;
; Number of registers using Synchronous Load   ; 0     ;
; Number of registers using Asynchronous Clear ; 0     ;
; Number of registers using Asynchronous Load  ; 0     ;
; Number of registers using Clock Enable       ; 0     ;
; Number of registers using Preset             ; 0     ;
+----------------------------------------------+-------+


+------------------------------------------------------------------------------------------------------------------------------------------+
; Multiplexer Restructuring Statistics (Restructuring Performed)                                                                           ;
+--------------------+-----------+---------------+----------------------+------------------------+------------+----------------------------+
; Multiplexer Inputs ; Bus Width ; Baseline Area ; Area if Restructured ; Saving if Restructured ; Registered ; Example Multiplexer Output ;
+--------------------+-----------+---------------+----------------------+------------------------+------------+----------------------------+
; 3:1                ; 8 bits    ; 16 LEs        ; 16 LEs               ; 0 LEs                  ; No         ; |Lab1_top|LEDR             ;
+--------------------+-----------+---------------+----------------------+------------------------+------------+----------------------------+


+------------------------------------------------------------------------+
; Port Connectivity Checks: "Design1_top:u0|sevensegcall:U1|sevenseg:a5" ;
+------+-------+----------+----------------------------------------------+
; Port ; Type  ; Severity ; Details                                      ;
+------+-------+----------+----------------------------------------------+
; data ; Input ; Info     ; Stuck at GND                                 ;
+------+-------+----------+----------------------------------------------+


+------------------------------------------------------------------------+
; Port Connectivity Checks: "Design1_top:u0|sevensegcall:U1|sevenseg:a4" ;
+------+-------+----------+----------------------------------------------+
; Port ; Type  ; Severity ; Details                                      ;
+------+-------+----------+----------------------------------------------+
; data ; Input ; Info     ; Stuck at GND                                 ;
+------+-------+----------+----------------------------------------------+


+------------------------------------------------------------------------+
; Port Connectivity Checks: "Design1_top:u0|sevensegcall:U1|sevenseg:a3" ;
+-------------+-------+----------+---------------------------------------+
; Port        ; Type  ; Severity ; Details                               ;
+-------------+-------+----------+---------------------------------------+
; data[31..3] ; Input ; Info     ; Stuck at GND                          ;
; data[1]     ; Input ; Info     ; Stuck at VCC                          ;
+-------------+-------+----------+---------------------------------------+


+------------------------------------------------------------------------+
; Port Connectivity Checks: "Design1_top:u0|sevensegcall:U1|sevenseg:a2" ;
+------+-------+----------+----------------------------------------------+
; Port ; Type  ; Severity ; Details                                      ;
+------+-------+----------+----------------------------------------------+
; data ; Input ; Info     ; Stuck at GND                                 ;
+------+-------+----------+----------------------------------------------+


+------------------------------------------------------------------------+
; Port Connectivity Checks: "Design1_top:u0|sevensegcall:U1|sevenseg:a1" ;
+-------------+-------+----------+---------------------------------------+
; Port        ; Type  ; Severity ; Details                               ;
+-------------+-------+----------+---------------------------------------+
; data[31..4] ; Input ; Info     ; Stuck at GND                          ;
; data[2]     ; Input ; Info     ; Stuck at GND                          ;
+-------------+-------+----------+---------------------------------------+


+------------------------------------------------------------------------+
; Port Connectivity Checks: "Design1_top:u0|sevensegcall:U1|sevenseg:a0" ;
+------+-------+----------+----------------------------------------------+
; Port ; Type  ; Severity ; Details                                      ;
+------+-------+----------+----------------------------------------------+
; data ; Input ; Info     ; Stuck at GND                                 ;
+------+-------+----------+----------------------------------------------+


+-----------------------------------------------------+
; Post-Synthesis Netlist Statistics for Top Partition ;
+-----------------------+-----------------------------+
; Type                  ; Count                       ;
+-----------------------+-----------------------------+
; boundary_port         ; 70                          ;
; cycloneiii_lcell_comb ; 12                          ;
;     normal            ; 12                          ;
;         0 data inputs ; 1                           ;
;         2 data inputs ; 1                           ;
;         3 data inputs ; 2                           ;
;         4 data inputs ; 8                           ;
;                       ;                             ;
; Max LUT depth         ; 1.00                        ;
; Average LUT depth     ; 0.96                        ;
+-----------------------+-----------------------------+


+-------------------------------+
; Elapsed Time Per Partition    ;
+----------------+--------------+
; Partition Name ; Elapsed Time ;
+----------------+--------------+
; Top            ; 00:00:00     ;
+----------------+--------------+


+-------------------------------+
; Analysis & Synthesis Messages ;
+-------------------------------+
Info: *******************************************************************
Info: Running Quartus Prime Analysis & Synthesis
    Info: Version 18.1.0 Build 625 09/12/2018 SJ Lite Edition
    Info: Processing started: Sun Oct 06 17:23:47 2019
Info: Command: quartus_map --read_settings_files=on --write_settings_files=off Lab1_top -c Lab1_top
Warning (18236): Number of processors has not been specified which may cause overloading on shared machines.  Set the global assignment NUM_PARALLEL_PROCESSORS in your QSF to an appropriate value for best performance.
Info (20030): Parallel compilation is enabled and will use 4 of the 4 processors detected
Info (12021): Found 1 design units, including 1 entities, in source file /users/joshua hp/documents/github/ecen_2350/lab1/integration/source/sevensegcall.v
    Info (12023): Found entity 1: sevensegcall File: C:/Users/Joshua HP/Documents/GitHub/ECEN_2350/Lab1/Integration/Source/sevensegcall.v Line: 1
Info (12021): Found 1 design units, including 1 entities, in source file /users/joshua hp/documents/github/ecen_2350/lab1/integration/source/sevenseg.v
    Info (12023): Found entity 1: sevenseg File: C:/Users/Joshua HP/Documents/GitHub/ECEN_2350/Lab1/Integration/Source/sevenseg.v Line: 1
Info (12021): Found 1 design units, including 1 entities, in source file /users/joshua hp/documents/github/ecen_2350/lab1/integration/source/led_switch.v
    Info (12023): Found entity 1: led_switch File: C:/Users/Joshua HP/Documents/GitHub/ECEN_2350/Lab1/Integration/Source/led_switch.v Line: 1
Info (12021): Found 1 design units, including 1 entities, in source file /users/joshua hp/documents/github/ecen_2350/lab1/integration/source/design1_top.v
    Info (12023): Found entity 1: Design1_top File: C:/Users/Joshua HP/Documents/GitHub/ECEN_2350/Lab1/Integration/Source/Design1_top.v Line: 1
Info (12021): Found 1 design units, including 1 entities, in source file /users/joshua hp/documents/github/ecen_2350/lab1/integration/source/lab1_top.v
    Info (12023): Found entity 1: Lab1_top File: C:/Users/Joshua HP/Documents/GitHub/ECEN_2350/Lab1/Integration/Source/Lab1_top.v Line: 1
Info (12127): Elaborating entity "Lab1_top" for the top level hierarchy
Warning (10235): Verilog HDL Always Construct warning at Lab1_top.v(32): variable "LEDROUT" is read inside the Always Construct but isn't in the Always Construct's Event Control File: C:/Users/Joshua HP/Documents/GitHub/ECEN_2350/Lab1/Integration/Source/Lab1_top.v Line: 32
Warning (10235): Verilog HDL Always Construct warning at Lab1_top.v(33): variable "HEX5OUT" is read inside the Always Construct but isn't in the Always Construct's Event Control File: C:/Users/Joshua HP/Documents/GitHub/ECEN_2350/Lab1/Integration/Source/Lab1_top.v Line: 33
Warning (10235): Verilog HDL Always Construct warning at Lab1_top.v(34): variable "HEX4OUT" is read inside the Always Construct but isn't in the Always Construct's Event Control File: C:/Users/Joshua HP/Documents/GitHub/ECEN_2350/Lab1/Integration/Source/Lab1_top.v Line: 34
Warning (10235): Verilog HDL Always Construct warning at Lab1_top.v(35): variable "HEX3OUT" is read inside the Always Construct but isn't in the Always Construct's Event Control File: C:/Users/Joshua HP/Documents/GitHub/ECEN_2350/Lab1/Integration/Source/Lab1_top.v Line: 35
Warning (10235): Verilog HDL Always Construct warning at Lab1_top.v(36): variable "HEX2OUT" is read inside the Always Construct but isn't in the Always Construct's Event Control File: C:/Users/Joshua HP/Documents/GitHub/ECEN_2350/Lab1/Integration/Source/Lab1_top.v Line: 36
Warning (10235): Verilog HDL Always Construct warning at Lab1_top.v(37): variable "HEX1OUT" is read inside the Always Construct but isn't in the Always Construct's Event Control File: C:/Users/Joshua HP/Documents/GitHub/ECEN_2350/Lab1/Integration/Source/Lab1_top.v Line: 37
Warning (10235): Verilog HDL Always Construct warning at Lab1_top.v(38): variable "HEX0OUT" is read inside the Always Construct but isn't in the Always Construct's Event Control File: C:/Users/Joshua HP/Documents/GitHub/ECEN_2350/Lab1/Integration/Source/Lab1_top.v Line: 38
Info (12128): Elaborating entity "Design1_top" for hierarchy "Design1_top:u0" File: C:/Users/Joshua HP/Documents/GitHub/ECEN_2350/Lab1/Integration/Source/Lab1_top.v Line: 50
Info (12128): Elaborating entity "led_switch" for hierarchy "Design1_top:u0|led_switch:U0" File: C:/Users/Joshua HP/Documents/GitHub/ECEN_2350/Lab1/Integration/Source/Design1_top.v Line: 23
Info (12128): Elaborating entity "sevensegcall" for hierarchy "Design1_top:u0|sevensegcall:U1" File: C:/Users/Joshua HP/Documents/GitHub/ECEN_2350/Lab1/Integration/Source/Design1_top.v Line: 24
Warning (10235): Verilog HDL Always Construct warning at sevensegcall.v(35): variable "bday1_1" is read inside the Always Construct but isn't in the Always Construct's Event Control File: C:/Users/Joshua HP/Documents/GitHub/ECEN_2350/Lab1/Integration/Source/sevensegcall.v Line: 35
Warning (10235): Verilog HDL Always Construct warning at sevensegcall.v(36): variable "bday1_2" is read inside the Always Construct but isn't in the Always Construct's Event Control File: C:/Users/Joshua HP/Documents/GitHub/ECEN_2350/Lab1/Integration/Source/sevensegcall.v Line: 36
Warning (10235): Verilog HDL Always Construct warning at sevensegcall.v(37): variable "bday1_3" is read inside the Always Construct but isn't in the Always Construct's Event Control File: C:/Users/Joshua HP/Documents/GitHub/ECEN_2350/Lab1/Integration/Source/sevensegcall.v Line: 37
Warning (10235): Verilog HDL Always Construct warning at sevensegcall.v(38): variable "bday1_4" is read inside the Always Construct but isn't in the Always Construct's Event Control File: C:/Users/Joshua HP/Documents/GitHub/ECEN_2350/Lab1/Integration/Source/sevensegcall.v Line: 38
Warning (10235): Verilog HDL Always Construct warning at sevensegcall.v(39): variable "bday1_5" is read inside the Always Construct but isn't in the Always Construct's Event Control File: C:/Users/Joshua HP/Documents/GitHub/ECEN_2350/Lab1/Integration/Source/sevensegcall.v Line: 39
Warning (10235): Verilog HDL Always Construct warning at sevensegcall.v(40): variable "bday1_6" is read inside the Always Construct but isn't in the Always Construct's Event Control File: C:/Users/Joshua HP/Documents/GitHub/ECEN_2350/Lab1/Integration/Source/sevensegcall.v Line: 40
Warning (10235): Verilog HDL Always Construct warning at sevensegcall.v(44): variable "bday2_1" is read inside the Always Construct but isn't in the Always Construct's Event Control File: C:/Users/Joshua HP/Documents/GitHub/ECEN_2350/Lab1/Integration/Source/sevensegcall.v Line: 44
Warning (10235): Verilog HDL Always Construct warning at sevensegcall.v(45): variable "bday2_2" is read inside the Always Construct but isn't in the Always Construct's Event Control File: C:/Users/Joshua HP/Documents/GitHub/ECEN_2350/Lab1/Integration/Source/sevensegcall.v Line: 45
Warning (10235): Verilog HDL Always Construct warning at sevensegcall.v(46): variable "bday2_3" is read inside the Always Construct but isn't in the Always Construct's Event Control File: C:/Users/Joshua HP/Documents/GitHub/ECEN_2350/Lab1/Integration/Source/sevensegcall.v Line: 46
Warning (10235): Verilog HDL Always Construct warning at sevensegcall.v(47): variable "bday2_4" is read inside the Always Construct but isn't in the Always Construct's Event Control File: C:/Users/Joshua HP/Documents/GitHub/ECEN_2350/Lab1/Integration/Source/sevensegcall.v Line: 47
Warning (10235): Verilog HDL Always Construct warning at sevensegcall.v(48): variable "bday2_5" is read inside the Always Construct but isn't in the Always Construct's Event Control File: C:/Users/Joshua HP/Documents/GitHub/ECEN_2350/Lab1/Integration/Source/sevensegcall.v Line: 48
Warning (10235): Verilog HDL Always Construct warning at sevensegcall.v(49): variable "bday2_6" is read inside the Always Construct but isn't in the Always Construct's Event Control File: C:/Users/Joshua HP/Documents/GitHub/ECEN_2350/Lab1/Integration/Source/sevensegcall.v Line: 49
Warning (10240): Verilog HDL Always Construct warning at sevensegcall.v(31): inferring latch(es) for variable "bday1", which holds its previous value in one or more paths through the always construct File: C:/Users/Joshua HP/Documents/GitHub/ECEN_2350/Lab1/Integration/Source/sevensegcall.v Line: 31
Warning (10240): Verilog HDL Always Construct warning at sevensegcall.v(31): inferring latch(es) for variable "bday2", which holds its previous value in one or more paths through the always construct File: C:/Users/Joshua HP/Documents/GitHub/ECEN_2350/Lab1/Integration/Source/sevensegcall.v Line: 31
Warning (10240): Verilog HDL Always Construct warning at sevensegcall.v(31): inferring latch(es) for variable "bday3", which holds its previous value in one or more paths through the always construct File: C:/Users/Joshua HP/Documents/GitHub/ECEN_2350/Lab1/Integration/Source/sevensegcall.v Line: 31
Warning (10240): Verilog HDL Always Construct warning at sevensegcall.v(31): inferring latch(es) for variable "bday4", which holds its previous value in one or more paths through the always construct File: C:/Users/Joshua HP/Documents/GitHub/ECEN_2350/Lab1/Integration/Source/sevensegcall.v Line: 31
Warning (10240): Verilog HDL Always Construct warning at sevensegcall.v(31): inferring latch(es) for variable "bday5", which holds its previous value in one or more paths through the always construct File: C:/Users/Joshua HP/Documents/GitHub/ECEN_2350/Lab1/Integration/Source/sevensegcall.v Line: 31
Warning (10240): Verilog HDL Always Construct warning at sevensegcall.v(31): inferring latch(es) for variable "bday6", which holds its previous value in one or more paths through the always construct File: C:/Users/Joshua HP/Documents/GitHub/ECEN_2350/Lab1/Integration/Source/sevensegcall.v Line: 31
Info (10041): Inferred latch for "bday6[0]" at sevensegcall.v(42) File: C:/Users/Joshua HP/Documents/GitHub/ECEN_2350/Lab1/Integration/Source/sevensegcall.v Line: 42
Info (10041): Inferred latch for "bday6[1]" at sevensegcall.v(42) File: C:/Users/Joshua HP/Documents/GitHub/ECEN_2350/Lab1/Integration/Source/sevensegcall.v Line: 42
Info (10041): Inferred latch for "bday6[2]" at sevensegcall.v(42) File: C:/Users/Joshua HP/Documents/GitHub/ECEN_2350/Lab1/Integration/Source/sevensegcall.v Line: 42
Info (10041): Inferred latch for "bday6[3]" at sevensegcall.v(42) File: C:/Users/Joshua HP/Documents/GitHub/ECEN_2350/Lab1/Integration/Source/sevensegcall.v Line: 42
Info (10041): Inferred latch for "bday6[4]" at sevensegcall.v(42) File: C:/Users/Joshua HP/Documents/GitHub/ECEN_2350/Lab1/Integration/Source/sevensegcall.v Line: 42
Info (10041): Inferred latch for "bday6[5]" at sevensegcall.v(42) File: C:/Users/Joshua HP/Documents/GitHub/ECEN_2350/Lab1/Integration/Source/sevensegcall.v Line: 42
Info (10041): Inferred latch for "bday6[6]" at sevensegcall.v(42) File: C:/Users/Joshua HP/Documents/GitHub/ECEN_2350/Lab1/Integration/Source/sevensegcall.v Line: 42
Info (10041): Inferred latch for "bday6[7]" at sevensegcall.v(42) File: C:/Users/Joshua HP/Documents/GitHub/ECEN_2350/Lab1/Integration/Source/sevensegcall.v Line: 42
Info (10041): Inferred latch for "bday6[8]" at sevensegcall.v(42) File: C:/Users/Joshua HP/Documents/GitHub/ECEN_2350/Lab1/Integration/Source/sevensegcall.v Line: 42
Info (10041): Inferred latch for "bday6[9]" at sevensegcall.v(42) File: C:/Users/Joshua HP/Documents/GitHub/ECEN_2350/Lab1/Integration/Source/sevensegcall.v Line: 42
Info (10041): Inferred latch for "bday6[10]" at sevensegcall.v(42) File: C:/Users/Joshua HP/Documents/GitHub/ECEN_2350/Lab1/Integration/Source/sevensegcall.v Line: 42
Info (10041): Inferred latch for "bday6[11]" at sevensegcall.v(42) File: C:/Users/Joshua HP/Documents/GitHub/ECEN_2350/Lab1/Integration/Source/sevensegcall.v Line: 42
Info (10041): Inferred latch for "bday6[12]" at sevensegcall.v(42) File: C:/Users/Joshua HP/Documents/GitHub/ECEN_2350/Lab1/Integration/Source/sevensegcall.v Line: 42
Info (10041): Inferred latch for "bday6[13]" at sevensegcall.v(42) File: C:/Users/Joshua HP/Documents/GitHub/ECEN_2350/Lab1/Integration/Source/sevensegcall.v Line: 42
Info (10041): Inferred latch for "bday6[14]" at sevensegcall.v(42) File: C:/Users/Joshua HP/Documents/GitHub/ECEN_2350/Lab1/Integration/Source/sevensegcall.v Line: 42
Info (10041): Inferred latch for "bday6[15]" at sevensegcall.v(42) File: C:/Users/Joshua HP/Documents/GitHub/ECEN_2350/Lab1/Integration/Source/sevensegcall.v Line: 42
Info (10041): Inferred latch for "bday6[16]" at sevensegcall.v(42) File: C:/Users/Joshua HP/Documents/GitHub/ECEN_2350/Lab1/Integration/Source/sevensegcall.v Line: 42
Info (10041): Inferred latch for "bday6[17]" at sevensegcall.v(42) File: C:/Users/Joshua HP/Documents/GitHub/ECEN_2350/Lab1/Integration/Source/sevensegcall.v Line: 42
Info (10041): Inferred latch for "bday6[18]" at sevensegcall.v(42) File: C:/Users/Joshua HP/Documents/GitHub/ECEN_2350/Lab1/Integration/Source/sevensegcall.v Line: 42
Info (10041): Inferred latch for "bday6[19]" at sevensegcall.v(42) File: C:/Users/Joshua HP/Documents/GitHub/ECEN_2350/Lab1/Integration/Source/sevensegcall.v Line: 42
Info (10041): Inferred latch for "bday6[20]" at sevensegcall.v(42) File: C:/Users/Joshua HP/Documents/GitHub/ECEN_2350/Lab1/Integration/Source/sevensegcall.v Line: 42
Info (10041): Inferred latch for "bday6[21]" at sevensegcall.v(42) File: C:/Users/Joshua HP/Documents/GitHub/ECEN_2350/Lab1/Integration/Source/sevensegcall.v Line: 42
Info (10041): Inferred latch for "bday6[22]" at sevensegcall.v(42) File: C:/Users/Joshua HP/Documents/GitHub/ECEN_2350/Lab1/Integration/Source/sevensegcall.v Line: 42
Info (10041): Inferred latch for "bday6[23]" at sevensegcall.v(42) File: C:/Users/Joshua HP/Documents/GitHub/ECEN_2350/Lab1/Integration/Source/sevensegcall.v Line: 42
Info (10041): Inferred latch for "bday6[24]" at sevensegcall.v(42) File: C:/Users/Joshua HP/Documents/GitHub/ECEN_2350/Lab1/Integration/Source/sevensegcall.v Line: 42
Info (10041): Inferred latch for "bday6[25]" at sevensegcall.v(42) File: C:/Users/Joshua HP/Documents/GitHub/ECEN_2350/Lab1/Integration/Source/sevensegcall.v Line: 42
Info (10041): Inferred latch for "bday6[26]" at sevensegcall.v(42) File: C:/Users/Joshua HP/Documents/GitHub/ECEN_2350/Lab1/Integration/Source/sevensegcall.v Line: 42
Info (10041): Inferred latch for "bday6[27]" at sevensegcall.v(42) File: C:/Users/Joshua HP/Documents/GitHub/ECEN_2350/Lab1/Integration/Source/sevensegcall.v Line: 42
Info (10041): Inferred latch for "bday6[28]" at sevensegcall.v(42) File: C:/Users/Joshua HP/Documents/GitHub/ECEN_2350/Lab1/Integration/Source/sevensegcall.v Line: 42
Info (10041): Inferred latch for "bday6[29]" at sevensegcall.v(42) File: C:/Users/Joshua HP/Documents/GitHub/ECEN_2350/Lab1/Integration/Source/sevensegcall.v Line: 42
Info (10041): Inferred latch for "bday6[30]" at sevensegcall.v(42) File: C:/Users/Joshua HP/Documents/GitHub/ECEN_2350/Lab1/Integration/Source/sevensegcall.v Line: 42
Info (10041): Inferred latch for "bday6[31]" at sevensegcall.v(42) File: C:/Users/Joshua HP/Documents/GitHub/ECEN_2350/Lab1/Integration/Source/sevensegcall.v Line: 42
Info (10041): Inferred latch for "bday5[0]" at sevensegcall.v(42) File: C:/Users/Joshua HP/Documents/GitHub/ECEN_2350/Lab1/Integration/Source/sevensegcall.v Line: 42
Info (10041): Inferred latch for "bday5[1]" at sevensegcall.v(42) File: C:/Users/Joshua HP/Documents/GitHub/ECEN_2350/Lab1/Integration/Source/sevensegcall.v Line: 42
Info (10041): Inferred latch for "bday5[2]" at sevensegcall.v(42) File: C:/Users/Joshua HP/Documents/GitHub/ECEN_2350/Lab1/Integration/Source/sevensegcall.v Line: 42
Info (10041): Inferred latch for "bday5[3]" at sevensegcall.v(42) File: C:/Users/Joshua HP/Documents/GitHub/ECEN_2350/Lab1/Integration/Source/sevensegcall.v Line: 42
Info (10041): Inferred latch for "bday5[4]" at sevensegcall.v(42) File: C:/Users/Joshua HP/Documents/GitHub/ECEN_2350/Lab1/Integration/Source/sevensegcall.v Line: 42
Info (10041): Inferred latch for "bday5[5]" at sevensegcall.v(42) File: C:/Users/Joshua HP/Documents/GitHub/ECEN_2350/Lab1/Integration/Source/sevensegcall.v Line: 42
Info (10041): Inferred latch for "bday5[6]" at sevensegcall.v(42) File: C:/Users/Joshua HP/Documents/GitHub/ECEN_2350/Lab1/Integration/Source/sevensegcall.v Line: 42
Info (10041): Inferred latch for "bday5[7]" at sevensegcall.v(42) File: C:/Users/Joshua HP/Documents/GitHub/ECEN_2350/Lab1/Integration/Source/sevensegcall.v Line: 42
Info (10041): Inferred latch for "bday5[8]" at sevensegcall.v(42) File: C:/Users/Joshua HP/Documents/GitHub/ECEN_2350/Lab1/Integration/Source/sevensegcall.v Line: 42
Info (10041): Inferred latch for "bday5[9]" at sevensegcall.v(42) File: C:/Users/Joshua HP/Documents/GitHub/ECEN_2350/Lab1/Integration/Source/sevensegcall.v Line: 42
Info (10041): Inferred latch for "bday5[10]" at sevensegcall.v(42) File: C:/Users/Joshua HP/Documents/GitHub/ECEN_2350/Lab1/Integration/Source/sevensegcall.v Line: 42
Info (10041): Inferred latch for "bday5[11]" at sevensegcall.v(42) File: C:/Users/Joshua HP/Documents/GitHub/ECEN_2350/Lab1/Integration/Source/sevensegcall.v Line: 42
Info (10041): Inferred latch for "bday5[12]" at sevensegcall.v(42) File: C:/Users/Joshua HP/Documents/GitHub/ECEN_2350/Lab1/Integration/Source/sevensegcall.v Line: 42
Info (10041): Inferred latch for "bday5[13]" at sevensegcall.v(42) File: C:/Users/Joshua HP/Documents/GitHub/ECEN_2350/Lab1/Integration/Source/sevensegcall.v Line: 42
Info (10041): Inferred latch for "bday5[14]" at sevensegcall.v(42) File: C:/Users/Joshua HP/Documents/GitHub/ECEN_2350/Lab1/Integration/Source/sevensegcall.v Line: 42
Info (10041): Inferred latch for "bday5[15]" at sevensegcall.v(42) File: C:/Users/Joshua HP/Documents/GitHub/ECEN_2350/Lab1/Integration/Source/sevensegcall.v Line: 42
Info (10041): Inferred latch for "bday5[16]" at sevensegcall.v(42) File: C:/Users/Joshua HP/Documents/GitHub/ECEN_2350/Lab1/Integration/Source/sevensegcall.v Line: 42
Info (10041): Inferred latch for "bday5[17]" at sevensegcall.v(42) File: C:/Users/Joshua HP/Documents/GitHub/ECEN_2350/Lab1/Integration/Source/sevensegcall.v Line: 42
Info (10041): Inferred latch for "bday5[18]" at sevensegcall.v(42) File: C:/Users/Joshua HP/Documents/GitHub/ECEN_2350/Lab1/Integration/Source/sevensegcall.v Line: 42
Info (10041): Inferred latch for "bday5[19]" at sevensegcall.v(42) File: C:/Users/Joshua HP/Documents/GitHub/ECEN_2350/Lab1/Integration/Source/sevensegcall.v Line: 42
Info (10041): Inferred latch for "bday5[20]" at sevensegcall.v(42) File: C:/Users/Joshua HP/Documents/GitHub/ECEN_2350/Lab1/Integration/Source/sevensegcall.v Line: 42
Info (10041): Inferred latch for "bday5[21]" at sevensegcall.v(42) File: C:/Users/Joshua HP/Documents/GitHub/ECEN_2350/Lab1/Integration/Source/sevensegcall.v Line: 42
Info (10041): Inferred latch for "bday5[22]" at sevensegcall.v(42) File: C:/Users/Joshua HP/Documents/GitHub/ECEN_2350/Lab1/Integration/Source/sevensegcall.v Line: 42
Info (10041): Inferred latch for "bday5[23]" at sevensegcall.v(42) File: C:/Users/Joshua HP/Documents/GitHub/ECEN_2350/Lab1/Integration/Source/sevensegcall.v Line: 42
Info (10041): Inferred latch for "bday5[24]" at sevensegcall.v(42) File: C:/Users/Joshua HP/Documents/GitHub/ECEN_2350/Lab1/Integration/Source/sevensegcall.v Line: 42
Info (10041): Inferred latch for "bday5[25]" at sevensegcall.v(42) File: C:/Users/Joshua HP/Documents/GitHub/ECEN_2350/Lab1/Integration/Source/sevensegcall.v Line: 42
Info (10041): Inferred latch for "bday5[26]" at sevensegcall.v(42) File: C:/Users/Joshua HP/Documents/GitHub/ECEN_2350/Lab1/Integration/Source/sevensegcall.v Line: 42
Info (10041): Inferred latch for "bday5[27]" at sevensegcall.v(42) File: C:/Users/Joshua HP/Documents/GitHub/ECEN_2350/Lab1/Integration/Source/sevensegcall.v Line: 42
Info (10041): Inferred latch for "bday5[28]" at sevensegcall.v(42) File: C:/Users/Joshua HP/Documents/GitHub/ECEN_2350/Lab1/Integration/Source/sevensegcall.v Line: 42
Info (10041): Inferred latch for "bday5[29]" at sevensegcall.v(42) File: C:/Users/Joshua HP/Documents/GitHub/ECEN_2350/Lab1/Integration/Source/sevensegcall.v Line: 42
Info (10041): Inferred latch for "bday5[30]" at sevensegcall.v(42) File: C:/Users/Joshua HP/Documents/GitHub/ECEN_2350/Lab1/Integration/Source/sevensegcall.v Line: 42
Info (10041): Inferred latch for "bday5[31]" at sevensegcall.v(42) File: C:/Users/Joshua HP/Documents/GitHub/ECEN_2350/Lab1/Integration/Source/sevensegcall.v Line: 42
Info (10041): Inferred latch for "bday4[0]" at sevensegcall.v(42) File: C:/Users/Joshua HP/Documents/GitHub/ECEN_2350/Lab1/Integration/Source/sevensegcall.v Line: 42
Info (10041): Inferred latch for "bday4[1]" at sevensegcall.v(42) File: C:/Users/Joshua HP/Documents/GitHub/ECEN_2350/Lab1/Integration/Source/sevensegcall.v Line: 42
Info (10041): Inferred latch for "bday4[2]" at sevensegcall.v(42) File: C:/Users/Joshua HP/Documents/GitHub/ECEN_2350/Lab1/Integration/Source/sevensegcall.v Line: 42
Info (10041): Inferred latch for "bday4[3]" at sevensegcall.v(42) File: C:/Users/Joshua HP/Documents/GitHub/ECEN_2350/Lab1/Integration/Source/sevensegcall.v Line: 42
Info (10041): Inferred latch for "bday4[4]" at sevensegcall.v(42) File: C:/Users/Joshua HP/Documents/GitHub/ECEN_2350/Lab1/Integration/Source/sevensegcall.v Line: 42
Info (10041): Inferred latch for "bday4[5]" at sevensegcall.v(42) File: C:/Users/Joshua HP/Documents/GitHub/ECEN_2350/Lab1/Integration/Source/sevensegcall.v Line: 42
Info (10041): Inferred latch for "bday4[6]" at sevensegcall.v(42) File: C:/Users/Joshua HP/Documents/GitHub/ECEN_2350/Lab1/Integration/Source/sevensegcall.v Line: 42
Info (10041): Inferred latch for "bday4[7]" at sevensegcall.v(42) File: C:/Users/Joshua HP/Documents/GitHub/ECEN_2350/Lab1/Integration/Source/sevensegcall.v Line: 42
Info (10041): Inferred latch for "bday4[8]" at sevensegcall.v(42) File: C:/Users/Joshua HP/Documents/GitHub/ECEN_2350/Lab1/Integration/Source/sevensegcall.v Line: 42
Info (10041): Inferred latch for "bday4[9]" at sevensegcall.v(42) File: C:/Users/Joshua HP/Documents/GitHub/ECEN_2350/Lab1/Integration/Source/sevensegcall.v Line: 42
Info (10041): Inferred latch for "bday4[10]" at sevensegcall.v(42) File: C:/Users/Joshua HP/Documents/GitHub/ECEN_2350/Lab1/Integration/Source/sevensegcall.v Line: 42
Info (10041): Inferred latch for "bday4[11]" at sevensegcall.v(42) File: C:/Users/Joshua HP/Documents/GitHub/ECEN_2350/Lab1/Integration/Source/sevensegcall.v Line: 42
Info (10041): Inferred latch for "bday4[12]" at sevensegcall.v(42) File: C:/Users/Joshua HP/Documents/GitHub/ECEN_2350/Lab1/Integration/Source/sevensegcall.v Line: 42
Info (10041): Inferred latch for "bday4[13]" at sevensegcall.v(42) File: C:/Users/Joshua HP/Documents/GitHub/ECEN_2350/Lab1/Integration/Source/sevensegcall.v Line: 42
Info (10041): Inferred latch for "bday4[14]" at sevensegcall.v(42) File: C:/Users/Joshua HP/Documents/GitHub/ECEN_2350/Lab1/Integration/Source/sevensegcall.v Line: 42
Info (10041): Inferred latch for "bday4[15]" at sevensegcall.v(42) File: C:/Users/Joshua HP/Documents/GitHub/ECEN_2350/Lab1/Integration/Source/sevensegcall.v Line: 42
Info (10041): Inferred latch for "bday4[16]" at sevensegcall.v(42) File: C:/Users/Joshua HP/Documents/GitHub/ECEN_2350/Lab1/Integration/Source/sevensegcall.v Line: 42
Info (10041): Inferred latch for "bday4[17]" at sevensegcall.v(42) File: C:/Users/Joshua HP/Documents/GitHub/ECEN_2350/Lab1/Integration/Source/sevensegcall.v Line: 42
Info (10041): Inferred latch for "bday4[18]" at sevensegcall.v(42) File: C:/Users/Joshua HP/Documents/GitHub/ECEN_2350/Lab1/Integration/Source/sevensegcall.v Line: 42
Info (10041): Inferred latch for "bday4[19]" at sevensegcall.v(42) File: C:/Users/Joshua HP/Documents/GitHub/ECEN_2350/Lab1/Integration/Source/sevensegcall.v Line: 42
Info (10041): Inferred latch for "bday4[20]" at sevensegcall.v(42) File: C:/Users/Joshua HP/Documents/GitHub/ECEN_2350/Lab1/Integration/Source/sevensegcall.v Line: 42
Info (10041): Inferred latch for "bday4[21]" at sevensegcall.v(42) File: C:/Users/Joshua HP/Documents/GitHub/ECEN_2350/Lab1/Integration/Source/sevensegcall.v Line: 42
Info (10041): Inferred latch for "bday4[22]" at sevensegcall.v(42) File: C:/Users/Joshua HP/Documents/GitHub/ECEN_2350/Lab1/Integration/Source/sevensegcall.v Line: 42
Info (10041): Inferred latch for "bday4[23]" at sevensegcall.v(42) File: C:/Users/Joshua HP/Documents/GitHub/ECEN_2350/Lab1/Integration/Source/sevensegcall.v Line: 42
Info (10041): Inferred latch for "bday4[24]" at sevensegcall.v(42) File: C:/Users/Joshua HP/Documents/GitHub/ECEN_2350/Lab1/Integration/Source/sevensegcall.v Line: 42
Info (10041): Inferred latch for "bday4[25]" at sevensegcall.v(42) File: C:/Users/Joshua HP/Documents/GitHub/ECEN_2350/Lab1/Integration/Source/sevensegcall.v Line: 42
Info (10041): Inferred latch for "bday4[26]" at sevensegcall.v(42) File: C:/Users/Joshua HP/Documents/GitHub/ECEN_2350/Lab1/Integration/Source/sevensegcall.v Line: 42
Info (10041): Inferred latch for "bday4[27]" at sevensegcall.v(42) File: C:/Users/Joshua HP/Documents/GitHub/ECEN_2350/Lab1/Integration/Source/sevensegcall.v Line: 42
Info (10041): Inferred latch for "bday4[28]" at sevensegcall.v(42) File: C:/Users/Joshua HP/Documents/GitHub/ECEN_2350/Lab1/Integration/Source/sevensegcall.v Line: 42
Info (10041): Inferred latch for "bday4[29]" at sevensegcall.v(42) File: C:/Users/Joshua HP/Documents/GitHub/ECEN_2350/Lab1/Integration/Source/sevensegcall.v Line: 42
Info (10041): Inferred latch for "bday4[30]" at sevensegcall.v(42) File: C:/Users/Joshua HP/Documents/GitHub/ECEN_2350/Lab1/Integration/Source/sevensegcall.v Line: 42
Info (10041): Inferred latch for "bday4[31]" at sevensegcall.v(42) File: C:/Users/Joshua HP/Documents/GitHub/ECEN_2350/Lab1/Integration/Source/sevensegcall.v Line: 42
Info (10041): Inferred latch for "bday3[0]" at sevensegcall.v(42) File: C:/Users/Joshua HP/Documents/GitHub/ECEN_2350/Lab1/Integration/Source/sevensegcall.v Line: 42
Info (10041): Inferred latch for "bday3[1]" at sevensegcall.v(42) File: C:/Users/Joshua HP/Documents/GitHub/ECEN_2350/Lab1/Integration/Source/sevensegcall.v Line: 42
Info (10041): Inferred latch for "bday3[2]" at sevensegcall.v(42) File: C:/Users/Joshua HP/Documents/GitHub/ECEN_2350/Lab1/Integration/Source/sevensegcall.v Line: 42
Info (10041): Inferred latch for "bday3[3]" at sevensegcall.v(42) File: C:/Users/Joshua HP/Documents/GitHub/ECEN_2350/Lab1/Integration/Source/sevensegcall.v Line: 42
Info (10041): Inferred latch for "bday3[4]" at sevensegcall.v(42) File: C:/Users/Joshua HP/Documents/GitHub/ECEN_2350/Lab1/Integration/Source/sevensegcall.v Line: 42
Info (10041): Inferred latch for "bday3[5]" at sevensegcall.v(42) File: C:/Users/Joshua HP/Documents/GitHub/ECEN_2350/Lab1/Integration/Source/sevensegcall.v Line: 42
Info (10041): Inferred latch for "bday3[6]" at sevensegcall.v(42) File: C:/Users/Joshua HP/Documents/GitHub/ECEN_2350/Lab1/Integration/Source/sevensegcall.v Line: 42
Info (10041): Inferred latch for "bday3[7]" at sevensegcall.v(42) File: C:/Users/Joshua HP/Documents/GitHub/ECEN_2350/Lab1/Integration/Source/sevensegcall.v Line: 42
Info (10041): Inferred latch for "bday3[8]" at sevensegcall.v(42) File: C:/Users/Joshua HP/Documents/GitHub/ECEN_2350/Lab1/Integration/Source/sevensegcall.v Line: 42
Info (10041): Inferred latch for "bday3[9]" at sevensegcall.v(42) File: C:/Users/Joshua HP/Documents/GitHub/ECEN_2350/Lab1/Integration/Source/sevensegcall.v Line: 42
Info (10041): Inferred latch for "bday3[10]" at sevensegcall.v(42) File: C:/Users/Joshua HP/Documents/GitHub/ECEN_2350/Lab1/Integration/Source/sevensegcall.v Line: 42
Info (10041): Inferred latch for "bday3[11]" at sevensegcall.v(42) File: C:/Users/Joshua HP/Documents/GitHub/ECEN_2350/Lab1/Integration/Source/sevensegcall.v Line: 42
Info (10041): Inferred latch for "bday3[12]" at sevensegcall.v(42) File: C:/Users/Joshua HP/Documents/GitHub/ECEN_2350/Lab1/Integration/Source/sevensegcall.v Line: 42
Info (10041): Inferred latch for "bday3[13]" at sevensegcall.v(42) File: C:/Users/Joshua HP/Documents/GitHub/ECEN_2350/Lab1/Integration/Source/sevensegcall.v Line: 42
Info (10041): Inferred latch for "bday3[14]" at sevensegcall.v(42) File: C:/Users/Joshua HP/Documents/GitHub/ECEN_2350/Lab1/Integration/Source/sevensegcall.v Line: 42
Info (10041): Inferred latch for "bday3[15]" at sevensegcall.v(42) File: C:/Users/Joshua HP/Documents/GitHub/ECEN_2350/Lab1/Integration/Source/sevensegcall.v Line: 42
Info (10041): Inferred latch for "bday3[16]" at sevensegcall.v(42) File: C:/Users/Joshua HP/Documents/GitHub/ECEN_2350/Lab1/Integration/Source/sevensegcall.v Line: 42
Info (10041): Inferred latch for "bday3[17]" at sevensegcall.v(42) File: C:/Users/Joshua HP/Documents/GitHub/ECEN_2350/Lab1/Integration/Source/sevensegcall.v Line: 42
Info (10041): Inferred latch for "bday3[18]" at sevensegcall.v(42) File: C:/Users/Joshua HP/Documents/GitHub/ECEN_2350/Lab1/Integration/Source/sevensegcall.v Line: 42
Info (10041): Inferred latch for "bday3[19]" at sevensegcall.v(42) File: C:/Users/Joshua HP/Documents/GitHub/ECEN_2350/Lab1/Integration/Source/sevensegcall.v Line: 42
Info (10041): Inferred latch for "bday3[20]" at sevensegcall.v(42) File: C:/Users/Joshua HP/Documents/GitHub/ECEN_2350/Lab1/Integration/Source/sevensegcall.v Line: 42
Info (10041): Inferred latch for "bday3[21]" at sevensegcall.v(42) File: C:/Users/Joshua HP/Documents/GitHub/ECEN_2350/Lab1/Integration/Source/sevensegcall.v Line: 42
Info (10041): Inferred latch for "bday3[22]" at sevensegcall.v(42) File: C:/Users/Joshua HP/Documents/GitHub/ECEN_2350/Lab1/Integration/Source/sevensegcall.v Line: 42
Info (10041): Inferred latch for "bday3[23]" at sevensegcall.v(42) File: C:/Users/Joshua HP/Documents/GitHub/ECEN_2350/Lab1/Integration/Source/sevensegcall.v Line: 42
Info (10041): Inferred latch for "bday3[24]" at sevensegcall.v(42) File: C:/Users/Joshua HP/Documents/GitHub/ECEN_2350/Lab1/Integration/Source/sevensegcall.v Line: 42
Info (10041): Inferred latch for "bday3[25]" at sevensegcall.v(42) File: C:/Users/Joshua HP/Documents/GitHub/ECEN_2350/Lab1/Integration/Source/sevensegcall.v Line: 42
Info (10041): Inferred latch for "bday3[26]" at sevensegcall.v(42) File: C:/Users/Joshua HP/Documents/GitHub/ECEN_2350/Lab1/Integration/Source/sevensegcall.v Line: 42
Info (10041): Inferred latch for "bday3[27]" at sevensegcall.v(42) File: C:/Users/Joshua HP/Documents/GitHub/ECEN_2350/Lab1/Integration/Source/sevensegcall.v Line: 42
Info (10041): Inferred latch for "bday3[28]" at sevensegcall.v(42) File: C:/Users/Joshua HP/Documents/GitHub/ECEN_2350/Lab1/Integration/Source/sevensegcall.v Line: 42
Info (10041): Inferred latch for "bday3[29]" at sevensegcall.v(42) File: C:/Users/Joshua HP/Documents/GitHub/ECEN_2350/Lab1/Integration/Source/sevensegcall.v Line: 42
Info (10041): Inferred latch for "bday3[30]" at sevensegcall.v(42) File: C:/Users/Joshua HP/Documents/GitHub/ECEN_2350/Lab1/Integration/Source/sevensegcall.v Line: 42
Info (10041): Inferred latch for "bday3[31]" at sevensegcall.v(42) File: C:/Users/Joshua HP/Documents/GitHub/ECEN_2350/Lab1/Integration/Source/sevensegcall.v Line: 42
Info (10041): Inferred latch for "bday2[0]" at sevensegcall.v(42) File: C:/Users/Joshua HP/Documents/GitHub/ECEN_2350/Lab1/Integration/Source/sevensegcall.v Line: 42
Info (10041): Inferred latch for "bday2[1]" at sevensegcall.v(42) File: C:/Users/Joshua HP/Documents/GitHub/ECEN_2350/Lab1/Integration/Source/sevensegcall.v Line: 42
Info (10041): Inferred latch for "bday2[2]" at sevensegcall.v(42) File: C:/Users/Joshua HP/Documents/GitHub/ECEN_2350/Lab1/Integration/Source/sevensegcall.v Line: 42
Info (10041): Inferred latch for "bday2[3]" at sevensegcall.v(42) File: C:/Users/Joshua HP/Documents/GitHub/ECEN_2350/Lab1/Integration/Source/sevensegcall.v Line: 42
Info (10041): Inferred latch for "bday2[4]" at sevensegcall.v(42) File: C:/Users/Joshua HP/Documents/GitHub/ECEN_2350/Lab1/Integration/Source/sevensegcall.v Line: 42
Info (10041): Inferred latch for "bday2[5]" at sevensegcall.v(42) File: C:/Users/Joshua HP/Documents/GitHub/ECEN_2350/Lab1/Integration/Source/sevensegcall.v Line: 42
Info (10041): Inferred latch for "bday2[6]" at sevensegcall.v(42) File: C:/Users/Joshua HP/Documents/GitHub/ECEN_2350/Lab1/Integration/Source/sevensegcall.v Line: 42
Info (10041): Inferred latch for "bday2[7]" at sevensegcall.v(42) File: C:/Users/Joshua HP/Documents/GitHub/ECEN_2350/Lab1/Integration/Source/sevensegcall.v Line: 42
Info (10041): Inferred latch for "bday2[8]" at sevensegcall.v(42) File: C:/Users/Joshua HP/Documents/GitHub/ECEN_2350/Lab1/Integration/Source/sevensegcall.v Line: 42
Info (10041): Inferred latch for "bday2[9]" at sevensegcall.v(42) File: C:/Users/Joshua HP/Documents/GitHub/ECEN_2350/Lab1/Integration/Source/sevensegcall.v Line: 42
Info (10041): Inferred latch for "bday2[10]" at sevensegcall.v(42) File: C:/Users/Joshua HP/Documents/GitHub/ECEN_2350/Lab1/Integration/Source/sevensegcall.v Line: 42
Info (10041): Inferred latch for "bday2[11]" at sevensegcall.v(42) File: C:/Users/Joshua HP/Documents/GitHub/ECEN_2350/Lab1/Integration/Source/sevensegcall.v Line: 42
Info (10041): Inferred latch for "bday2[12]" at sevensegcall.v(42) File: C:/Users/Joshua HP/Documents/GitHub/ECEN_2350/Lab1/Integration/Source/sevensegcall.v Line: 42
Info (10041): Inferred latch for "bday2[13]" at sevensegcall.v(42) File: C:/Users/Joshua HP/Documents/GitHub/ECEN_2350/Lab1/Integration/Source/sevensegcall.v Line: 42
Info (10041): Inferred latch for "bday2[14]" at sevensegcall.v(42) File: C:/Users/Joshua HP/Documents/GitHub/ECEN_2350/Lab1/Integration/Source/sevensegcall.v Line: 42
Info (10041): Inferred latch for "bday2[15]" at sevensegcall.v(42) File: C:/Users/Joshua HP/Documents/GitHub/ECEN_2350/Lab1/Integration/Source/sevensegcall.v Line: 42
Info (10041): Inferred latch for "bday2[16]" at sevensegcall.v(42) File: C:/Users/Joshua HP/Documents/GitHub/ECEN_2350/Lab1/Integration/Source/sevensegcall.v Line: 42
Info (10041): Inferred latch for "bday2[17]" at sevensegcall.v(42) File: C:/Users/Joshua HP/Documents/GitHub/ECEN_2350/Lab1/Integration/Source/sevensegcall.v Line: 42
Info (10041): Inferred latch for "bday2[18]" at sevensegcall.v(42) File: C:/Users/Joshua HP/Documents/GitHub/ECEN_2350/Lab1/Integration/Source/sevensegcall.v Line: 42
Info (10041): Inferred latch for "bday2[19]" at sevensegcall.v(42) File: C:/Users/Joshua HP/Documents/GitHub/ECEN_2350/Lab1/Integration/Source/sevensegcall.v Line: 42
Info (10041): Inferred latch for "bday2[20]" at sevensegcall.v(42) File: C:/Users/Joshua HP/Documents/GitHub/ECEN_2350/Lab1/Integration/Source/sevensegcall.v Line: 42
Info (10041): Inferred latch for "bday2[21]" at sevensegcall.v(42) File: C:/Users/Joshua HP/Documents/GitHub/ECEN_2350/Lab1/Integration/Source/sevensegcall.v Line: 42
Info (10041): Inferred latch for "bday2[22]" at sevensegcall.v(42) File: C:/Users/Joshua HP/Documents/GitHub/ECEN_2350/Lab1/Integration/Source/sevensegcall.v Line: 42
Info (10041): Inferred latch for "bday2[23]" at sevensegcall.v(42) File: C:/Users/Joshua HP/Documents/GitHub/ECEN_2350/Lab1/Integration/Source/sevensegcall.v Line: 42
Info (10041): Inferred latch for "bday2[24]" at sevensegcall.v(42) File: C:/Users/Joshua HP/Documents/GitHub/ECEN_2350/Lab1/Integration/Source/sevensegcall.v Line: 42
Info (10041): Inferred latch for "bday2[25]" at sevensegcall.v(42) File: C:/Users/Joshua HP/Documents/GitHub/ECEN_2350/Lab1/Integration/Source/sevensegcall.v Line: 42
Info (10041): Inferred latch for "bday2[26]" at sevensegcall.v(42) File: C:/Users/Joshua HP/Documents/GitHub/ECEN_2350/Lab1/Integration/Source/sevensegcall.v Line: 42
Info (10041): Inferred latch for "bday2[27]" at sevensegcall.v(42) File: C:/Users/Joshua HP/Documents/GitHub/ECEN_2350/Lab1/Integration/Source/sevensegcall.v Line: 42
Info (10041): Inferred latch for "bday2[28]" at sevensegcall.v(42) File: C:/Users/Joshua HP/Documents/GitHub/ECEN_2350/Lab1/Integration/Source/sevensegcall.v Line: 42
Info (10041): Inferred latch for "bday2[29]" at sevensegcall.v(42) File: C:/Users/Joshua HP/Documents/GitHub/ECEN_2350/Lab1/Integration/Source/sevensegcall.v Line: 42
Info (10041): Inferred latch for "bday2[30]" at sevensegcall.v(42) File: C:/Users/Joshua HP/Documents/GitHub/ECEN_2350/Lab1/Integration/Source/sevensegcall.v Line: 42
Info (10041): Inferred latch for "bday2[31]" at sevensegcall.v(42) File: C:/Users/Joshua HP/Documents/GitHub/ECEN_2350/Lab1/Integration/Source/sevensegcall.v Line: 42
Info (10041): Inferred latch for "bday1[0]" at sevensegcall.v(42) File: C:/Users/Joshua HP/Documents/GitHub/ECEN_2350/Lab1/Integration/Source/sevensegcall.v Line: 42
Info (10041): Inferred latch for "bday1[1]" at sevensegcall.v(42) File: C:/Users/Joshua HP/Documents/GitHub/ECEN_2350/Lab1/Integration/Source/sevensegcall.v Line: 42
Info (10041): Inferred latch for "bday1[2]" at sevensegcall.v(42) File: C:/Users/Joshua HP/Documents/GitHub/ECEN_2350/Lab1/Integration/Source/sevensegcall.v Line: 42
Info (10041): Inferred latch for "bday1[3]" at sevensegcall.v(42) File: C:/Users/Joshua HP/Documents/GitHub/ECEN_2350/Lab1/Integration/Source/sevensegcall.v Line: 42
Info (10041): Inferred latch for "bday1[4]" at sevensegcall.v(42) File: C:/Users/Joshua HP/Documents/GitHub/ECEN_2350/Lab1/Integration/Source/sevensegcall.v Line: 42
Info (10041): Inferred latch for "bday1[5]" at sevensegcall.v(42) File: C:/Users/Joshua HP/Documents/GitHub/ECEN_2350/Lab1/Integration/Source/sevensegcall.v Line: 42
Info (10041): Inferred latch for "bday1[6]" at sevensegcall.v(42) File: C:/Users/Joshua HP/Documents/GitHub/ECEN_2350/Lab1/Integration/Source/sevensegcall.v Line: 42
Info (10041): Inferred latch for "bday1[7]" at sevensegcall.v(42) File: C:/Users/Joshua HP/Documents/GitHub/ECEN_2350/Lab1/Integration/Source/sevensegcall.v Line: 42
Info (10041): Inferred latch for "bday1[8]" at sevensegcall.v(42) File: C:/Users/Joshua HP/Documents/GitHub/ECEN_2350/Lab1/Integration/Source/sevensegcall.v Line: 42
Info (10041): Inferred latch for "bday1[9]" at sevensegcall.v(42) File: C:/Users/Joshua HP/Documents/GitHub/ECEN_2350/Lab1/Integration/Source/sevensegcall.v Line: 42
Info (10041): Inferred latch for "bday1[10]" at sevensegcall.v(42) File: C:/Users/Joshua HP/Documents/GitHub/ECEN_2350/Lab1/Integration/Source/sevensegcall.v Line: 42
Info (10041): Inferred latch for "bday1[11]" at sevensegcall.v(42) File: C:/Users/Joshua HP/Documents/GitHub/ECEN_2350/Lab1/Integration/Source/sevensegcall.v Line: 42
Info (10041): Inferred latch for "bday1[12]" at sevensegcall.v(42) File: C:/Users/Joshua HP/Documents/GitHub/ECEN_2350/Lab1/Integration/Source/sevensegcall.v Line: 42
Info (10041): Inferred latch for "bday1[13]" at sevensegcall.v(42) File: C:/Users/Joshua HP/Documents/GitHub/ECEN_2350/Lab1/Integration/Source/sevensegcall.v Line: 42
Info (10041): Inferred latch for "bday1[14]" at sevensegcall.v(42) File: C:/Users/Joshua HP/Documents/GitHub/ECEN_2350/Lab1/Integration/Source/sevensegcall.v Line: 42
Info (10041): Inferred latch for "bday1[15]" at sevensegcall.v(42) File: C:/Users/Joshua HP/Documents/GitHub/ECEN_2350/Lab1/Integration/Source/sevensegcall.v Line: 42
Info (10041): Inferred latch for "bday1[16]" at sevensegcall.v(42) File: C:/Users/Joshua HP/Documents/GitHub/ECEN_2350/Lab1/Integration/Source/sevensegcall.v Line: 42
Info (10041): Inferred latch for "bday1[17]" at sevensegcall.v(42) File: C:/Users/Joshua HP/Documents/GitHub/ECEN_2350/Lab1/Integration/Source/sevensegcall.v Line: 42
Info (10041): Inferred latch for "bday1[18]" at sevensegcall.v(42) File: C:/Users/Joshua HP/Documents/GitHub/ECEN_2350/Lab1/Integration/Source/sevensegcall.v Line: 42
Info (10041): Inferred latch for "bday1[19]" at sevensegcall.v(42) File: C:/Users/Joshua HP/Documents/GitHub/ECEN_2350/Lab1/Integration/Source/sevensegcall.v Line: 42
Info (10041): Inferred latch for "bday1[20]" at sevensegcall.v(42) File: C:/Users/Joshua HP/Documents/GitHub/ECEN_2350/Lab1/Integration/Source/sevensegcall.v Line: 42
Info (10041): Inferred latch for "bday1[21]" at sevensegcall.v(42) File: C:/Users/Joshua HP/Documents/GitHub/ECEN_2350/Lab1/Integration/Source/sevensegcall.v Line: 42
Info (10041): Inferred latch for "bday1[22]" at sevensegcall.v(42) File: C:/Users/Joshua HP/Documents/GitHub/ECEN_2350/Lab1/Integration/Source/sevensegcall.v Line: 42
Info (10041): Inferred latch for "bday1[23]" at sevensegcall.v(42) File: C:/Users/Joshua HP/Documents/GitHub/ECEN_2350/Lab1/Integration/Source/sevensegcall.v Line: 42
Info (10041): Inferred latch for "bday1[24]" at sevensegcall.v(42) File: C:/Users/Joshua HP/Documents/GitHub/ECEN_2350/Lab1/Integration/Source/sevensegcall.v Line: 42
Info (10041): Inferred latch for "bday1[25]" at sevensegcall.v(42) File: C:/Users/Joshua HP/Documents/GitHub/ECEN_2350/Lab1/Integration/Source/sevensegcall.v Line: 42
Info (10041): Inferred latch for "bday1[26]" at sevensegcall.v(42) File: C:/Users/Joshua HP/Documents/GitHub/ECEN_2350/Lab1/Integration/Source/sevensegcall.v Line: 42
Info (10041): Inferred latch for "bday1[27]" at sevensegcall.v(42) File: C:/Users/Joshua HP/Documents/GitHub/ECEN_2350/Lab1/Integration/Source/sevensegcall.v Line: 42
Info (10041): Inferred latch for "bday1[28]" at sevensegcall.v(42) File: C:/Users/Joshua HP/Documents/GitHub/ECEN_2350/Lab1/Integration/Source/sevensegcall.v Line: 42
Info (10041): Inferred latch for "bday1[29]" at sevensegcall.v(42) File: C:/Users/Joshua HP/Documents/GitHub/ECEN_2350/Lab1/Integration/Source/sevensegcall.v Line: 42
Info (10041): Inferred latch for "bday1[30]" at sevensegcall.v(42) File: C:/Users/Joshua HP/Documents/GitHub/ECEN_2350/Lab1/Integration/Source/sevensegcall.v Line: 42
Info (10041): Inferred latch for "bday1[31]" at sevensegcall.v(42) File: C:/Users/Joshua HP/Documents/GitHub/ECEN_2350/Lab1/Integration/Source/sevensegcall.v Line: 42
Info (12128): Elaborating entity "sevenseg" for hierarchy "Design1_top:u0|sevensegcall:U1|sevenseg:a0" File: C:/Users/Joshua HP/Documents/GitHub/ECEN_2350/Lab1/Integration/Source/sevensegcall.v Line: 53
Warning (10762): Verilog HDL Case Statement warning at sevenseg.v(15): can't check case statement for completeness because the case expression has too many possible states File: C:/Users/Joshua HP/Documents/GitHub/ECEN_2350/Lab1/Integration/Source/sevenseg.v Line: 15
Warning (13024): Output pins are stuck at VCC or GND
    Warning (13410): Pin "HEX5[6]" is stuck at VCC File: C:/Users/Joshua HP/Documents/GitHub/ECEN_2350/Lab1/Integration/Source/Lab1_top.v Line: 4
    Warning (13410): Pin "HEX5[7]" is stuck at VCC File: C:/Users/Joshua HP/Documents/GitHub/ECEN_2350/Lab1/Integration/Source/Lab1_top.v Line: 4
    Warning (13410): Pin "HEX4[7]" is stuck at VCC File: C:/Users/Joshua HP/Documents/GitHub/ECEN_2350/Lab1/Integration/Source/Lab1_top.v Line: 5
    Warning (13410): Pin "HEX3[6]" is stuck at VCC File: C:/Users/Joshua HP/Documents/GitHub/ECEN_2350/Lab1/Integration/Source/Lab1_top.v Line: 6
    Warning (13410): Pin "HEX3[7]" is stuck at VCC File: C:/Users/Joshua HP/Documents/GitHub/ECEN_2350/Lab1/Integration/Source/Lab1_top.v Line: 6
    Warning (13410): Pin "HEX2[5]" is stuck at VCC File: C:/Users/Joshua HP/Documents/GitHub/ECEN_2350/Lab1/Integration/Source/Lab1_top.v Line: 7
    Warning (13410): Pin "HEX2[7]" is stuck at VCC File: C:/Users/Joshua HP/Documents/GitHub/ECEN_2350/Lab1/Integration/Source/Lab1_top.v Line: 7
    Warning (13410): Pin "HEX1[6]" is stuck at VCC File: C:/Users/Joshua HP/Documents/GitHub/ECEN_2350/Lab1/Integration/Source/Lab1_top.v Line: 8
    Warning (13410): Pin "HEX1[7]" is stuck at VCC File: C:/Users/Joshua HP/Documents/GitHub/ECEN_2350/Lab1/Integration/Source/Lab1_top.v Line: 8
    Warning (13410): Pin "HEX0[6]" is stuck at VCC File: C:/Users/Joshua HP/Documents/GitHub/ECEN_2350/Lab1/Integration/Source/Lab1_top.v Line: 9
    Warning (13410): Pin "HEX0[7]" is stuck at VCC File: C:/Users/Joshua HP/Documents/GitHub/ECEN_2350/Lab1/Integration/Source/Lab1_top.v Line: 9
Info (286030): Timing-Driven Synthesis is running
Info (16010): Generating hard_block partition "hard_block:auto_generated_inst"
    Info (16011): Adding 0 node(s), including 0 DDIO, 0 PLL, 0 transceiver and 0 LCELL
Info (21057): Implemented 81 device resources after synthesis - the final resource count might be different
    Info (21058): Implemented 12 input pins
    Info (21059): Implemented 58 output pins
    Info (21061): Implemented 11 logic cells
Info: Quartus Prime Analysis & Synthesis was successful. 0 errors, 39 warnings
    Info: Peak virtual memory: 4774 megabytes
    Info: Processing ended: Sun Oct 06 17:24:01 2019
    Info: Elapsed time: 00:00:14
    Info: Total CPU time (on all processors): 00:00:31


